[0.043s] Invoking command in '/home/bwuk/turtlebot3_ws/build/hls_lfcd_lds_driver': CMAKE_PREFIX_PATH=${CMAKE_PREFIX_PATH}:/home/bwuk/turtlebot3_ws/install/turtlebot3_teleop:/home/bwuk/turtlebot3_ws/install/turtlebot3_example:/opt/ros/foxy /usr/bin/cmake --build /home/bwuk/turtlebot3_ws/build/hls_lfcd_lds_driver -- -j8 -l8
[0.363s] [100%] Built target hlds_laser_publisher
[0.367s] Invoked command in '/home/bwuk/turtlebot3_ws/build/hls_lfcd_lds_driver' returned '0': CMAKE_PREFIX_PATH=${CMAKE_PREFIX_PATH}:/home/bwuk/turtlebot3_ws/install/turtlebot3_teleop:/home/bwuk/turtlebot3_ws/install/turtlebot3_example:/opt/ros/foxy /usr/bin/cmake --build /home/bwuk/turtlebot3_ws/build/hls_lfcd_lds_driver -- -j8 -l8
[0.413s] Invoking command in '/home/bwuk/turtlebot3_ws/build/hls_lfcd_lds_driver': CMAKE_PREFIX_PATH=${CMAKE_PREFIX_PATH}:/home/bwuk/turtlebot3_ws/install/turtlebot3_teleop:/home/bwuk/turtlebot3_ws/install/turtlebot3_example:/opt/ros/foxy /usr/bin/cmake --install /home/bwuk/turtlebot3_ws/build/hls_lfcd_lds_driver
[0.425s] -- Install configuration: ""
[0.425s] -- Up-to-date: /home/bwuk/turtlebot3_ws/install/hls_lfcd_lds_driver/share/hls_lfcd_lds_driver/launch
[0.426s] -- Up-to-date: /home/bwuk/turtlebot3_ws/install/hls_lfcd_lds_driver/share/hls_lfcd_lds_driver/launch/view_hlds_laser.launch.py
[0.426s] -- Up-to-date: /home/bwuk/turtlebot3_ws/install/hls_lfcd_lds_driver/share/hls_lfcd_lds_driver/launch/hlds_laser.launch.py
[0.426s] -- Up-to-date: /home/bwuk/turtlebot3_ws/install/hls_lfcd_lds_driver/share/hls_lfcd_lds_driver/rviz
[0.426s] -- Up-to-date: /home/bwuk/turtlebot3_ws/install/hls_lfcd_lds_driver/share/hls_lfcd_lds_driver/rviz/hlds_laser.rviz
[0.427s] -- Up-to-date: /home/bwuk/turtlebot3_ws/install/hls_lfcd_lds_driver/lib/hls_lfcd_lds_driver/hlds_laser_publisher
[0.427s] -- Up-to-date: /home/bwuk/turtlebot3_ws/install/hls_lfcd_lds_driver/share/ament_index/resource_index/package_run_dependencies/hls_lfcd_lds_driver
[0.427s] -- Up-to-date: /home/bwuk/turtlebot3_ws/install/hls_lfcd_lds_driver/share/ament_index/resource_index/parent_prefix_path/hls_lfcd_lds_driver
[0.428s] -- Up-to-date: /home/bwuk/turtlebot3_ws/install/hls_lfcd_lds_driver/share/hls_lfcd_lds_driver/environment/ament_prefix_path.sh
[0.428s] -- Up-to-date: /home/bwuk/turtlebot3_ws/install/hls_lfcd_lds_driver/share/hls_lfcd_lds_driver/environment/ament_prefix_path.dsv
[0.428s] -- Up-to-date: /home/bwuk/turtlebot3_ws/install/hls_lfcd_lds_driver/share/hls_lfcd_lds_driver/environment/path.sh
[0.428s] -- Up-to-date: /home/bwuk/turtlebot3_ws/install/hls_lfcd_lds_driver/share/hls_lfcd_lds_driver/environment/path.dsv
[0.428s] -- Up-to-date: /home/bwuk/turtlebot3_ws/install/hls_lfcd_lds_driver/share/hls_lfcd_lds_driver/local_setup.bash
[0.428s] -- Up-to-date: /home/bwuk/turtlebot3_ws/install/hls_lfcd_lds_driver/share/hls_lfcd_lds_driver/local_setup.sh
[0.428s] -- Up-to-date: /home/bwuk/turtlebot3_ws/install/hls_lfcd_lds_driver/share/hls_lfcd_lds_driver/local_setup.zsh
[0.429s] -- Up-to-date: /home/bwuk/turtlebot3_ws/install/hls_lfcd_lds_driver/share/hls_lfcd_lds_driver/local_setup.dsv
[0.429s] -- Installing: /home/bwuk/turtlebot3_ws/install/hls_lfcd_lds_driver/share/hls_lfcd_lds_driver/package.dsv
[0.429s] -- Up-to-date: /home/bwuk/turtlebot3_ws/install/hls_lfcd_lds_driver/share/ament_index/resource_index/packages/hls_lfcd_lds_driver
[0.429s] -- Up-to-date: /home/bwuk/turtlebot3_ws/install/hls_lfcd_lds_driver/share/hls_lfcd_lds_driver/cmake/ament_cmake_export_dependencies-extras.cmake
[0.429s] -- Up-to-date: /home/bwuk/turtlebot3_ws/install/hls_lfcd_lds_driver/share/hls_lfcd_lds_driver/cmake/ament_cmake_export_include_directories-extras.cmake
[0.430s] -- Up-to-date: /home/bwuk/turtlebot3_ws/install/hls_lfcd_lds_driver/share/hls_lfcd_lds_driver/cmake/hls_lfcd_lds_driverConfig.cmake
[0.431s] -- Up-to-date: /home/bwuk/turtlebot3_ws/install/hls_lfcd_lds_driver/share/hls_lfcd_lds_driver/cmake/hls_lfcd_lds_driverConfig-version.cmake
[0.431s] -- Up-to-date: /home/bwuk/turtlebot3_ws/install/hls_lfcd_lds_driver/share/hls_lfcd_lds_driver/package.xml
[0.437s] Invoked command in '/home/bwuk/turtlebot3_ws/build/hls_lfcd_lds_driver' returned '0': CMAKE_PREFIX_PATH=${CMAKE_PREFIX_PATH}:/home/bwuk/turtlebot3_ws/install/turtlebot3_teleop:/home/bwuk/turtlebot3_ws/install/turtlebot3_example:/opt/ros/foxy /usr/bin/cmake --install /home/bwuk/turtlebot3_ws/build/hls_lfcd_lds_driver
