[0.011s] Invoking command in '/home/bwuk/turtlebot3_ws/src/build/turtlebot3_bringup': AMENT_PREFIX_PATH=/home/bwuk/turtlebot3_ws/src/install/turtlebot3_node:/home/bwuk/turtlebot3_ws/src/install/turtlebot3_msgs:/home/bwuk/turtlebot3_ws/src/install/turtlebot3_description:${AMENT_PREFIX_PATH} CMAKE_PREFIX_PATH=/home/bwuk/turtlebot3_ws/src/install/turtlebot3_node:/home/bwuk/turtlebot3_ws/src/install/turtlebot3_msgs:/home/bwuk/turtlebot3_ws/src/install/turtlebot3_description:/opt/ros/foxy LD_LIBRARY_PATH=/home/bwuk/turtlebot3_ws/src/install/turtlebot3_msgs/lib:${LD_LIBRARY_PATH} PYTHONPATH=/home/bwuk/turtlebot3_ws/src/install/turtlebot3_msgs/lib/python3.8/site-packages:${PYTHONPATH} /usr/bin/cmake /home/bwuk/turtlebot3_ws/src/turtlebot3/turtlebot3_bringup -DAMENT_CMAKE_SYMLINK_INSTALL=1 -DCMAKE_INSTALL_PREFIX=/home/bwuk/turtlebot3_ws/src/install/turtlebot3_bringup
[0.066s] -- The C compiler identification is GNU 9.3.0
[0.121s] -- The CXX compiler identification is GNU 9.3.0
[0.127s] -- Check for working C compiler: /usr/bin/cc
[0.194s] -- Check for working C compiler: /usr/bin/cc -- works
[0.195s] -- Detecting C compiler ABI info
[0.262s] -- Detecting C compiler ABI info - done
[0.275s] -- Detecting C compile features
[0.275s] -- Detecting C compile features - done
[0.277s] -- Check for working CXX compiler: /usr/bin/c++
[0.356s] -- Check for working CXX compiler: /usr/bin/c++ -- works
[0.357s] -- Detecting CXX compiler ABI info
[0.435s] -- Detecting CXX compiler ABI info - done
[0.447s] -- Detecting CXX compile features
[0.448s] -- Detecting CXX compile features - done
[0.450s] -- Found ament_cmake: 0.9.8 (/opt/ros/foxy/share/ament_cmake/cmake)
[0.475s] -- Found PythonInterp: /usr/bin/python3 (found suitable version "3.8.5", minimum required is "3") 
[0.475s] -- Using PYTHON_EXECUTABLE: /usr/bin/python3
[0.641s] -- Override CMake install command with custom implementation using symlinks instead of copying resources
[0.726s] -- Configuring done
[0.727s] -- Generating done
[0.728s] -- Build files have been written to: /home/bwuk/turtlebot3_ws/src/build/turtlebot3_bringup
[0.732s] Invoked command in '/home/bwuk/turtlebot3_ws/src/build/turtlebot3_bringup' returned '0': AMENT_PREFIX_PATH=/home/bwuk/turtlebot3_ws/src/install/turtlebot3_node:/home/bwuk/turtlebot3_ws/src/install/turtlebot3_msgs:/home/bwuk/turtlebot3_ws/src/install/turtlebot3_description:${AMENT_PREFIX_PATH} CMAKE_PREFIX_PATH=/home/bwuk/turtlebot3_ws/src/install/turtlebot3_node:/home/bwuk/turtlebot3_ws/src/install/turtlebot3_msgs:/home/bwuk/turtlebot3_ws/src/install/turtlebot3_description:/opt/ros/foxy LD_LIBRARY_PATH=/home/bwuk/turtlebot3_ws/src/install/turtlebot3_msgs/lib:${LD_LIBRARY_PATH} PYTHONPATH=/home/bwuk/turtlebot3_ws/src/install/turtlebot3_msgs/lib/python3.8/site-packages:${PYTHONPATH} /usr/bin/cmake /home/bwuk/turtlebot3_ws/src/turtlebot3/turtlebot3_bringup -DAMENT_CMAKE_SYMLINK_INSTALL=1 -DCMAKE_INSTALL_PREFIX=/home/bwuk/turtlebot3_ws/src/install/turtlebot3_bringup
[0.734s] Invoking command in '/home/bwuk/turtlebot3_ws/src/build/turtlebot3_bringup': AMENT_PREFIX_PATH=/home/bwuk/turtlebot3_ws/src/install/turtlebot3_node:/home/bwuk/turtlebot3_ws/src/install/turtlebot3_msgs:/home/bwuk/turtlebot3_ws/src/install/turtlebot3_description:${AMENT_PREFIX_PATH} CMAKE_PREFIX_PATH=/home/bwuk/turtlebot3_ws/src/install/turtlebot3_node:/home/bwuk/turtlebot3_ws/src/install/turtlebot3_msgs:/home/bwuk/turtlebot3_ws/src/install/turtlebot3_description:/opt/ros/foxy LD_LIBRARY_PATH=/home/bwuk/turtlebot3_ws/src/install/turtlebot3_msgs/lib:${LD_LIBRARY_PATH} PYTHONPATH=/home/bwuk/turtlebot3_ws/src/install/turtlebot3_msgs/lib/python3.8/site-packages:${PYTHONPATH} /usr/bin/cmake --build /home/bwuk/turtlebot3_ws/src/build/turtlebot3_bringup -- -j8 -l8
[0.772s] Invoked command in '/home/bwuk/turtlebot3_ws/src/build/turtlebot3_bringup' returned '0': AMENT_PREFIX_PATH=/home/bwuk/turtlebot3_ws/src/install/turtlebot3_node:/home/bwuk/turtlebot3_ws/src/install/turtlebot3_msgs:/home/bwuk/turtlebot3_ws/src/install/turtlebot3_description:${AMENT_PREFIX_PATH} CMAKE_PREFIX_PATH=/home/bwuk/turtlebot3_ws/src/install/turtlebot3_node:/home/bwuk/turtlebot3_ws/src/install/turtlebot3_msgs:/home/bwuk/turtlebot3_ws/src/install/turtlebot3_description:/opt/ros/foxy LD_LIBRARY_PATH=/home/bwuk/turtlebot3_ws/src/install/turtlebot3_msgs/lib:${LD_LIBRARY_PATH} PYTHONPATH=/home/bwuk/turtlebot3_ws/src/install/turtlebot3_msgs/lib/python3.8/site-packages:${PYTHONPATH} /usr/bin/cmake --build /home/bwuk/turtlebot3_ws/src/build/turtlebot3_bringup -- -j8 -l8
[0.794s] Invoking command in '/home/bwuk/turtlebot3_ws/src/build/turtlebot3_bringup': AMENT_PREFIX_PATH=/home/bwuk/turtlebot3_ws/src/install/turtlebot3_node:/home/bwuk/turtlebot3_ws/src/install/turtlebot3_msgs:/home/bwuk/turtlebot3_ws/src/install/turtlebot3_description:${AMENT_PREFIX_PATH} CMAKE_PREFIX_PATH=/home/bwuk/turtlebot3_ws/src/install/turtlebot3_node:/home/bwuk/turtlebot3_ws/src/install/turtlebot3_msgs:/home/bwuk/turtlebot3_ws/src/install/turtlebot3_description:/opt/ros/foxy LD_LIBRARY_PATH=/home/bwuk/turtlebot3_ws/src/install/turtlebot3_msgs/lib:${LD_LIBRARY_PATH} PYTHONPATH=/home/bwuk/turtlebot3_ws/src/install/turtlebot3_msgs/lib/python3.8/site-packages:${PYTHONPATH} /usr/bin/cmake --install /home/bwuk/turtlebot3_ws/src/build/turtlebot3_bringup
[0.805s] -- Install configuration: ""
[0.805s] -- Execute custom install script
[0.806s] -- Symlinking: /home/bwuk/turtlebot3_ws/src/install/turtlebot3_bringup/share/turtlebot3_bringup/launch/robot.launch.py
[0.815s] -- Symlinking: /home/bwuk/turtlebot3_ws/src/install/turtlebot3_bringup/share/turtlebot3_bringup/launch/rviz2.launch.py
[0.825s] -- Symlinking: /home/bwuk/turtlebot3_ws/src/install/turtlebot3_bringup/share/turtlebot3_bringup/launch/turtlebot3_state_publisher.launch.py
[0.834s] -- Symlinking: /home/bwuk/turtlebot3_ws/src/install/turtlebot3_bringup/share/turtlebot3_bringup/param/burger.yaml
[0.844s] -- Symlinking: /home/bwuk/turtlebot3_ws/src/install/turtlebot3_bringup/share/turtlebot3_bringup/param/waffle.yaml
[0.853s] -- Symlinking: /home/bwuk/turtlebot3_ws/src/install/turtlebot3_bringup/share/turtlebot3_bringup/param/waffle_pi.yaml
[0.862s] -- Symlinking: /home/bwuk/turtlebot3_ws/src/install/turtlebot3_bringup/share/ament_index/resource_index/package_run_dependencies/turtlebot3_bringup
[0.871s] -- Symlinking: /home/bwuk/turtlebot3_ws/src/install/turtlebot3_bringup/share/ament_index/resource_index/parent_prefix_path/turtlebot3_bringup
[0.881s] -- Symlinking: /home/bwuk/turtlebot3_ws/src/install/turtlebot3_bringup/share/turtlebot3_bringup/environment/ament_prefix_path.sh
[0.890s] -- Symlinking: /home/bwuk/turtlebot3_ws/src/install/turtlebot3_bringup/share/turtlebot3_bringup/environment/ament_prefix_path.dsv
[0.899s] -- Symlinking: /home/bwuk/turtlebot3_ws/src/install/turtlebot3_bringup/share/turtlebot3_bringup/environment/path.sh
[0.908s] -- Symlinking: /home/bwuk/turtlebot3_ws/src/install/turtlebot3_bringup/share/turtlebot3_bringup/environment/path.dsv
[0.918s] -- Symlinking: /home/bwuk/turtlebot3_ws/src/install/turtlebot3_bringup/share/turtlebot3_bringup/local_setup.bash
[0.927s] -- Symlinking: /home/bwuk/turtlebot3_ws/src/install/turtlebot3_bringup/share/turtlebot3_bringup/local_setup.sh
[0.937s] -- Symlinking: /home/bwuk/turtlebot3_ws/src/install/turtlebot3_bringup/share/turtlebot3_bringup/local_setup.zsh
[0.946s] -- Symlinking: /home/bwuk/turtlebot3_ws/src/install/turtlebot3_bringup/share/turtlebot3_bringup/local_setup.dsv
[0.955s] -- Symlinking: /home/bwuk/turtlebot3_ws/src/install/turtlebot3_bringup/share/turtlebot3_bringup/package.dsv
[0.965s] -- Symlinking: /home/bwuk/turtlebot3_ws/src/install/turtlebot3_bringup/share/ament_index/resource_index/packages/turtlebot3_bringup
[0.974s] -- Symlinking: /home/bwuk/turtlebot3_ws/src/install/turtlebot3_bringup/share/turtlebot3_bringup/cmake/turtlebot3_bringupConfig.cmake
[0.983s] -- Symlinking: /home/bwuk/turtlebot3_ws/src/install/turtlebot3_bringup/share/turtlebot3_bringup/cmake/turtlebot3_bringupConfig-version.cmake
[0.992s] -- Symlinking: /home/bwuk/turtlebot3_ws/src/install/turtlebot3_bringup/share/turtlebot3_bringup/package.xml
[1.005s] Invoked command in '/home/bwuk/turtlebot3_ws/src/build/turtlebot3_bringup' returned '0': AMENT_PREFIX_PATH=/home/bwuk/turtlebot3_ws/src/install/turtlebot3_node:/home/bwuk/turtlebot3_ws/src/install/turtlebot3_msgs:/home/bwuk/turtlebot3_ws/src/install/turtlebot3_description:${AMENT_PREFIX_PATH} CMAKE_PREFIX_PATH=/home/bwuk/turtlebot3_ws/src/install/turtlebot3_node:/home/bwuk/turtlebot3_ws/src/install/turtlebot3_msgs:/home/bwuk/turtlebot3_ws/src/install/turtlebot3_description:/opt/ros/foxy LD_LIBRARY_PATH=/home/bwuk/turtlebot3_ws/src/install/turtlebot3_msgs/lib:${LD_LIBRARY_PATH} PYTHONPATH=/home/bwuk/turtlebot3_ws/src/install/turtlebot3_msgs/lib/python3.8/site-packages:${PYTHONPATH} /usr/bin/cmake --install /home/bwuk/turtlebot3_ws/src/build/turtlebot3_bringup
