[0.033s] Invoking command in '/home/bwuk/turtlebot3_ws/build/turtlebot3_description': CMAKE_PREFIX_PATH=/opt/ros/foxy /usr/bin/cmake /home/bwuk/turtlebot3_ws/src/turtlebot3/turtlebot3_description -DAMENT_CMAKE_SYMLINK_INSTALL=1 -DCMAKE_INSTALL_PREFIX=/home/bwuk/turtlebot3_ws/install/turtlebot3_description
[0.380s] -- The C compiler identification is GNU 9.3.0
[0.380s] -- The CXX compiler identification is GNU 9.3.0
[0.380s] -- Check for working C compiler: /usr/bin/cc
[0.380s] -- Check for working C compiler: /usr/bin/cc -- works
[0.381s] -- Detecting C compiler ABI info
[0.381s] -- Detecting C compiler ABI info - done
[0.397s] -- Detecting C compile features
[0.398s] -- Detecting C compile features - done
[0.401s] -- Check for working CXX compiler: /usr/bin/c++
[0.494s] -- Check for working CXX compiler: /usr/bin/c++ -- works
[0.496s] -- Detecting CXX compiler ABI info
[0.598s] -- Detecting CXX compiler ABI info - done
[0.616s] -- Detecting CXX compile features
[0.617s] -- Detecting CXX compile features - done
[0.620s] -- Found ament_cmake: 0.9.8 (/opt/ros/foxy/share/ament_cmake/cmake)
[0.651s] -- Found PythonInterp: /usr/bin/python3 (found suitable version "3.8.5", minimum required is "3") 
[0.652s] -- Using PYTHON_EXECUTABLE: /usr/bin/python3
[0.849s] -- Override CMake install command with custom implementation using symlinks instead of copying resources
[0.888s] -- Found urdf: 2.4.0 (/opt/ros/foxy/share/urdf/cmake)
[1.036s] -- Configuring done
[1.038s] -- Generating done
[1.039s] -- Build files have been written to: /home/bwuk/turtlebot3_ws/build/turtlebot3_description
[1.057s] Invoked command in '/home/bwuk/turtlebot3_ws/build/turtlebot3_description' returned '0': CMAKE_PREFIX_PATH=/opt/ros/foxy /usr/bin/cmake /home/bwuk/turtlebot3_ws/src/turtlebot3/turtlebot3_description -DAMENT_CMAKE_SYMLINK_INSTALL=1 -DCMAKE_INSTALL_PREFIX=/home/bwuk/turtlebot3_ws/install/turtlebot3_description
[1.061s] Invoking command in '/home/bwuk/turtlebot3_ws/build/turtlebot3_description': CMAKE_PREFIX_PATH=/opt/ros/foxy /usr/bin/cmake --build /home/bwuk/turtlebot3_ws/build/turtlebot3_description -- -j8 -l8
[1.110s] Invoked command in '/home/bwuk/turtlebot3_ws/build/turtlebot3_description' returned '0': CMAKE_PREFIX_PATH=/opt/ros/foxy /usr/bin/cmake --build /home/bwuk/turtlebot3_ws/build/turtlebot3_description -- -j8 -l8
[1.138s] Invoking command in '/home/bwuk/turtlebot3_ws/build/turtlebot3_description': CMAKE_PREFIX_PATH=/opt/ros/foxy /usr/bin/cmake --install /home/bwuk/turtlebot3_ws/build/turtlebot3_description
[1.148s] -- Install configuration: ""
[1.148s] -- Execute custom install script
[1.149s] -- Symlinking: /home/bwuk/turtlebot3_ws/install/turtlebot3_description/share/turtlebot3_description/meshes/bases/burger_base.stl
[1.159s] -- Symlinking: /home/bwuk/turtlebot3_ws/install/turtlebot3_description/share/turtlebot3_description/meshes/bases/waffle_base.stl
[1.171s] -- Symlinking: /home/bwuk/turtlebot3_ws/install/turtlebot3_description/share/turtlebot3_description/meshes/bases/waffle_pi_base.stl
[1.183s] -- Symlinking: /home/bwuk/turtlebot3_ws/install/turtlebot3_description/share/turtlebot3_description/meshes/sensors/astra.dae
[1.193s] -- Symlinking: /home/bwuk/turtlebot3_ws/install/turtlebot3_description/share/turtlebot3_description/meshes/sensors/astra.jpg
[1.206s] -- Symlinking: /home/bwuk/turtlebot3_ws/install/turtlebot3_description/share/turtlebot3_description/meshes/sensors/lds.stl
[1.216s] -- Symlinking: /home/bwuk/turtlebot3_ws/install/turtlebot3_description/share/turtlebot3_description/meshes/sensors/r200.dae
[1.227s] -- Symlinking: /home/bwuk/turtlebot3_ws/install/turtlebot3_description/share/turtlebot3_description/meshes/sensors/r200.jpg
[1.237s] -- Symlinking: /home/bwuk/turtlebot3_ws/install/turtlebot3_description/share/turtlebot3_description/meshes/wheels/left_tire.stl
[1.247s] -- Symlinking: /home/bwuk/turtlebot3_ws/install/turtlebot3_description/share/turtlebot3_description/meshes/wheels/right_tire.stl
[1.257s] -- Symlinking: /home/bwuk/turtlebot3_ws/install/turtlebot3_description/share/turtlebot3_description/rviz/model.rviz
[1.268s] -- Symlinking: /home/bwuk/turtlebot3_ws/install/turtlebot3_description/share/turtlebot3_description/urdf/common_properties.urdf
[1.277s] -- Symlinking: /home/bwuk/turtlebot3_ws/install/turtlebot3_description/share/turtlebot3_description/urdf/turtlebot3_burger.urdf
[1.287s] -- Symlinking: /home/bwuk/turtlebot3_ws/install/turtlebot3_description/share/turtlebot3_description/urdf/turtlebot3_waffle.urdf
[1.297s] -- Symlinking: /home/bwuk/turtlebot3_ws/install/turtlebot3_description/share/turtlebot3_description/urdf/turtlebot3_waffle_pi.urdf
[1.307s] -- Symlinking: /home/bwuk/turtlebot3_ws/install/turtlebot3_description/share/ament_index/resource_index/package_run_dependencies/turtlebot3_description
[1.316s] -- Symlinking: /home/bwuk/turtlebot3_ws/install/turtlebot3_description/share/ament_index/resource_index/parent_prefix_path/turtlebot3_description
[1.326s] -- Symlinking: /home/bwuk/turtlebot3_ws/install/turtlebot3_description/share/turtlebot3_description/environment/ament_prefix_path.sh
[1.339s] -- Symlinking: /home/bwuk/turtlebot3_ws/install/turtlebot3_description/share/turtlebot3_description/environment/ament_prefix_path.dsv
[1.350s] -- Symlinking: /home/bwuk/turtlebot3_ws/install/turtlebot3_description/share/turtlebot3_description/environment/path.sh
[1.360s] -- Symlinking: /home/bwuk/turtlebot3_ws/install/turtlebot3_description/share/turtlebot3_description/environment/path.dsv
[1.370s] -- Symlinking: /home/bwuk/turtlebot3_ws/install/turtlebot3_description/share/turtlebot3_description/local_setup.bash
[1.380s] -- Symlinking: /home/bwuk/turtlebot3_ws/install/turtlebot3_description/share/turtlebot3_description/local_setup.sh
[1.391s] -- Symlinking: /home/bwuk/turtlebot3_ws/install/turtlebot3_description/share/turtlebot3_description/local_setup.zsh
[1.400s] -- Symlinking: /home/bwuk/turtlebot3_ws/install/turtlebot3_description/share/turtlebot3_description/local_setup.dsv
[1.412s] -- Symlinking: /home/bwuk/turtlebot3_ws/install/turtlebot3_description/share/turtlebot3_description/package.dsv
[1.423s] -- Symlinking: /home/bwuk/turtlebot3_ws/install/turtlebot3_description/share/ament_index/resource_index/packages/turtlebot3_description
[1.436s] -- Symlinking: /home/bwuk/turtlebot3_ws/install/turtlebot3_description/share/turtlebot3_description/cmake/turtlebot3_descriptionConfig.cmake
[1.444s] -- Symlinking: /home/bwuk/turtlebot3_ws/install/turtlebot3_description/share/turtlebot3_description/cmake/turtlebot3_descriptionConfig-version.cmake
[1.454s] -- Symlinking: /home/bwuk/turtlebot3_ws/install/turtlebot3_description/share/turtlebot3_description/package.xml
[1.468s] Invoked command in '/home/bwuk/turtlebot3_ws/build/turtlebot3_description' returned '0': CMAKE_PREFIX_PATH=/opt/ros/foxy /usr/bin/cmake --install /home/bwuk/turtlebot3_ws/build/turtlebot3_description
