[0.011s] Invoking command in '/home/bwuk/turtlebot3_ws/build/turtlebot3_bringup': AMENT_PREFIX_PATH=/home/bwuk/turtlebot3_ws/install/turtlebot3_node:/home/bwuk/turtlebot3_ws/install/turtlebot3_msgs:/home/bwuk/turtlebot3_ws/install/turtlebot3_description:${AMENT_PREFIX_PATH} CMAKE_PREFIX_PATH=/home/bwuk/turtlebot3_ws/install/turtlebot3_node:/home/bwuk/turtlebot3_ws/install/turtlebot3_msgs:/home/bwuk/turtlebot3_ws/install/turtlebot3_description:/opt/ros/foxy LD_LIBRARY_PATH=/home/bwuk/turtlebot3_ws/install/turtlebot3_msgs/lib:${LD_LIBRARY_PATH} PYTHONPATH=/home/bwuk/turtlebot3_ws/install/turtlebot3_msgs/lib/python3.8/site-packages:${PYTHONPATH} /usr/bin/cmake /home/bwuk/turtlebot3_ws/src/turtlebot3/turtlebot3_bringup -DAMENT_CMAKE_SYMLINK_INSTALL=1 -DCMAKE_INSTALL_PREFIX=/home/bwuk/turtlebot3_ws/install/turtlebot3_bringup
[0.066s] -- The C compiler identification is GNU 9.3.0
[0.120s] -- The CXX compiler identification is GNU 9.3.0
[0.124s] -- Check for working C compiler: /usr/bin/cc
[0.192s] -- Check for working C compiler: /usr/bin/cc -- works
[0.193s] -- Detecting C compiler ABI info
[0.261s] -- Detecting C compiler ABI info - done
[0.273s] -- Detecting C compile features
[0.273s] -- Detecting C compile features - done
[0.276s] -- Check for working CXX compiler: /usr/bin/c++
[0.353s] -- Check for working CXX compiler: /usr/bin/c++ -- works
[0.354s] -- Detecting CXX compiler ABI info
[0.432s] -- Detecting CXX compiler ABI info - done
[0.444s] -- Detecting CXX compile features
[0.445s] -- Detecting CXX compile features - done
[0.447s] -- Found ament_cmake: 0.9.8 (/opt/ros/foxy/share/ament_cmake/cmake)
[0.472s] -- Found PythonInterp: /usr/bin/python3 (found suitable version "3.8.5", minimum required is "3") 
[0.472s] -- Using PYTHON_EXECUTABLE: /usr/bin/python3
[0.638s] -- Override CMake install command with custom implementation using symlinks instead of copying resources
[0.722s] -- Configuring done
[0.724s] -- Generating done
[0.725s] -- Build files have been written to: /home/bwuk/turtlebot3_ws/build/turtlebot3_bringup
[0.728s] Invoked command in '/home/bwuk/turtlebot3_ws/build/turtlebot3_bringup' returned '0': AMENT_PREFIX_PATH=/home/bwuk/turtlebot3_ws/install/turtlebot3_node:/home/bwuk/turtlebot3_ws/install/turtlebot3_msgs:/home/bwuk/turtlebot3_ws/install/turtlebot3_description:${AMENT_PREFIX_PATH} CMAKE_PREFIX_PATH=/home/bwuk/turtlebot3_ws/install/turtlebot3_node:/home/bwuk/turtlebot3_ws/install/turtlebot3_msgs:/home/bwuk/turtlebot3_ws/install/turtlebot3_description:/opt/ros/foxy LD_LIBRARY_PATH=/home/bwuk/turtlebot3_ws/install/turtlebot3_msgs/lib:${LD_LIBRARY_PATH} PYTHONPATH=/home/bwuk/turtlebot3_ws/install/turtlebot3_msgs/lib/python3.8/site-packages:${PYTHONPATH} /usr/bin/cmake /home/bwuk/turtlebot3_ws/src/turtlebot3/turtlebot3_bringup -DAMENT_CMAKE_SYMLINK_INSTALL=1 -DCMAKE_INSTALL_PREFIX=/home/bwuk/turtlebot3_ws/install/turtlebot3_bringup
[0.730s] Invoking command in '/home/bwuk/turtlebot3_ws/build/turtlebot3_bringup': AMENT_PREFIX_PATH=/home/bwuk/turtlebot3_ws/install/turtlebot3_node:/home/bwuk/turtlebot3_ws/install/turtlebot3_msgs:/home/bwuk/turtlebot3_ws/install/turtlebot3_description:${AMENT_PREFIX_PATH} CMAKE_PREFIX_PATH=/home/bwuk/turtlebot3_ws/install/turtlebot3_node:/home/bwuk/turtlebot3_ws/install/turtlebot3_msgs:/home/bwuk/turtlebot3_ws/install/turtlebot3_description:/opt/ros/foxy LD_LIBRARY_PATH=/home/bwuk/turtlebot3_ws/install/turtlebot3_msgs/lib:${LD_LIBRARY_PATH} PYTHONPATH=/home/bwuk/turtlebot3_ws/install/turtlebot3_msgs/lib/python3.8/site-packages:${PYTHONPATH} /usr/bin/cmake --build /home/bwuk/turtlebot3_ws/build/turtlebot3_bringup -- -j8 -l8
[0.769s] Invoked command in '/home/bwuk/turtlebot3_ws/build/turtlebot3_bringup' returned '0': AMENT_PREFIX_PATH=/home/bwuk/turtlebot3_ws/install/turtlebot3_node:/home/bwuk/turtlebot3_ws/install/turtlebot3_msgs:/home/bwuk/turtlebot3_ws/install/turtlebot3_description:${AMENT_PREFIX_PATH} CMAKE_PREFIX_PATH=/home/bwuk/turtlebot3_ws/install/turtlebot3_node:/home/bwuk/turtlebot3_ws/install/turtlebot3_msgs:/home/bwuk/turtlebot3_ws/install/turtlebot3_description:/opt/ros/foxy LD_LIBRARY_PATH=/home/bwuk/turtlebot3_ws/install/turtlebot3_msgs/lib:${LD_LIBRARY_PATH} PYTHONPATH=/home/bwuk/turtlebot3_ws/install/turtlebot3_msgs/lib/python3.8/site-packages:${PYTHONPATH} /usr/bin/cmake --build /home/bwuk/turtlebot3_ws/build/turtlebot3_bringup -- -j8 -l8
[0.792s] Invoking command in '/home/bwuk/turtlebot3_ws/build/turtlebot3_bringup': AMENT_PREFIX_PATH=/home/bwuk/turtlebot3_ws/install/turtlebot3_node:/home/bwuk/turtlebot3_ws/install/turtlebot3_msgs:/home/bwuk/turtlebot3_ws/install/turtlebot3_description:${AMENT_PREFIX_PATH} CMAKE_PREFIX_PATH=/home/bwuk/turtlebot3_ws/install/turtlebot3_node:/home/bwuk/turtlebot3_ws/install/turtlebot3_msgs:/home/bwuk/turtlebot3_ws/install/turtlebot3_description:/opt/ros/foxy LD_LIBRARY_PATH=/home/bwuk/turtlebot3_ws/install/turtlebot3_msgs/lib:${LD_LIBRARY_PATH} PYTHONPATH=/home/bwuk/turtlebot3_ws/install/turtlebot3_msgs/lib/python3.8/site-packages:${PYTHONPATH} /usr/bin/cmake --install /home/bwuk/turtlebot3_ws/build/turtlebot3_bringup
[0.801s] -- Install configuration: ""
[0.801s] -- Execute custom install script
[0.802s] -- Symlinking: /home/bwuk/turtlebot3_ws/install/turtlebot3_bringup/share/turtlebot3_bringup/launch/robot.launch.py
[0.812s] -- Symlinking: /home/bwuk/turtlebot3_ws/install/turtlebot3_bringup/share/turtlebot3_bringup/launch/rviz2.launch.py
[0.821s] -- Symlinking: /home/bwuk/turtlebot3_ws/install/turtlebot3_bringup/share/turtlebot3_bringup/launch/turtlebot3_state_publisher.launch.py
[0.831s] -- Symlinking: /home/bwuk/turtlebot3_ws/install/turtlebot3_bringup/share/turtlebot3_bringup/param/burger.yaml
[0.840s] -- Symlinking: /home/bwuk/turtlebot3_ws/install/turtlebot3_bringup/share/turtlebot3_bringup/param/waffle.yaml
[0.850s] -- Symlinking: /home/bwuk/turtlebot3_ws/install/turtlebot3_bringup/share/turtlebot3_bringup/param/waffle_pi.yaml
[0.860s] -- Symlinking: /home/bwuk/turtlebot3_ws/install/turtlebot3_bringup/share/ament_index/resource_index/package_run_dependencies/turtlebot3_bringup
[0.870s] -- Symlinking: /home/bwuk/turtlebot3_ws/install/turtlebot3_bringup/share/ament_index/resource_index/parent_prefix_path/turtlebot3_bringup
[0.879s] -- Symlinking: /home/bwuk/turtlebot3_ws/install/turtlebot3_bringup/share/turtlebot3_bringup/environment/ament_prefix_path.sh
[0.889s] -- Symlinking: /home/bwuk/turtlebot3_ws/install/turtlebot3_bringup/share/turtlebot3_bringup/environment/ament_prefix_path.dsv
[0.899s] -- Symlinking: /home/bwuk/turtlebot3_ws/install/turtlebot3_bringup/share/turtlebot3_bringup/environment/path.sh
[0.908s] -- Symlinking: /home/bwuk/turtlebot3_ws/install/turtlebot3_bringup/share/turtlebot3_bringup/environment/path.dsv
[0.917s] -- Symlinking: /home/bwuk/turtlebot3_ws/install/turtlebot3_bringup/share/turtlebot3_bringup/local_setup.bash
[0.927s] -- Symlinking: /home/bwuk/turtlebot3_ws/install/turtlebot3_bringup/share/turtlebot3_bringup/local_setup.sh
[0.936s] -- Symlinking: /home/bwuk/turtlebot3_ws/install/turtlebot3_bringup/share/turtlebot3_bringup/local_setup.zsh
[0.946s] -- Symlinking: /home/bwuk/turtlebot3_ws/install/turtlebot3_bringup/share/turtlebot3_bringup/local_setup.dsv
[0.955s] -- Symlinking: /home/bwuk/turtlebot3_ws/install/turtlebot3_bringup/share/turtlebot3_bringup/package.dsv
[0.965s] -- Symlinking: /home/bwuk/turtlebot3_ws/install/turtlebot3_bringup/share/ament_index/resource_index/packages/turtlebot3_bringup
[0.975s] -- Symlinking: /home/bwuk/turtlebot3_ws/install/turtlebot3_bringup/share/turtlebot3_bringup/cmake/turtlebot3_bringupConfig.cmake
[0.984s] -- Symlinking: /home/bwuk/turtlebot3_ws/install/turtlebot3_bringup/share/turtlebot3_bringup/cmake/turtlebot3_bringupConfig-version.cmake
[0.994s] -- Symlinking: /home/bwuk/turtlebot3_ws/install/turtlebot3_bringup/share/turtlebot3_bringup/package.xml
[1.006s] Invoked command in '/home/bwuk/turtlebot3_ws/build/turtlebot3_bringup' returned '0': AMENT_PREFIX_PATH=/home/bwuk/turtlebot3_ws/install/turtlebot3_node:/home/bwuk/turtlebot3_ws/install/turtlebot3_msgs:/home/bwuk/turtlebot3_ws/install/turtlebot3_description:${AMENT_PREFIX_PATH} CMAKE_PREFIX_PATH=/home/bwuk/turtlebot3_ws/install/turtlebot3_node:/home/bwuk/turtlebot3_ws/install/turtlebot3_msgs:/home/bwuk/turtlebot3_ws/install/turtlebot3_description:/opt/ros/foxy LD_LIBRARY_PATH=/home/bwuk/turtlebot3_ws/install/turtlebot3_msgs/lib:${LD_LIBRARY_PATH} PYTHONPATH=/home/bwuk/turtlebot3_ws/install/turtlebot3_msgs/lib/python3.8/site-packages:${PYTHONPATH} /usr/bin/cmake --install /home/bwuk/turtlebot3_ws/build/turtlebot3_bringup
