[0.048s] Invoking command in '/home/bwuk/turtlebot3_ws/build/hls_lfcd_lds_driver': CMAKE_PREFIX_PATH=${CMAKE_PREFIX_PATH}:/home/bwuk/turtlebot3_ws/install/test1:/home/bwuk/turtlebot3_ws/install/turtlebot3_teleop:/home/bwuk/turtlebot3_ws/install/turtlebot3_example:/opt/ros/foxy /usr/bin/cmake /home/bwuk/turtlebot3_ws/src/utils/hls_lfcd_lds_driver -DAMENT_CMAKE_SYMLINK_INSTALL=1 -DCMAKE_INSTALL_PREFIX=/home/bwuk/turtlebot3_ws/install/hls_lfcd_lds_driver
[0.419s] -- Found ament_cmake: 0.9.8 (/opt/ros/foxy/share/ament_cmake/cmake)
[0.420s] -- Using PYTHON_EXECUTABLE: /usr/bin/python3
[0.479s] -- Override CMake install command with custom implementation using symlinks instead of copying resources
[0.494s] -- Found rclcpp: 2.3.0 (/opt/ros/foxy/share/rclcpp/cmake)
[0.564s] -- Using all available rosidl_typesupport_c: rosidl_typesupport_fastrtps_c;rosidl_typesupport_introspection_c
[0.570s] -- Found rosidl_adapter: 1.2.0 (/opt/ros/foxy/share/rosidl_adapter/cmake)
[0.787s] -- Using all available rosidl_typesupport_cpp: rosidl_typesupport_fastrtps_cpp;rosidl_typesupport_introspection_cpp
[0.902s] -- Found rmw_implementation_cmake: 1.0.2 (/opt/ros/foxy/share/rmw_implementation_cmake/cmake)
[0.906s] -- Using RMW implementation 'rmw_fastrtps_cpp' as default
[1.214s] -- Found sensor_msgs: 2.0.3 (/opt/ros/foxy/share/sensor_msgs/cmake)
[1.478s] -- Configuring done
[1.489s] -- Generating done
[1.491s] -- Build files have been written to: /home/bwuk/turtlebot3_ws/build/hls_lfcd_lds_driver
[1.499s] Invoked command in '/home/bwuk/turtlebot3_ws/build/hls_lfcd_lds_driver' returned '0': CMAKE_PREFIX_PATH=${CMAKE_PREFIX_PATH}:/home/bwuk/turtlebot3_ws/install/test1:/home/bwuk/turtlebot3_ws/install/turtlebot3_teleop:/home/bwuk/turtlebot3_ws/install/turtlebot3_example:/opt/ros/foxy /usr/bin/cmake /home/bwuk/turtlebot3_ws/src/utils/hls_lfcd_lds_driver -DAMENT_CMAKE_SYMLINK_INSTALL=1 -DCMAKE_INSTALL_PREFIX=/home/bwuk/turtlebot3_ws/install/hls_lfcd_lds_driver
[1.502s] Invoking command in '/home/bwuk/turtlebot3_ws/build/hls_lfcd_lds_driver': CMAKE_PREFIX_PATH=${CMAKE_PREFIX_PATH}:/home/bwuk/turtlebot3_ws/install/test1:/home/bwuk/turtlebot3_ws/install/turtlebot3_teleop:/home/bwuk/turtlebot3_ws/install/turtlebot3_example:/opt/ros/foxy /usr/bin/cmake --build /home/bwuk/turtlebot3_ws/build/hls_lfcd_lds_driver -- -j8 -l8
[1.578s] [ 50%] [32m[1mLinking CXX executable hlds_laser_publisher[0m
[1.829s] [100%] Built target hlds_laser_publisher
[1.843s] Invoked command in '/home/bwuk/turtlebot3_ws/build/hls_lfcd_lds_driver' returned '0': CMAKE_PREFIX_PATH=${CMAKE_PREFIX_PATH}:/home/bwuk/turtlebot3_ws/install/test1:/home/bwuk/turtlebot3_ws/install/turtlebot3_teleop:/home/bwuk/turtlebot3_ws/install/turtlebot3_example:/opt/ros/foxy /usr/bin/cmake --build /home/bwuk/turtlebot3_ws/build/hls_lfcd_lds_driver -- -j8 -l8
[1.875s] Invoking command in '/home/bwuk/turtlebot3_ws/build/hls_lfcd_lds_driver': CMAKE_PREFIX_PATH=${CMAKE_PREFIX_PATH}:/home/bwuk/turtlebot3_ws/install/test1:/home/bwuk/turtlebot3_ws/install/turtlebot3_teleop:/home/bwuk/turtlebot3_ws/install/turtlebot3_example:/opt/ros/foxy /usr/bin/cmake --install /home/bwuk/turtlebot3_ws/build/hls_lfcd_lds_driver
[1.884s] -- Install configuration: ""
[1.885s] -- Execute custom install script
[1.886s] -- Symlinking: /home/bwuk/turtlebot3_ws/install/hls_lfcd_lds_driver/share/hls_lfcd_lds_driver/launch/hlds_laser.launch.py
[1.897s] -- Symlinking: /home/bwuk/turtlebot3_ws/install/hls_lfcd_lds_driver/share/hls_lfcd_lds_driver/launch/view_hlds_laser.launch.py
[1.908s] -- Symlinking: /home/bwuk/turtlebot3_ws/install/hls_lfcd_lds_driver/share/hls_lfcd_lds_driver/rviz/hlds_laser.rviz
[1.919s] -- Symlinking: /home/bwuk/turtlebot3_ws/install/hls_lfcd_lds_driver/lib/hls_lfcd_lds_driver/hlds_laser_publisher
[1.931s] -- Symlinking: /home/bwuk/turtlebot3_ws/install/hls_lfcd_lds_driver/share/ament_index/resource_index/package_run_dependencies/hls_lfcd_lds_driver
[1.942s] -- Symlinking: /home/bwuk/turtlebot3_ws/install/hls_lfcd_lds_driver/share/ament_index/resource_index/parent_prefix_path/hls_lfcd_lds_driver
[1.954s] -- Symlinking: /home/bwuk/turtlebot3_ws/install/hls_lfcd_lds_driver/share/hls_lfcd_lds_driver/environment/ament_prefix_path.sh
[1.965s] -- Symlinking: /home/bwuk/turtlebot3_ws/install/hls_lfcd_lds_driver/share/hls_lfcd_lds_driver/environment/ament_prefix_path.dsv
[1.978s] -- Symlinking: /home/bwuk/turtlebot3_ws/install/hls_lfcd_lds_driver/share/hls_lfcd_lds_driver/environment/path.sh
[1.989s] -- Symlinking: /home/bwuk/turtlebot3_ws/install/hls_lfcd_lds_driver/share/hls_lfcd_lds_driver/environment/path.dsv
[2.000s] -- Symlinking: /home/bwuk/turtlebot3_ws/install/hls_lfcd_lds_driver/share/hls_lfcd_lds_driver/local_setup.bash
[2.012s] -- Symlinking: /home/bwuk/turtlebot3_ws/install/hls_lfcd_lds_driver/share/hls_lfcd_lds_driver/local_setup.sh
[2.024s] -- Symlinking: /home/bwuk/turtlebot3_ws/install/hls_lfcd_lds_driver/share/hls_lfcd_lds_driver/local_setup.zsh
[2.035s] -- Symlinking: /home/bwuk/turtlebot3_ws/install/hls_lfcd_lds_driver/share/hls_lfcd_lds_driver/local_setup.dsv
[2.048s] -- Symlinking: /home/bwuk/turtlebot3_ws/install/hls_lfcd_lds_driver/share/hls_lfcd_lds_driver/package.dsv
[2.059s] -- Symlinking: /home/bwuk/turtlebot3_ws/install/hls_lfcd_lds_driver/share/ament_index/resource_index/packages/hls_lfcd_lds_driver
[2.069s] -- Symlinking: /home/bwuk/turtlebot3_ws/install/hls_lfcd_lds_driver/share/hls_lfcd_lds_driver/cmake/ament_cmake_export_dependencies-extras.cmake
[2.080s] -- Symlinking: /home/bwuk/turtlebot3_ws/install/hls_lfcd_lds_driver/share/hls_lfcd_lds_driver/cmake/ament_cmake_export_include_directories-extras.cmake
[2.090s] -- Symlinking: /home/bwuk/turtlebot3_ws/install/hls_lfcd_lds_driver/share/hls_lfcd_lds_driver/cmake/hls_lfcd_lds_driverConfig.cmake
[2.100s] -- Symlinking: /home/bwuk/turtlebot3_ws/install/hls_lfcd_lds_driver/share/hls_lfcd_lds_driver/cmake/hls_lfcd_lds_driverConfig-version.cmake
[2.111s] -- Symlinking: /home/bwuk/turtlebot3_ws/install/hls_lfcd_lds_driver/share/hls_lfcd_lds_driver/package.xml
[2.126s] Invoked command in '/home/bwuk/turtlebot3_ws/build/hls_lfcd_lds_driver' returned '0': CMAKE_PREFIX_PATH=${CMAKE_PREFIX_PATH}:/home/bwuk/turtlebot3_ws/install/test1:/home/bwuk/turtlebot3_ws/install/turtlebot3_teleop:/home/bwuk/turtlebot3_ws/install/turtlebot3_example:/opt/ros/foxy /usr/bin/cmake --install /home/bwuk/turtlebot3_ws/build/hls_lfcd_lds_driver
