[0.015s] Invoking command in '/home/bwuk/turtlebot3_ws/src/build/turtlebot3': AMENT_PREFIX_PATH=/home/bwuk/turtlebot3_ws/src/install/turtlebot3_bringup:/home/bwuk/turtlebot3_ws/src/install/turtlebot3_node:/home/bwuk/turtlebot3_ws/src/install/turtlebot3_example:/home/bwuk/turtlebot3_ws/src/install/turtlebot3_teleop:/home/bwuk/turtlebot3_ws/src/install/turtlebot3_navigation2:/home/bwuk/turtlebot3_ws/src/install/turtlebot3_msgs:/home/bwuk/turtlebot3_ws/src/install/turtlebot3_description:/home/bwuk/turtlebot3_ws/src/install/turtlebot3_cartographer:${AMENT_PREFIX_PATH} CMAKE_PREFIX_PATH=/home/bwuk/turtlebot3_ws/src/install/turtlebot3_bringup:/home/bwuk/turtlebot3_ws/src/install/turtlebot3_node:/home/bwuk/turtlebot3_ws/src/install/turtlebot3_navigation2:/home/bwuk/turtlebot3_ws/src/install/turtlebot3_msgs:/home/bwuk/turtlebot3_ws/src/install/turtlebot3_description:/home/bwuk/turtlebot3_ws/src/install/turtlebot3_cartographer:/opt/ros/foxy LD_LIBRARY_PATH=/home/bwuk/turtlebot3_ws/src/install/turtlebot3_msgs/lib:${LD_LIBRARY_PATH} PYTHONPATH=/home/bwuk/turtlebot3_ws/src/build/turtlebot3_example:/home/bwuk/turtlebot3_ws/src/install/turtlebot3_example/lib/python3.8/site-packages:/home/bwuk/turtlebot3_ws/src/build/turtlebot3_teleop:/home/bwuk/turtlebot3_ws/src/install/turtlebot3_teleop/lib/python3.8/site-packages:/home/bwuk/turtlebot3_ws/src/install/turtlebot3_msgs/lib/python3.8/site-packages:${PYTHONPATH} /usr/bin/cmake /home/bwuk/turtlebot3_ws/src/turtlebot3/turtlebot3 -DAMENT_CMAKE_SYMLINK_INSTALL=1 -DCMAKE_INSTALL_PREFIX=/home/bwuk/turtlebot3_ws/src/install/turtlebot3
[0.072s] -- The C compiler identification is GNU 9.3.0
[0.131s] -- The CXX compiler identification is GNU 9.3.0
[0.136s] -- Check for working C compiler: /usr/bin/cc
[0.202s] -- Check for working C compiler: /usr/bin/cc -- works
[0.203s] -- Detecting C compiler ABI info
[0.270s] -- Detecting C compiler ABI info - done
[0.282s] -- Detecting C compile features
[0.282s] -- Detecting C compile features - done
[0.285s] -- Check for working CXX compiler: /usr/bin/c++
[0.363s] -- Check for working CXX compiler: /usr/bin/c++ -- works
[0.365s] -- Detecting CXX compiler ABI info
[0.445s] -- Detecting CXX compiler ABI info - done
[0.458s] -- Detecting CXX compile features
[0.459s] -- Detecting CXX compile features - done
[0.461s] -- Found ament_cmake: 0.9.8 (/opt/ros/foxy/share/ament_cmake/cmake)
[0.492s] -- Found PythonInterp: /usr/bin/python3 (found suitable version "3.8.5", minimum required is "3") 
[0.492s] -- Using PYTHON_EXECUTABLE: /usr/bin/python3
[0.659s] -- Override CMake install command with custom implementation using symlinks instead of copying resources
[0.748s] -- Configuring done
[0.750s] -- Generating done
[0.750s] -- Build files have been written to: /home/bwuk/turtlebot3_ws/src/build/turtlebot3
[0.754s] Invoked command in '/home/bwuk/turtlebot3_ws/src/build/turtlebot3' returned '0': AMENT_PREFIX_PATH=/home/bwuk/turtlebot3_ws/src/install/turtlebot3_bringup:/home/bwuk/turtlebot3_ws/src/install/turtlebot3_node:/home/bwuk/turtlebot3_ws/src/install/turtlebot3_example:/home/bwuk/turtlebot3_ws/src/install/turtlebot3_teleop:/home/bwuk/turtlebot3_ws/src/install/turtlebot3_navigation2:/home/bwuk/turtlebot3_ws/src/install/turtlebot3_msgs:/home/bwuk/turtlebot3_ws/src/install/turtlebot3_description:/home/bwuk/turtlebot3_ws/src/install/turtlebot3_cartographer:${AMENT_PREFIX_PATH} CMAKE_PREFIX_PATH=/home/bwuk/turtlebot3_ws/src/install/turtlebot3_bringup:/home/bwuk/turtlebot3_ws/src/install/turtlebot3_node:/home/bwuk/turtlebot3_ws/src/install/turtlebot3_navigation2:/home/bwuk/turtlebot3_ws/src/install/turtlebot3_msgs:/home/bwuk/turtlebot3_ws/src/install/turtlebot3_description:/home/bwuk/turtlebot3_ws/src/install/turtlebot3_cartographer:/opt/ros/foxy LD_LIBRARY_PATH=/home/bwuk/turtlebot3_ws/src/install/turtlebot3_msgs/lib:${LD_LIBRARY_PATH} PYTHONPATH=/home/bwuk/turtlebot3_ws/src/build/turtlebot3_example:/home/bwuk/turtlebot3_ws/src/install/turtlebot3_example/lib/python3.8/site-packages:/home/bwuk/turtlebot3_ws/src/build/turtlebot3_teleop:/home/bwuk/turtlebot3_ws/src/install/turtlebot3_teleop/lib/python3.8/site-packages:/home/bwuk/turtlebot3_ws/src/install/turtlebot3_msgs/lib/python3.8/site-packages:${PYTHONPATH} /usr/bin/cmake /home/bwuk/turtlebot3_ws/src/turtlebot3/turtlebot3 -DAMENT_CMAKE_SYMLINK_INSTALL=1 -DCMAKE_INSTALL_PREFIX=/home/bwuk/turtlebot3_ws/src/install/turtlebot3
[0.756s] Invoking command in '/home/bwuk/turtlebot3_ws/src/build/turtlebot3': AMENT_PREFIX_PATH=/home/bwuk/turtlebot3_ws/src/install/turtlebot3_bringup:/home/bwuk/turtlebot3_ws/src/install/turtlebot3_node:/home/bwuk/turtlebot3_ws/src/install/turtlebot3_example:/home/bwuk/turtlebot3_ws/src/install/turtlebot3_teleop:/home/bwuk/turtlebot3_ws/src/install/turtlebot3_navigation2:/home/bwuk/turtlebot3_ws/src/install/turtlebot3_msgs:/home/bwuk/turtlebot3_ws/src/install/turtlebot3_description:/home/bwuk/turtlebot3_ws/src/install/turtlebot3_cartographer:${AMENT_PREFIX_PATH} CMAKE_PREFIX_PATH=/home/bwuk/turtlebot3_ws/src/install/turtlebot3_bringup:/home/bwuk/turtlebot3_ws/src/install/turtlebot3_node:/home/bwuk/turtlebot3_ws/src/install/turtlebot3_navigation2:/home/bwuk/turtlebot3_ws/src/install/turtlebot3_msgs:/home/bwuk/turtlebot3_ws/src/install/turtlebot3_description:/home/bwuk/turtlebot3_ws/src/install/turtlebot3_cartographer:/opt/ros/foxy LD_LIBRARY_PATH=/home/bwuk/turtlebot3_ws/src/install/turtlebot3_msgs/lib:${LD_LIBRARY_PATH} PYTHONPATH=/home/bwuk/turtlebot3_ws/src/build/turtlebot3_example:/home/bwuk/turtlebot3_ws/src/install/turtlebot3_example/lib/python3.8/site-packages:/home/bwuk/turtlebot3_ws/src/build/turtlebot3_teleop:/home/bwuk/turtlebot3_ws/src/install/turtlebot3_teleop/lib/python3.8/site-packages:/home/bwuk/turtlebot3_ws/src/install/turtlebot3_msgs/lib/python3.8/site-packages:${PYTHONPATH} /usr/bin/cmake --build /home/bwuk/turtlebot3_ws/src/build/turtlebot3 -- -j8 -l8
[0.795s] Invoked command in '/home/bwuk/turtlebot3_ws/src/build/turtlebot3' returned '0': AMENT_PREFIX_PATH=/home/bwuk/turtlebot3_ws/src/install/turtlebot3_bringup:/home/bwuk/turtlebot3_ws/src/install/turtlebot3_node:/home/bwuk/turtlebot3_ws/src/install/turtlebot3_example:/home/bwuk/turtlebot3_ws/src/install/turtlebot3_teleop:/home/bwuk/turtlebot3_ws/src/install/turtlebot3_navigation2:/home/bwuk/turtlebot3_ws/src/install/turtlebot3_msgs:/home/bwuk/turtlebot3_ws/src/install/turtlebot3_description:/home/bwuk/turtlebot3_ws/src/install/turtlebot3_cartographer:${AMENT_PREFIX_PATH} CMAKE_PREFIX_PATH=/home/bwuk/turtlebot3_ws/src/install/turtlebot3_bringup:/home/bwuk/turtlebot3_ws/src/install/turtlebot3_node:/home/bwuk/turtlebot3_ws/src/install/turtlebot3_navigation2:/home/bwuk/turtlebot3_ws/src/install/turtlebot3_msgs:/home/bwuk/turtlebot3_ws/src/install/turtlebot3_description:/home/bwuk/turtlebot3_ws/src/install/turtlebot3_cartographer:/opt/ros/foxy LD_LIBRARY_PATH=/home/bwuk/turtlebot3_ws/src/install/turtlebot3_msgs/lib:${LD_LIBRARY_PATH} PYTHONPATH=/home/bwuk/turtlebot3_ws/src/build/turtlebot3_example:/home/bwuk/turtlebot3_ws/src/install/turtlebot3_example/lib/python3.8/site-packages:/home/bwuk/turtlebot3_ws/src/build/turtlebot3_teleop:/home/bwuk/turtlebot3_ws/src/install/turtlebot3_teleop/lib/python3.8/site-packages:/home/bwuk/turtlebot3_ws/src/install/turtlebot3_msgs/lib/python3.8/site-packages:${PYTHONPATH} /usr/bin/cmake --build /home/bwuk/turtlebot3_ws/src/build/turtlebot3 -- -j8 -l8
[0.818s] Invoking command in '/home/bwuk/turtlebot3_ws/src/build/turtlebot3': AMENT_PREFIX_PATH=/home/bwuk/turtlebot3_ws/src/install/turtlebot3_bringup:/home/bwuk/turtlebot3_ws/src/install/turtlebot3_node:/home/bwuk/turtlebot3_ws/src/install/turtlebot3_example:/home/bwuk/turtlebot3_ws/src/install/turtlebot3_teleop:/home/bwuk/turtlebot3_ws/src/install/turtlebot3_navigation2:/home/bwuk/turtlebot3_ws/src/install/turtlebot3_msgs:/home/bwuk/turtlebot3_ws/src/install/turtlebot3_description:/home/bwuk/turtlebot3_ws/src/install/turtlebot3_cartographer:${AMENT_PREFIX_PATH} CMAKE_PREFIX_PATH=/home/bwuk/turtlebot3_ws/src/install/turtlebot3_bringup:/home/bwuk/turtlebot3_ws/src/install/turtlebot3_node:/home/bwuk/turtlebot3_ws/src/install/turtlebot3_navigation2:/home/bwuk/turtlebot3_ws/src/install/turtlebot3_msgs:/home/bwuk/turtlebot3_ws/src/install/turtlebot3_description:/home/bwuk/turtlebot3_ws/src/install/turtlebot3_cartographer:/opt/ros/foxy LD_LIBRARY_PATH=/home/bwuk/turtlebot3_ws/src/install/turtlebot3_msgs/lib:${LD_LIBRARY_PATH} PYTHONPATH=/home/bwuk/turtlebot3_ws/src/build/turtlebot3_example:/home/bwuk/turtlebot3_ws/src/install/turtlebot3_example/lib/python3.8/site-packages:/home/bwuk/turtlebot3_ws/src/build/turtlebot3_teleop:/home/bwuk/turtlebot3_ws/src/install/turtlebot3_teleop/lib/python3.8/site-packages:/home/bwuk/turtlebot3_ws/src/install/turtlebot3_msgs/lib/python3.8/site-packages:${PYTHONPATH} /usr/bin/cmake --install /home/bwuk/turtlebot3_ws/src/build/turtlebot3
[0.828s] -- Install configuration: ""
[0.828s] -- Execute custom install script
[0.828s] -- Symlinking: /home/bwuk/turtlebot3_ws/src/install/turtlebot3/share/ament_index/resource_index/package_run_dependencies/turtlebot3
[0.838s] -- Symlinking: /home/bwuk/turtlebot3_ws/src/install/turtlebot3/share/ament_index/resource_index/parent_prefix_path/turtlebot3
[0.848s] -- Symlinking: /home/bwuk/turtlebot3_ws/src/install/turtlebot3/share/turtlebot3/environment/ament_prefix_path.sh
[0.857s] -- Symlinking: /home/bwuk/turtlebot3_ws/src/install/turtlebot3/share/turtlebot3/environment/ament_prefix_path.dsv
[0.867s] -- Symlinking: /home/bwuk/turtlebot3_ws/src/install/turtlebot3/share/turtlebot3/environment/path.sh
[0.876s] -- Symlinking: /home/bwuk/turtlebot3_ws/src/install/turtlebot3/share/turtlebot3/environment/path.dsv
[0.885s] -- Symlinking: /home/bwuk/turtlebot3_ws/src/install/turtlebot3/share/turtlebot3/local_setup.bash
[0.895s] -- Symlinking: /home/bwuk/turtlebot3_ws/src/install/turtlebot3/share/turtlebot3/local_setup.sh
[0.904s] -- Symlinking: /home/bwuk/turtlebot3_ws/src/install/turtlebot3/share/turtlebot3/local_setup.zsh
[0.913s] -- Symlinking: /home/bwuk/turtlebot3_ws/src/install/turtlebot3/share/turtlebot3/local_setup.dsv
[0.923s] -- Symlinking: /home/bwuk/turtlebot3_ws/src/install/turtlebot3/share/turtlebot3/package.dsv
[0.932s] -- Symlinking: /home/bwuk/turtlebot3_ws/src/install/turtlebot3/share/ament_index/resource_index/packages/turtlebot3
[0.941s] -- Symlinking: /home/bwuk/turtlebot3_ws/src/install/turtlebot3/share/turtlebot3/cmake/turtlebot3Config.cmake
[0.950s] -- Symlinking: /home/bwuk/turtlebot3_ws/src/install/turtlebot3/share/turtlebot3/cmake/turtlebot3Config-version.cmake
[0.959s] -- Symlinking: /home/bwuk/turtlebot3_ws/src/install/turtlebot3/share/turtlebot3/package.xml
[0.972s] Invoked command in '/home/bwuk/turtlebot3_ws/src/build/turtlebot3' returned '0': AMENT_PREFIX_PATH=/home/bwuk/turtlebot3_ws/src/install/turtlebot3_bringup:/home/bwuk/turtlebot3_ws/src/install/turtlebot3_node:/home/bwuk/turtlebot3_ws/src/install/turtlebot3_example:/home/bwuk/turtlebot3_ws/src/install/turtlebot3_teleop:/home/bwuk/turtlebot3_ws/src/install/turtlebot3_navigation2:/home/bwuk/turtlebot3_ws/src/install/turtlebot3_msgs:/home/bwuk/turtlebot3_ws/src/install/turtlebot3_description:/home/bwuk/turtlebot3_ws/src/install/turtlebot3_cartographer:${AMENT_PREFIX_PATH} CMAKE_PREFIX_PATH=/home/bwuk/turtlebot3_ws/src/install/turtlebot3_bringup:/home/bwuk/turtlebot3_ws/src/install/turtlebot3_node:/home/bwuk/turtlebot3_ws/src/install/turtlebot3_navigation2:/home/bwuk/turtlebot3_ws/src/install/turtlebot3_msgs:/home/bwuk/turtlebot3_ws/src/install/turtlebot3_description:/home/bwuk/turtlebot3_ws/src/install/turtlebot3_cartographer:/opt/ros/foxy LD_LIBRARY_PATH=/home/bwuk/turtlebot3_ws/src/install/turtlebot3_msgs/lib:${LD_LIBRARY_PATH} PYTHONPATH=/home/bwuk/turtlebot3_ws/src/build/turtlebot3_example:/home/bwuk/turtlebot3_ws/src/install/turtlebot3_example/lib/python3.8/site-packages:/home/bwuk/turtlebot3_ws/src/build/turtlebot3_teleop:/home/bwuk/turtlebot3_ws/src/install/turtlebot3_teleop/lib/python3.8/site-packages:/home/bwuk/turtlebot3_ws/src/install/turtlebot3_msgs/lib/python3.8/site-packages:${PYTHONPATH} /usr/bin/cmake --install /home/bwuk/turtlebot3_ws/src/build/turtlebot3
