[0.186s] DEBUG:colcon:Command line arguments: ['/usr/bin/colcon', 'build', '--symlink-install']
[0.186s] DEBUG:colcon:Parsed command line arguments: Namespace(ament_cmake_args=None, base_paths=['.'], build_base='build', catkin_cmake_args=None, catkin_skip_building_tests=False, cmake_args=None, cmake_clean_cache=False, cmake_clean_first=False, cmake_force_configure=False, cmake_target=None, cmake_target_skip_unavailable=False, continue_on_error=False, event_handlers=None, executor='parallel', ignore_user_meta=False, install_base='install', log_base=None, log_level=None, main=<bound method BuildVerb.main of <colcon_core.verb.build.BuildVerb object at 0x7fe6fc1614f0>>, merge_install=False, metas=['./colcon.meta'], packages_above=None, packages_above_and_dependencies=None, packages_above_depth=None, packages_end=None, packages_ignore=None, packages_ignore_regex=None, packages_select=None, packages_select_build_failed=False, packages_select_by_dep=None, packages_select_regex=None, packages_select_test_failures=False, packages_skip=None, packages_skip_build_finished=False, packages_skip_by_dep=None, packages_skip_regex=None, packages_skip_test_passed=False, packages_skip_up_to=None, packages_start=None, packages_up_to=None, packages_up_to_regex=None, parallel_workers=8, paths=None, symlink_install=True, test_result_base=None, verb_extension=<colcon_core.verb.build.BuildVerb object at 0x7fe6fc1614f0>, verb_name='build', verb_parser=<colcon_defaults.argument_parser.defaults.DefaultArgumentsDecorator object at 0x7fe6fc161a30>)
[0.191s] Level 1:colcon.colcon_core.package_discovery:discover_packages(colcon_meta) check parameters
[0.191s] Level 1:colcon.colcon_core.package_discovery:discover_packages(recursive) check parameters
[0.192s] Level 1:colcon.colcon_core.package_discovery:discover_packages(ignore) check parameters
[0.192s] Level 1:colcon.colcon_core.package_discovery:discover_packages(path) check parameters
[0.192s] Level 1:colcon.colcon_core.package_discovery:discover_packages(colcon_meta) discover
[0.192s] Level 1:colcon.colcon_core.package_discovery:discover_packages(recursive) discover
[0.192s] INFO:colcon.colcon_core.package_discovery:Crawling recursively for packages in '/home/bwuk/turtlebot3_ws'
[0.192s] Level 1:colcon.colcon_core.package_identification:_identify(.) by extensions ['ignore', 'ignore_ament_install']
[0.192s] Level 1:colcon.colcon_core.package_identification:_identify(.) by extension 'ignore'
[0.192s] Level 1:colcon.colcon_core.package_identification:_identify(.) by extension 'ignore_ament_install'
[0.192s] Level 1:colcon.colcon_core.package_identification:_identify(.) by extensions ['colcon_pkg']
[0.192s] Level 1:colcon.colcon_core.package_identification:_identify(.) by extension 'colcon_pkg'
[0.192s] Level 1:colcon.colcon_core.package_identification:_identify(.) by extensions ['colcon_meta']
[0.192s] Level 1:colcon.colcon_core.package_identification:_identify(.) by extension 'colcon_meta'
[0.192s] Level 1:colcon.colcon_core.package_identification:_identify(.) by extensions ['ros']
[0.192s] Level 1:colcon.colcon_core.package_identification:_identify(.) by extension 'ros'
[0.206s] Level 1:colcon.colcon_core.package_identification:_identify(.) by extensions ['cmake', 'python']
[0.206s] Level 1:colcon.colcon_core.package_identification:_identify(.) by extension 'cmake'
[0.206s] Level 1:colcon.colcon_core.package_identification:_identify(.) by extension 'python'
[0.207s] Level 1:colcon.colcon_core.package_identification:_identify(.) by extensions ['python_setup_py']
[0.207s] Level 1:colcon.colcon_core.package_identification:_identify(.) by extension 'python_setup_py'
[0.207s] Level 1:colcon.colcon_core.package_identification:_identify(build) by extensions ['ignore', 'ignore_ament_install']
[0.207s] Level 1:colcon.colcon_core.package_identification:_identify(build) by extension 'ignore'
[0.207s] Level 1:colcon.colcon_core.package_identification:_identify(build) ignored
[0.207s] Level 1:colcon.colcon_core.package_identification:_identify(install) by extensions ['ignore', 'ignore_ament_install']
[0.207s] Level 1:colcon.colcon_core.package_identification:_identify(install) by extension 'ignore'
[0.207s] Level 1:colcon.colcon_core.package_identification:_identify(install) ignored
[0.207s] Level 1:colcon.colcon_core.package_identification:_identify(log) by extensions ['ignore', 'ignore_ament_install']
[0.207s] Level 1:colcon.colcon_core.package_identification:_identify(log) by extension 'ignore'
[0.207s] Level 1:colcon.colcon_core.package_identification:_identify(log) ignored
[0.208s] Level 1:colcon.colcon_core.package_identification:_identify(src) by extensions ['ignore', 'ignore_ament_install']
[0.208s] Level 1:colcon.colcon_core.package_identification:_identify(src) by extension 'ignore'
[0.208s] Level 1:colcon.colcon_core.package_identification:_identify(src) by extension 'ignore_ament_install'
[0.208s] Level 1:colcon.colcon_core.package_identification:_identify(src) by extensions ['colcon_pkg']
[0.208s] Level 1:colcon.colcon_core.package_identification:_identify(src) by extension 'colcon_pkg'
[0.208s] Level 1:colcon.colcon_core.package_identification:_identify(src) by extensions ['colcon_meta']
[0.208s] Level 1:colcon.colcon_core.package_identification:_identify(src) by extension 'colcon_meta'
[0.208s] Level 1:colcon.colcon_core.package_identification:_identify(src) by extensions ['ros']
[0.208s] Level 1:colcon.colcon_core.package_identification:_identify(src) by extension 'ros'
[0.208s] Level 1:colcon.colcon_core.package_identification:_identify(src) by extensions ['cmake', 'python']
[0.208s] Level 1:colcon.colcon_core.package_identification:_identify(src) by extension 'cmake'
[0.208s] Level 1:colcon.colcon_core.package_identification:_identify(src) by extension 'python'
[0.208s] Level 1:colcon.colcon_core.package_identification:_identify(src) by extensions ['python_setup_py']
[0.208s] Level 1:colcon.colcon_core.package_identification:_identify(src) by extension 'python_setup_py'
[0.208s] Level 1:colcon.colcon_core.package_identification:_identify(src/build) by extensions ['ignore', 'ignore_ament_install']
[0.208s] Level 1:colcon.colcon_core.package_identification:_identify(src/build) by extension 'ignore'
[0.209s] Level 1:colcon.colcon_core.package_identification:_identify(src/build) ignored
[0.209s] Level 1:colcon.colcon_core.package_identification:_identify(src/install) by extensions ['ignore', 'ignore_ament_install']
[0.209s] Level 1:colcon.colcon_core.package_identification:_identify(src/install) by extension 'ignore'
[0.209s] Level 1:colcon.colcon_core.package_identification:_identify(src/install) ignored
[0.209s] Level 1:colcon.colcon_core.package_identification:_identify(src/log) by extensions ['ignore', 'ignore_ament_install']
[0.209s] Level 1:colcon.colcon_core.package_identification:_identify(src/log) by extension 'ignore'
[0.209s] Level 1:colcon.colcon_core.package_identification:_identify(src/log) ignored
[0.209s] Level 1:colcon.colcon_core.package_identification:_identify(src/test1) by extensions ['ignore', 'ignore_ament_install']
[0.209s] Level 1:colcon.colcon_core.package_identification:_identify(src/test1) by extension 'ignore'
[0.209s] Level 1:colcon.colcon_core.package_identification:_identify(src/test1) by extension 'ignore_ament_install'
[0.209s] Level 1:colcon.colcon_core.package_identification:_identify(src/test1) by extensions ['colcon_pkg']
[0.209s] Level 1:colcon.colcon_core.package_identification:_identify(src/test1) by extension 'colcon_pkg'
[0.209s] Level 1:colcon.colcon_core.package_identification:_identify(src/test1) by extensions ['colcon_meta']
[0.209s] Level 1:colcon.colcon_core.package_identification:_identify(src/test1) by extension 'colcon_meta'
[0.210s] Level 1:colcon.colcon_core.package_identification:_identify(src/test1) by extensions ['ros']
[0.210s] Level 1:colcon.colcon_core.package_identification:_identify(src/test1) by extension 'ros'
[0.212s] DEBUG:colcon.colcon_core.package_identification:Package 'src/test1' with type 'ros.ament_python' and name 'test1'
[0.213s] Level 1:colcon.colcon_core.package_identification:_identify(src/turtlebot3_simulations) by extensions ['ignore', 'ignore_ament_install']
[0.213s] Level 1:colcon.colcon_core.package_identification:_identify(src/turtlebot3_simulations) by extension 'ignore'
[0.213s] Level 1:colcon.colcon_core.package_identification:_identify(src/turtlebot3_simulations) by extension 'ignore_ament_install'
[0.213s] Level 1:colcon.colcon_core.package_identification:_identify(src/turtlebot3_simulations) by extensions ['colcon_pkg']
[0.213s] Level 1:colcon.colcon_core.package_identification:_identify(src/turtlebot3_simulations) by extension 'colcon_pkg'
[0.213s] Level 1:colcon.colcon_core.package_identification:_identify(src/turtlebot3_simulations) by extensions ['colcon_meta']
[0.213s] Level 1:colcon.colcon_core.package_identification:_identify(src/turtlebot3_simulations) by extension 'colcon_meta'
[0.213s] Level 1:colcon.colcon_core.package_identification:_identify(src/turtlebot3_simulations) by extensions ['ros']
[0.213s] Level 1:colcon.colcon_core.package_identification:_identify(src/turtlebot3_simulations) by extension 'ros'
[0.213s] Level 1:colcon.colcon_core.package_identification:_identify(src/turtlebot3_simulations) by extensions ['cmake', 'python']
[0.213s] Level 1:colcon.colcon_core.package_identification:_identify(src/turtlebot3_simulations) by extension 'cmake'
[0.213s] Level 1:colcon.colcon_core.package_identification:_identify(src/turtlebot3_simulations) by extension 'python'
[0.213s] Level 1:colcon.colcon_core.package_identification:_identify(src/turtlebot3_simulations) by extensions ['python_setup_py']
[0.213s] Level 1:colcon.colcon_core.package_identification:_identify(src/turtlebot3_simulations) by extension 'python_setup_py'
[0.214s] Level 1:colcon.colcon_core.package_identification:_identify(src/turtlebot3_simulations/turtlebot3_fake_node) by extensions ['ignore', 'ignore_ament_install']
[0.214s] Level 1:colcon.colcon_core.package_identification:_identify(src/turtlebot3_simulations/turtlebot3_fake_node) by extension 'ignore'
[0.214s] Level 1:colcon.colcon_core.package_identification:_identify(src/turtlebot3_simulations/turtlebot3_fake_node) by extension 'ignore_ament_install'
[0.214s] Level 1:colcon.colcon_core.package_identification:_identify(src/turtlebot3_simulations/turtlebot3_fake_node) by extensions ['colcon_pkg']
[0.214s] Level 1:colcon.colcon_core.package_identification:_identify(src/turtlebot3_simulations/turtlebot3_fake_node) by extension 'colcon_pkg'
[0.214s] Level 1:colcon.colcon_core.package_identification:_identify(src/turtlebot3_simulations/turtlebot3_fake_node) by extensions ['colcon_meta']
[0.214s] Level 1:colcon.colcon_core.package_identification:_identify(src/turtlebot3_simulations/turtlebot3_fake_node) by extension 'colcon_meta'
[0.214s] Level 1:colcon.colcon_core.package_identification:_identify(src/turtlebot3_simulations/turtlebot3_fake_node) by extensions ['ros']
[0.214s] Level 1:colcon.colcon_core.package_identification:_identify(src/turtlebot3_simulations/turtlebot3_fake_node) by extension 'ros'
[0.216s] DEBUG:colcon.colcon_core.package_identification:Package 'src/turtlebot3_simulations/turtlebot3_fake_node' with type 'ros.ament_cmake' and name 'turtlebot3_fake_node'
[0.216s] Level 1:colcon.colcon_core.package_identification:_identify(src/turtlebot3_simulations/turtlebot3_gazebo) by extensions ['ignore', 'ignore_ament_install']
[0.217s] Level 1:colcon.colcon_core.package_identification:_identify(src/turtlebot3_simulations/turtlebot3_gazebo) by extension 'ignore'
[0.217s] Level 1:colcon.colcon_core.package_identification:_identify(src/turtlebot3_simulations/turtlebot3_gazebo) by extension 'ignore_ament_install'
[0.217s] Level 1:colcon.colcon_core.package_identification:_identify(src/turtlebot3_simulations/turtlebot3_gazebo) by extensions ['colcon_pkg']
[0.217s] Level 1:colcon.colcon_core.package_identification:_identify(src/turtlebot3_simulations/turtlebot3_gazebo) by extension 'colcon_pkg'
[0.217s] Level 1:colcon.colcon_core.package_identification:_identify(src/turtlebot3_simulations/turtlebot3_gazebo) by extensions ['colcon_meta']
[0.217s] Level 1:colcon.colcon_core.package_identification:_identify(src/turtlebot3_simulations/turtlebot3_gazebo) by extension 'colcon_meta'
[0.217s] Level 1:colcon.colcon_core.package_identification:_identify(src/turtlebot3_simulations/turtlebot3_gazebo) by extensions ['ros']
[0.217s] Level 1:colcon.colcon_core.package_identification:_identify(src/turtlebot3_simulations/turtlebot3_gazebo) by extension 'ros'
[0.218s] DEBUG:colcon.colcon_core.package_identification:Package 'src/turtlebot3_simulations/turtlebot3_gazebo' with type 'ros.ament_cmake' and name 'turtlebot3_gazebo'
[0.219s] Level 1:colcon.colcon_core.package_identification:_identify(src/turtlebot3_simulations/turtlebot3_simulations) by extensions ['ignore', 'ignore_ament_install']
[0.219s] Level 1:colcon.colcon_core.package_identification:_identify(src/turtlebot3_simulations/turtlebot3_simulations) by extension 'ignore'
[0.219s] Level 1:colcon.colcon_core.package_identification:_identify(src/turtlebot3_simulations/turtlebot3_simulations) by extension 'ignore_ament_install'
[0.219s] Level 1:colcon.colcon_core.package_identification:_identify(src/turtlebot3_simulations/turtlebot3_simulations) by extensions ['colcon_pkg']
[0.219s] Level 1:colcon.colcon_core.package_identification:_identify(src/turtlebot3_simulations/turtlebot3_simulations) by extension 'colcon_pkg'
[0.219s] Level 1:colcon.colcon_core.package_identification:_identify(src/turtlebot3_simulations/turtlebot3_simulations) by extensions ['colcon_meta']
[0.219s] Level 1:colcon.colcon_core.package_identification:_identify(src/turtlebot3_simulations/turtlebot3_simulations) by extension 'colcon_meta'
[0.219s] Level 1:colcon.colcon_core.package_identification:_identify(src/turtlebot3_simulations/turtlebot3_simulations) by extensions ['ros']
[0.219s] Level 1:colcon.colcon_core.package_identification:_identify(src/turtlebot3_simulations/turtlebot3_simulations) by extension 'ros'
[0.220s] DEBUG:colcon.colcon_core.package_identification:Package 'src/turtlebot3_simulations/turtlebot3_simulations' with type 'ros.ament_cmake' and name 'turtlebot3_simulations'
[0.220s] Level 1:colcon.colcon_core.package_identification:_identify(src/utils) by extensions ['ignore', 'ignore_ament_install']
[0.220s] Level 1:colcon.colcon_core.package_identification:_identify(src/utils) by extension 'ignore'
[0.220s] Level 1:colcon.colcon_core.package_identification:_identify(src/utils) by extension 'ignore_ament_install'
[0.220s] Level 1:colcon.colcon_core.package_identification:_identify(src/utils) by extensions ['colcon_pkg']
[0.220s] Level 1:colcon.colcon_core.package_identification:_identify(src/utils) by extension 'colcon_pkg'
[0.220s] Level 1:colcon.colcon_core.package_identification:_identify(src/utils) by extensions ['colcon_meta']
[0.220s] Level 1:colcon.colcon_core.package_identification:_identify(src/utils) by extension 'colcon_meta'
[0.220s] Level 1:colcon.colcon_core.package_identification:_identify(src/utils) by extensions ['ros']
[0.220s] Level 1:colcon.colcon_core.package_identification:_identify(src/utils) by extension 'ros'
[0.220s] Level 1:colcon.colcon_core.package_identification:_identify(src/utils) by extensions ['cmake', 'python']
[0.221s] Level 1:colcon.colcon_core.package_identification:_identify(src/utils) by extension 'cmake'
[0.221s] Level 1:colcon.colcon_core.package_identification:_identify(src/utils) by extension 'python'
[0.221s] Level 1:colcon.colcon_core.package_identification:_identify(src/utils) by extensions ['python_setup_py']
[0.221s] Level 1:colcon.colcon_core.package_identification:_identify(src/utils) by extension 'python_setup_py'
[0.221s] Level 1:colcon.colcon_core.package_identification:_identify(src/utils/DynamixelSDK) by extensions ['ignore', 'ignore_ament_install']
[0.221s] Level 1:colcon.colcon_core.package_identification:_identify(src/utils/DynamixelSDK) by extension 'ignore'
[0.221s] Level 1:colcon.colcon_core.package_identification:_identify(src/utils/DynamixelSDK) by extension 'ignore_ament_install'
[0.221s] Level 1:colcon.colcon_core.package_identification:_identify(src/utils/DynamixelSDK) by extensions ['colcon_pkg']
[0.221s] Level 1:colcon.colcon_core.package_identification:_identify(src/utils/DynamixelSDK) by extension 'colcon_pkg'
[0.221s] Level 1:colcon.colcon_core.package_identification:_identify(src/utils/DynamixelSDK) by extensions ['colcon_meta']
[0.221s] Level 1:colcon.colcon_core.package_identification:_identify(src/utils/DynamixelSDK) by extension 'colcon_meta'
[0.221s] Level 1:colcon.colcon_core.package_identification:_identify(src/utils/DynamixelSDK) by extensions ['ros']
[0.221s] Level 1:colcon.colcon_core.package_identification:_identify(src/utils/DynamixelSDK) by extension 'ros'
[0.221s] Level 1:colcon.colcon_core.package_identification:_identify(src/utils/DynamixelSDK) by extensions ['cmake', 'python']
[0.221s] Level 1:colcon.colcon_core.package_identification:_identify(src/utils/DynamixelSDK) by extension 'cmake'
[0.221s] Level 1:colcon.colcon_core.package_identification:_identify(src/utils/DynamixelSDK) by extension 'python'
[0.221s] Level 1:colcon.colcon_core.package_identification:_identify(src/utils/DynamixelSDK) by extensions ['python_setup_py']
[0.222s] Level 1:colcon.colcon_core.package_identification:_identify(src/utils/DynamixelSDK) by extension 'python_setup_py'
[0.222s] Level 1:colcon.colcon_core.package_identification:_identify(src/utils/DynamixelSDK/dynamixel_sdk) by extensions ['ignore', 'ignore_ament_install']
[0.222s] Level 1:colcon.colcon_core.package_identification:_identify(src/utils/DynamixelSDK/dynamixel_sdk) by extension 'ignore'
[0.222s] Level 1:colcon.colcon_core.package_identification:_identify(src/utils/DynamixelSDK/dynamixel_sdk) by extension 'ignore_ament_install'
[0.222s] Level 1:colcon.colcon_core.package_identification:_identify(src/utils/DynamixelSDK/dynamixel_sdk) by extensions ['colcon_pkg']
[0.222s] Level 1:colcon.colcon_core.package_identification:_identify(src/utils/DynamixelSDK/dynamixel_sdk) by extension 'colcon_pkg'
[0.222s] Level 1:colcon.colcon_core.package_identification:_identify(src/utils/DynamixelSDK/dynamixel_sdk) by extensions ['colcon_meta']
[0.222s] Level 1:colcon.colcon_core.package_identification:_identify(src/utils/DynamixelSDK/dynamixel_sdk) by extension 'colcon_meta'
[0.222s] Level 1:colcon.colcon_core.package_identification:_identify(src/utils/DynamixelSDK/dynamixel_sdk) by extensions ['ros']
[0.222s] Level 1:colcon.colcon_core.package_identification:_identify(src/utils/DynamixelSDK/dynamixel_sdk) by extension 'ros'
[0.223s] DEBUG:colcon.colcon_core.package_identification:Package 'src/utils/DynamixelSDK/dynamixel_sdk' with type 'ros.ament_cmake' and name 'dynamixel_sdk'
[0.223s] Level 1:colcon.colcon_core.package_identification:_identify(src/utils/hls_lfcd_lds_driver) by extensions ['ignore', 'ignore_ament_install']
[0.223s] Level 1:colcon.colcon_core.package_identification:_identify(src/utils/hls_lfcd_lds_driver) by extension 'ignore'
[0.223s] Level 1:colcon.colcon_core.package_identification:_identify(src/utils/hls_lfcd_lds_driver) by extension 'ignore_ament_install'
[0.223s] Level 1:colcon.colcon_core.package_identification:_identify(src/utils/hls_lfcd_lds_driver) by extensions ['colcon_pkg']
[0.223s] Level 1:colcon.colcon_core.package_identification:_identify(src/utils/hls_lfcd_lds_driver) by extension 'colcon_pkg'
[0.223s] Level 1:colcon.colcon_core.package_identification:_identify(src/utils/hls_lfcd_lds_driver) by extensions ['colcon_meta']
[0.223s] Level 1:colcon.colcon_core.package_identification:_identify(src/utils/hls_lfcd_lds_driver) by extension 'colcon_meta'
[0.223s] Level 1:colcon.colcon_core.package_identification:_identify(src/utils/hls_lfcd_lds_driver) by extensions ['ros']
[0.223s] Level 1:colcon.colcon_core.package_identification:_identify(src/utils/hls_lfcd_lds_driver) by extension 'ros'
[0.224s] DEBUG:colcon.colcon_core.package_identification:Package 'src/utils/hls_lfcd_lds_driver' with type 'ros.ament_cmake' and name 'hls_lfcd_lds_driver'
[0.224s] Level 1:colcon.colcon_core.package_discovery:discover_packages(recursive) using defaults
[0.224s] Level 1:colcon.colcon_core.package_discovery:discover_packages(ignore) discover
[0.224s] Level 1:colcon.colcon_core.package_discovery:discover_packages(ignore) using defaults
[0.224s] Level 1:colcon.colcon_core.package_discovery:discover_packages(path) discover
[0.224s] Level 1:colcon.colcon_core.package_discovery:discover_packages(path) using defaults
[0.247s] Level 5:colcon.colcon_core.verb:set package 'dynamixel_sdk' build argument 'cmake_args' from command line to 'None'
[0.248s] Level 5:colcon.colcon_core.verb:set package 'dynamixel_sdk' build argument 'cmake_target' from command line to 'None'
[0.248s] Level 5:colcon.colcon_core.verb:set package 'dynamixel_sdk' build argument 'cmake_target_skip_unavailable' from command line to 'False'
[0.248s] Level 5:colcon.colcon_core.verb:set package 'dynamixel_sdk' build argument 'cmake_clean_cache' from command line to 'False'
[0.248s] Level 5:colcon.colcon_core.verb:set package 'dynamixel_sdk' build argument 'cmake_clean_first' from command line to 'False'
[0.248s] Level 5:colcon.colcon_core.verb:set package 'dynamixel_sdk' build argument 'cmake_force_configure' from command line to 'False'
[0.248s] Level 5:colcon.colcon_core.verb:set package 'dynamixel_sdk' build argument 'ament_cmake_args' from command line to 'None'
[0.248s] Level 5:colcon.colcon_core.verb:set package 'dynamixel_sdk' build argument 'catkin_cmake_args' from command line to 'None'
[0.248s] Level 5:colcon.colcon_core.verb:set package 'dynamixel_sdk' build argument 'catkin_skip_building_tests' from command line to 'False'
[0.248s] DEBUG:colcon.colcon_core.verb:Building package 'dynamixel_sdk' with the following arguments: {'ament_cmake_args': None, 'build_base': '/home/bwuk/turtlebot3_ws/build/dynamixel_sdk', 'catkin_cmake_args': None, 'catkin_skip_building_tests': False, 'cmake_args': None, 'cmake_clean_cache': False, 'cmake_clean_first': False, 'cmake_force_configure': False, 'cmake_target': None, 'cmake_target_skip_unavailable': False, 'install_base': '/home/bwuk/turtlebot3_ws/install/dynamixel_sdk', 'merge_install': False, 'path': '/home/bwuk/turtlebot3_ws/src/utils/DynamixelSDK/dynamixel_sdk', 'symlink_install': True, 'test_result_base': None}
[0.251s] Level 5:colcon.colcon_core.verb:set package 'hls_lfcd_lds_driver' build argument 'cmake_args' from command line to 'None'
[0.251s] Level 5:colcon.colcon_core.verb:set package 'hls_lfcd_lds_driver' build argument 'cmake_target' from command line to 'None'
[0.251s] Level 5:colcon.colcon_core.verb:set package 'hls_lfcd_lds_driver' build argument 'cmake_target_skip_unavailable' from command line to 'False'
[0.251s] Level 5:colcon.colcon_core.verb:set package 'hls_lfcd_lds_driver' build argument 'cmake_clean_cache' from command line to 'False'
[0.252s] Level 5:colcon.colcon_core.verb:set package 'hls_lfcd_lds_driver' build argument 'cmake_clean_first' from command line to 'False'
[0.252s] Level 5:colcon.colcon_core.verb:set package 'hls_lfcd_lds_driver' build argument 'cmake_force_configure' from command line to 'False'
[0.252s] Level 5:colcon.colcon_core.verb:set package 'hls_lfcd_lds_driver' build argument 'ament_cmake_args' from command line to 'None'
[0.252s] Level 5:colcon.colcon_core.verb:set package 'hls_lfcd_lds_driver' build argument 'catkin_cmake_args' from command line to 'None'
[0.252s] Level 5:colcon.colcon_core.verb:set package 'hls_lfcd_lds_driver' build argument 'catkin_skip_building_tests' from command line to 'False'
[0.252s] DEBUG:colcon.colcon_core.verb:Building package 'hls_lfcd_lds_driver' with the following arguments: {'ament_cmake_args': None, 'build_base': '/home/bwuk/turtlebot3_ws/build/hls_lfcd_lds_driver', 'catkin_cmake_args': None, 'catkin_skip_building_tests': False, 'cmake_args': None, 'cmake_clean_cache': False, 'cmake_clean_first': False, 'cmake_force_configure': False, 'cmake_target': None, 'cmake_target_skip_unavailable': False, 'install_base': '/home/bwuk/turtlebot3_ws/install/hls_lfcd_lds_driver', 'merge_install': False, 'path': '/home/bwuk/turtlebot3_ws/src/utils/hls_lfcd_lds_driver', 'symlink_install': True, 'test_result_base': None}
[0.254s] Level 5:colcon.colcon_core.verb:set package 'test1' build argument 'cmake_args' from command line to 'None'
[0.255s] Level 5:colcon.colcon_core.verb:set package 'test1' build argument 'cmake_target' from command line to 'None'
[0.255s] Level 5:colcon.colcon_core.verb:set package 'test1' build argument 'cmake_target_skip_unavailable' from command line to 'False'
[0.255s] Level 5:colcon.colcon_core.verb:set package 'test1' build argument 'cmake_clean_cache' from command line to 'False'
[0.255s] Level 5:colcon.colcon_core.verb:set package 'test1' build argument 'cmake_clean_first' from command line to 'False'
[0.255s] Level 5:colcon.colcon_core.verb:set package 'test1' build argument 'cmake_force_configure' from command line to 'False'
[0.255s] Level 5:colcon.colcon_core.verb:set package 'test1' build argument 'ament_cmake_args' from command line to 'None'
[0.255s] Level 5:colcon.colcon_core.verb:set package 'test1' build argument 'catkin_cmake_args' from command line to 'None'
[0.255s] Level 5:colcon.colcon_core.verb:set package 'test1' build argument 'catkin_skip_building_tests' from command line to 'False'
[0.255s] DEBUG:colcon.colcon_core.verb:Building package 'test1' with the following arguments: {'ament_cmake_args': None, 'build_base': '/home/bwuk/turtlebot3_ws/build/test1', 'catkin_cmake_args': None, 'catkin_skip_building_tests': False, 'cmake_args': None, 'cmake_clean_cache': False, 'cmake_clean_first': False, 'cmake_force_configure': False, 'cmake_target': None, 'cmake_target_skip_unavailable': False, 'install_base': '/home/bwuk/turtlebot3_ws/install/test1', 'merge_install': False, 'path': '/home/bwuk/turtlebot3_ws/src/test1', 'symlink_install': True, 'test_result_base': None}
[0.257s] Level 5:colcon.colcon_core.verb:set package 'turtlebot3_fake_node' build argument 'cmake_args' from command line to 'None'
[0.257s] Level 5:colcon.colcon_core.verb:set package 'turtlebot3_fake_node' build argument 'cmake_target' from command line to 'None'
[0.257s] Level 5:colcon.colcon_core.verb:set package 'turtlebot3_fake_node' build argument 'cmake_target_skip_unavailable' from command line to 'False'
[0.257s] Level 5:colcon.colcon_core.verb:set package 'turtlebot3_fake_node' build argument 'cmake_clean_cache' from command line to 'False'
[0.258s] Level 5:colcon.colcon_core.verb:set package 'turtlebot3_fake_node' build argument 'cmake_clean_first' from command line to 'False'
[0.258s] Level 5:colcon.colcon_core.verb:set package 'turtlebot3_fake_node' build argument 'cmake_force_configure' from command line to 'False'
[0.258s] Level 5:colcon.colcon_core.verb:set package 'turtlebot3_fake_node' build argument 'ament_cmake_args' from command line to 'None'
[0.258s] Level 5:colcon.colcon_core.verb:set package 'turtlebot3_fake_node' build argument 'catkin_cmake_args' from command line to 'None'
[0.258s] Level 5:colcon.colcon_core.verb:set package 'turtlebot3_fake_node' build argument 'catkin_skip_building_tests' from command line to 'False'
[0.258s] DEBUG:colcon.colcon_core.verb:Building package 'turtlebot3_fake_node' with the following arguments: {'ament_cmake_args': None, 'build_base': '/home/bwuk/turtlebot3_ws/build/turtlebot3_fake_node', 'catkin_cmake_args': None, 'catkin_skip_building_tests': False, 'cmake_args': None, 'cmake_clean_cache': False, 'cmake_clean_first': False, 'cmake_force_configure': False, 'cmake_target': None, 'cmake_target_skip_unavailable': False, 'install_base': '/home/bwuk/turtlebot3_ws/install/turtlebot3_fake_node', 'merge_install': False, 'path': '/home/bwuk/turtlebot3_ws/src/turtlebot3_simulations/turtlebot3_fake_node', 'symlink_install': True, 'test_result_base': None}
[0.261s] Level 5:colcon.colcon_core.verb:set package 'turtlebot3_gazebo' build argument 'cmake_args' from command line to 'None'
[0.261s] Level 5:colcon.colcon_core.verb:set package 'turtlebot3_gazebo' build argument 'cmake_target' from command line to 'None'
[0.261s] Level 5:colcon.colcon_core.verb:set package 'turtlebot3_gazebo' build argument 'cmake_target_skip_unavailable' from command line to 'False'
[0.261s] Level 5:colcon.colcon_core.verb:set package 'turtlebot3_gazebo' build argument 'cmake_clean_cache' from command line to 'False'
[0.261s] Level 5:colcon.colcon_core.verb:set package 'turtlebot3_gazebo' build argument 'cmake_clean_first' from command line to 'False'
[0.261s] Level 5:colcon.colcon_core.verb:set package 'turtlebot3_gazebo' build argument 'cmake_force_configure' from command line to 'False'
[0.261s] Level 5:colcon.colcon_core.verb:set package 'turtlebot3_gazebo' build argument 'ament_cmake_args' from command line to 'None'
[0.261s] Level 5:colcon.colcon_core.verb:set package 'turtlebot3_gazebo' build argument 'catkin_cmake_args' from command line to 'None'
[0.261s] Level 5:colcon.colcon_core.verb:set package 'turtlebot3_gazebo' build argument 'catkin_skip_building_tests' from command line to 'False'
[0.261s] DEBUG:colcon.colcon_core.verb:Building package 'turtlebot3_gazebo' with the following arguments: {'ament_cmake_args': None, 'build_base': '/home/bwuk/turtlebot3_ws/build/turtlebot3_gazebo', 'catkin_cmake_args': None, 'catkin_skip_building_tests': False, 'cmake_args': None, 'cmake_clean_cache': False, 'cmake_clean_first': False, 'cmake_force_configure': False, 'cmake_target': None, 'cmake_target_skip_unavailable': False, 'install_base': '/home/bwuk/turtlebot3_ws/install/turtlebot3_gazebo', 'merge_install': False, 'path': '/home/bwuk/turtlebot3_ws/src/turtlebot3_simulations/turtlebot3_gazebo', 'symlink_install': True, 'test_result_base': None}
[0.264s] Level 5:colcon.colcon_core.verb:set package 'turtlebot3_simulations' build argument 'cmake_args' from command line to 'None'
[0.264s] Level 5:colcon.colcon_core.verb:set package 'turtlebot3_simulations' build argument 'cmake_target' from command line to 'None'
[0.264s] Level 5:colcon.colcon_core.verb:set package 'turtlebot3_simulations' build argument 'cmake_target_skip_unavailable' from command line to 'False'
[0.264s] Level 5:colcon.colcon_core.verb:set package 'turtlebot3_simulations' build argument 'cmake_clean_cache' from command line to 'False'
[0.265s] Level 5:colcon.colcon_core.verb:set package 'turtlebot3_simulations' build argument 'cmake_clean_first' from command line to 'False'
[0.265s] Level 5:colcon.colcon_core.verb:set package 'turtlebot3_simulations' build argument 'cmake_force_configure' from command line to 'False'
[0.265s] Level 5:colcon.colcon_core.verb:set package 'turtlebot3_simulations' build argument 'ament_cmake_args' from command line to 'None'
[0.265s] Level 5:colcon.colcon_core.verb:set package 'turtlebot3_simulations' build argument 'catkin_cmake_args' from command line to 'None'
[0.265s] Level 5:colcon.colcon_core.verb:set package 'turtlebot3_simulations' build argument 'catkin_skip_building_tests' from command line to 'False'
[0.265s] DEBUG:colcon.colcon_core.verb:Building package 'turtlebot3_simulations' with the following arguments: {'ament_cmake_args': None, 'build_base': '/home/bwuk/turtlebot3_ws/build/turtlebot3_simulations', 'catkin_cmake_args': None, 'catkin_skip_building_tests': False, 'cmake_args': None, 'cmake_clean_cache': False, 'cmake_clean_first': False, 'cmake_force_configure': False, 'cmake_target': None, 'cmake_target_skip_unavailable': False, 'install_base': '/home/bwuk/turtlebot3_ws/install/turtlebot3_simulations', 'merge_install': False, 'path': '/home/bwuk/turtlebot3_ws/src/turtlebot3_simulations/turtlebot3_simulations', 'symlink_install': True, 'test_result_base': None}
[0.265s] INFO:colcon.colcon_core.executor:Executing jobs using 'parallel' executor
[0.267s] DEBUG:colcon.colcon_parallel_executor.executor.parallel:run_until_complete
[0.268s] INFO:colcon.colcon_ros.task.ament_cmake.build:Building ROS package in '/home/bwuk/turtlebot3_ws/src/turtlebot3_simulations/turtlebot3_fake_node' with build type 'ament_cmake'
[0.268s] INFO:colcon.colcon_cmake.task.cmake.build:Building CMake package in '/home/bwuk/turtlebot3_ws/src/turtlebot3_simulations/turtlebot3_fake_node'
[0.273s] INFO:colcon.colcon_core.plugin_system:Skipping extension 'colcon_core.shell.bat': Not used on non-Windows systems
[0.273s] INFO:colcon.colcon_core.shell:Skip shell extension 'powershell' for command environment: Not usable outside of PowerShell
[0.273s] DEBUG:colcon.colcon_core.shell:Skip shell extension 'dsv' for command environment
[0.276s] DEBUG:colcon.colcon_core.shell:Ignoring prefix path '/opt/ros/foxy'
[0.279s] INFO:colcon.colcon_ros.task.ament_cmake.build:Building ROS package in '/home/bwuk/turtlebot3_ws/src/turtlebot3_simulations/turtlebot3_gazebo' with build type 'ament_cmake'
[0.280s] INFO:colcon.colcon_cmake.task.cmake.build:Building CMake package in '/home/bwuk/turtlebot3_ws/src/turtlebot3_simulations/turtlebot3_gazebo'
[0.281s] INFO:colcon.colcon_core.shell:Skip shell extension 'powershell' for command environment: Not usable outside of PowerShell
[0.281s] DEBUG:colcon.colcon_core.shell:Skip shell extension 'dsv' for command environment
[0.285s] DEBUG:colcon.colcon_core.shell:Ignoring prefix path '/opt/ros/foxy'
[0.288s] INFO:colcon.colcon_ros.task.ament_cmake.build:Building ROS package in '/home/bwuk/turtlebot3_ws/src/utils/DynamixelSDK/dynamixel_sdk' with build type 'ament_cmake'
[0.288s] INFO:colcon.colcon_cmake.task.cmake.build:Building CMake package in '/home/bwuk/turtlebot3_ws/src/utils/DynamixelSDK/dynamixel_sdk'
[0.290s] INFO:colcon.colcon_core.shell:Skip shell extension 'powershell' for command environment: Not usable outside of PowerShell
[0.290s] DEBUG:colcon.colcon_core.shell:Skip shell extension 'dsv' for command environment
[0.294s] DEBUG:colcon.colcon_core.shell:Ignoring prefix path '/opt/ros/foxy'
[0.297s] INFO:colcon.colcon_ros.task.ament_cmake.build:Building ROS package in '/home/bwuk/turtlebot3_ws/src/utils/hls_lfcd_lds_driver' with build type 'ament_cmake'
[0.298s] INFO:colcon.colcon_cmake.task.cmake.build:Building CMake package in '/home/bwuk/turtlebot3_ws/src/utils/hls_lfcd_lds_driver'
[0.299s] INFO:colcon.colcon_core.shell:Skip shell extension 'powershell' for command environment: Not usable outside of PowerShell
[0.299s] DEBUG:colcon.colcon_core.shell:Skip shell extension 'dsv' for command environment
[0.303s] DEBUG:colcon.colcon_core.shell:Ignoring prefix path '/opt/ros/foxy'
[0.306s] INFO:colcon.colcon_ros.task.ament_python.build:Building ROS package in '/home/bwuk/turtlebot3_ws/src/test1' with build type 'ament_python'
[0.306s] Level 1:colcon.colcon_core.shell:create_environment_hook('test1', 'ament_prefix_path')
[0.307s] INFO:colcon.colcon_core.shell:Creating environment hook '/home/bwuk/turtlebot3_ws/install/test1/share/test1/hook/ament_prefix_path.ps1'
[0.308s] INFO:colcon.colcon_core.shell:Creating environment descriptor '/home/bwuk/turtlebot3_ws/install/test1/share/test1/hook/ament_prefix_path.dsv'
[0.309s] INFO:colcon.colcon_core.shell:Creating environment hook '/home/bwuk/turtlebot3_ws/install/test1/share/test1/hook/ament_prefix_path.sh'
[0.310s] INFO:colcon.colcon_core.shell:Skip shell extension 'powershell' for command environment: Not usable outside of PowerShell
[0.310s] DEBUG:colcon.colcon_core.shell:Skip shell extension 'dsv' for command environment
[0.313s] DEBUG:colcon.colcon_core.shell:Ignoring prefix path '/opt/ros/foxy'
[0.324s] DEBUG:colcon.colcon_core.event_handler.log_command:Invoking command in '/home/bwuk/turtlebot3_ws/build/turtlebot3_fake_node': CMAKE_PREFIX_PATH=${CMAKE_PREFIX_PATH}:/home/bwuk/turtlebot3_ws/install/test1:/home/bwuk/turtlebot3_ws/install/turtlebot3_teleop:/home/bwuk/turtlebot3_ws/install/turtlebot3_example:/opt/ros/foxy /usr/bin/cmake --build /home/bwuk/turtlebot3_ws/build/turtlebot3_fake_node -- -j8 -l8
[0.336s] DEBUG:colcon.colcon_core.event_handler.log_command:Invoking command in '/home/bwuk/turtlebot3_ws/build/turtlebot3_gazebo': CMAKE_PREFIX_PATH=${CMAKE_PREFIX_PATH}:/home/bwuk/turtlebot3_ws/install/test1:/home/bwuk/turtlebot3_ws/install/turtlebot3_teleop:/home/bwuk/turtlebot3_ws/install/turtlebot3_example:/opt/ros/foxy /usr/bin/cmake --build /home/bwuk/turtlebot3_ws/build/turtlebot3_gazebo -- -j8 -l8
[0.341s] DEBUG:colcon.colcon_core.event_handler.log_command:Invoking command in '/home/bwuk/turtlebot3_ws/build/dynamixel_sdk': CMAKE_PREFIX_PATH=${CMAKE_PREFIX_PATH}:/home/bwuk/turtlebot3_ws/install/test1:/home/bwuk/turtlebot3_ws/install/turtlebot3_teleop:/home/bwuk/turtlebot3_ws/install/turtlebot3_example:/opt/ros/foxy /usr/bin/cmake /home/bwuk/turtlebot3_ws/src/utils/DynamixelSDK/dynamixel_sdk -DAMENT_CMAKE_SYMLINK_INSTALL=1 -DCMAKE_INSTALL_PREFIX=/home/bwuk/turtlebot3_ws/install/dynamixel_sdk
[0.346s] DEBUG:colcon.colcon_core.event_handler.log_command:Invoking command in '/home/bwuk/turtlebot3_ws/build/hls_lfcd_lds_driver': CMAKE_PREFIX_PATH=${CMAKE_PREFIX_PATH}:/home/bwuk/turtlebot3_ws/install/test1:/home/bwuk/turtlebot3_ws/install/turtlebot3_teleop:/home/bwuk/turtlebot3_ws/install/turtlebot3_example:/opt/ros/foxy /usr/bin/cmake /home/bwuk/turtlebot3_ws/src/utils/hls_lfcd_lds_driver -DAMENT_CMAKE_SYMLINK_INSTALL=1 -DCMAKE_INSTALL_PREFIX=/home/bwuk/turtlebot3_ws/install/hls_lfcd_lds_driver
[0.693s] INFO:colcon.colcon_core.task.python.build:Building Python package in '/home/bwuk/turtlebot3_ws/src/test1'
[0.695s] INFO:colcon.colcon_core.shell:Skip shell extension 'powershell' for command environment: Not usable outside of PowerShell
[0.695s] DEBUG:colcon.colcon_core.shell:Skip shell extension 'dsv' for command environment
[0.699s] DEBUG:colcon.colcon_core.shell:Ignoring prefix path '/opt/ros/foxy'
[0.711s] DEBUG:colcon.colcon_core.task.python.build:While undoing a previous installation files outside the Python library path are being ignored: /home/bwuk/turtlebot3_ws/install/test1/share/ament_index/resource_index/packages/test1
[0.711s] DEBUG:colcon.colcon_core.task.python.build:While undoing a previous installation files outside the Python library path are being ignored: /home/bwuk/turtlebot3_ws/install/test1/share/test1/package.xml
[0.718s] DEBUG:colcon.colcon_core.event_handler.log_command:Invoking command in '/home/bwuk/turtlebot3_ws/build/test1': PYTHONPATH=/home/bwuk/turtlebot3_ws/install/test1/lib/python3.8/site-packages:${PYTHONPATH} /usr/bin/python3 setup.py develop --prefix /home/bwuk/turtlebot3_ws/install/test1 --editable --build-directory /home/bwuk/turtlebot3_ws/build/test1/build --no-deps install_data --install-dir /home/bwuk/turtlebot3_ws/install/test1
[0.803s] DEBUG:colcon.colcon_core.event_handler.log_command:Invoked command in '/home/bwuk/turtlebot3_ws/build/dynamixel_sdk' returned '0': CMAKE_PREFIX_PATH=${CMAKE_PREFIX_PATH}:/home/bwuk/turtlebot3_ws/install/test1:/home/bwuk/turtlebot3_ws/install/turtlebot3_teleop:/home/bwuk/turtlebot3_ws/install/turtlebot3_example:/opt/ros/foxy /usr/bin/cmake /home/bwuk/turtlebot3_ws/src/utils/DynamixelSDK/dynamixel_sdk -DAMENT_CMAKE_SYMLINK_INSTALL=1 -DCMAKE_INSTALL_PREFIX=/home/bwuk/turtlebot3_ws/install/dynamixel_sdk
[0.807s] DEBUG:colcon.colcon_core.event_handler.log_command:Invoking command in '/home/bwuk/turtlebot3_ws/build/dynamixel_sdk': CMAKE_PREFIX_PATH=${CMAKE_PREFIX_PATH}:/home/bwuk/turtlebot3_ws/install/test1:/home/bwuk/turtlebot3_ws/install/turtlebot3_teleop:/home/bwuk/turtlebot3_ws/install/turtlebot3_example:/opt/ros/foxy /usr/bin/cmake --build /home/bwuk/turtlebot3_ws/build/dynamixel_sdk -- -j8 -l8
[0.897s] DEBUG:colcon.colcon_core.event_handler.log_command:Invoked command in '/home/bwuk/turtlebot3_ws/build/dynamixel_sdk' returned '0': CMAKE_PREFIX_PATH=${CMAKE_PREFIX_PATH}:/home/bwuk/turtlebot3_ws/install/test1:/home/bwuk/turtlebot3_ws/install/turtlebot3_teleop:/home/bwuk/turtlebot3_ws/install/turtlebot3_example:/opt/ros/foxy /usr/bin/cmake --build /home/bwuk/turtlebot3_ws/build/dynamixel_sdk -- -j8 -l8
[0.973s] DEBUG:colcon.colcon_core.event_handler.log_command:Invoking command in '/home/bwuk/turtlebot3_ws/build/dynamixel_sdk': CMAKE_PREFIX_PATH=${CMAKE_PREFIX_PATH}:/home/bwuk/turtlebot3_ws/install/test1:/home/bwuk/turtlebot3_ws/install/turtlebot3_teleop:/home/bwuk/turtlebot3_ws/install/turtlebot3_example:/opt/ros/foxy /usr/bin/cmake --install /home/bwuk/turtlebot3_ws/build/dynamixel_sdk
[1.422s] Level 1:colcon.colcon_core.environment:create_environment_scripts_only(dynamixel_sdk)
[1.424s] DEBUG:colcon.colcon_core.event_handler.log_command:Invoked command in '/home/bwuk/turtlebot3_ws/build/dynamixel_sdk' returned '0': CMAKE_PREFIX_PATH=${CMAKE_PREFIX_PATH}:/home/bwuk/turtlebot3_ws/install/test1:/home/bwuk/turtlebot3_ws/install/turtlebot3_teleop:/home/bwuk/turtlebot3_ws/install/turtlebot3_example:/opt/ros/foxy /usr/bin/cmake --install /home/bwuk/turtlebot3_ws/build/dynamixel_sdk
[1.427s] Level 1:colcon.colcon_core.environment:checking '/home/bwuk/turtlebot3_ws/install/dynamixel_sdk' for CMake module files
[1.428s] Level 1:colcon.colcon_core.environment:checking '/home/bwuk/turtlebot3_ws/install/dynamixel_sdk' for CMake config files
[1.429s] Level 1:colcon.colcon_core.shell:create_environment_hook('dynamixel_sdk', 'cmake_prefix_path')
[1.429s] INFO:colcon.colcon_core.shell:Creating environment hook '/home/bwuk/turtlebot3_ws/install/dynamixel_sdk/share/dynamixel_sdk/hook/cmake_prefix_path.ps1'
[1.430s] INFO:colcon.colcon_core.shell:Creating environment descriptor '/home/bwuk/turtlebot3_ws/install/dynamixel_sdk/share/dynamixel_sdk/hook/cmake_prefix_path.dsv'
[1.431s] INFO:colcon.colcon_core.shell:Creating environment hook '/home/bwuk/turtlebot3_ws/install/dynamixel_sdk/share/dynamixel_sdk/hook/cmake_prefix_path.sh'
[1.432s] Level 1:colcon.colcon_core.environment:checking '/home/bwuk/turtlebot3_ws/install/dynamixel_sdk/lib'
[1.432s] Level 1:colcon.colcon_core.shell:create_environment_hook('dynamixel_sdk', 'ld_library_path_lib')
[1.433s] INFO:colcon.colcon_core.shell:Creating environment hook '/home/bwuk/turtlebot3_ws/install/dynamixel_sdk/share/dynamixel_sdk/hook/ld_library_path_lib.ps1'
[1.433s] INFO:colcon.colcon_core.shell:Creating environment descriptor '/home/bwuk/turtlebot3_ws/install/dynamixel_sdk/share/dynamixel_sdk/hook/ld_library_path_lib.dsv'
[1.434s] INFO:colcon.colcon_core.shell:Creating environment hook '/home/bwuk/turtlebot3_ws/install/dynamixel_sdk/share/dynamixel_sdk/hook/ld_library_path_lib.sh'
[1.435s] Level 1:colcon.colcon_core.environment:checking '/home/bwuk/turtlebot3_ws/install/dynamixel_sdk/bin'
[1.435s] Level 1:colcon.colcon_core.environment:checking '/home/bwuk/turtlebot3_ws/install/dynamixel_sdk/lib/pkgconfig/dynamixel_sdk.pc'
[1.435s] Level 1:colcon.colcon_core.environment:checking '/home/bwuk/turtlebot3_ws/install/dynamixel_sdk/lib/python3.8/site-packages'
[1.436s] INFO:colcon.colcon_core.shell:Creating package script '/home/bwuk/turtlebot3_ws/install/dynamixel_sdk/share/dynamixel_sdk/package.ps1'
[1.438s] INFO:colcon.colcon_core.shell:Creating package descriptor '/home/bwuk/turtlebot3_ws/install/dynamixel_sdk/share/dynamixel_sdk/package.dsv'
[1.438s] INFO:colcon.colcon_core.shell:Creating package script '/home/bwuk/turtlebot3_ws/install/dynamixel_sdk/share/dynamixel_sdk/package.sh'
[1.439s] INFO:colcon.colcon_core.shell:Creating package script '/home/bwuk/turtlebot3_ws/install/dynamixel_sdk/share/dynamixel_sdk/package.bash'
[1.440s] INFO:colcon.colcon_core.shell:Creating package script '/home/bwuk/turtlebot3_ws/install/dynamixel_sdk/share/dynamixel_sdk/package.zsh'
[1.441s] Level 1:colcon.colcon_core.environment:create_file_with_runtime_dependencies(/home/bwuk/turtlebot3_ws/install/dynamixel_sdk/share/colcon-core/packages/dynamixel_sdk)
[1.496s] Level 1:colcon.colcon_core.environment:create_environment_scripts_only(dynamixel_sdk)
[1.497s] Level 1:colcon.colcon_core.environment:checking '/home/bwuk/turtlebot3_ws/install/dynamixel_sdk' for CMake module files
[1.498s] Level 1:colcon.colcon_core.environment:checking '/home/bwuk/turtlebot3_ws/install/dynamixel_sdk' for CMake config files
[1.498s] Level 1:colcon.colcon_core.shell:create_environment_hook('dynamixel_sdk', 'cmake_prefix_path')
[1.499s] INFO:colcon.colcon_core.shell:Creating environment hook '/home/bwuk/turtlebot3_ws/install/dynamixel_sdk/share/dynamixel_sdk/hook/cmake_prefix_path.ps1'
[1.502s] INFO:colcon.colcon_core.shell:Creating environment descriptor '/home/bwuk/turtlebot3_ws/install/dynamixel_sdk/share/dynamixel_sdk/hook/cmake_prefix_path.dsv'
[1.502s] INFO:colcon.colcon_core.shell:Creating environment hook '/home/bwuk/turtlebot3_ws/install/dynamixel_sdk/share/dynamixel_sdk/hook/cmake_prefix_path.sh'
[1.503s] Level 1:colcon.colcon_core.environment:checking '/home/bwuk/turtlebot3_ws/install/dynamixel_sdk/lib'
[1.504s] Level 1:colcon.colcon_core.shell:create_environment_hook('dynamixel_sdk', 'ld_library_path_lib')
[1.505s] INFO:colcon.colcon_core.shell:Creating environment hook '/home/bwuk/turtlebot3_ws/install/dynamixel_sdk/share/dynamixel_sdk/hook/ld_library_path_lib.ps1'
[1.505s] INFO:colcon.colcon_core.shell:Creating environment descriptor '/home/bwuk/turtlebot3_ws/install/dynamixel_sdk/share/dynamixel_sdk/hook/ld_library_path_lib.dsv'
[1.506s] INFO:colcon.colcon_core.shell:Creating environment hook '/home/bwuk/turtlebot3_ws/install/dynamixel_sdk/share/dynamixel_sdk/hook/ld_library_path_lib.sh'
[1.507s] Level 1:colcon.colcon_core.environment:checking '/home/bwuk/turtlebot3_ws/install/dynamixel_sdk/bin'
[1.507s] Level 1:colcon.colcon_core.environment:checking '/home/bwuk/turtlebot3_ws/install/dynamixel_sdk/lib/pkgconfig/dynamixel_sdk.pc'
[1.507s] Level 1:colcon.colcon_core.environment:checking '/home/bwuk/turtlebot3_ws/install/dynamixel_sdk/lib/python3.8/site-packages'
[1.508s] INFO:colcon.colcon_core.shell:Creating package script '/home/bwuk/turtlebot3_ws/install/dynamixel_sdk/share/dynamixel_sdk/package.ps1'
[1.509s] INFO:colcon.colcon_core.shell:Creating package descriptor '/home/bwuk/turtlebot3_ws/install/dynamixel_sdk/share/dynamixel_sdk/package.dsv'
[1.510s] INFO:colcon.colcon_core.shell:Creating package script '/home/bwuk/turtlebot3_ws/install/dynamixel_sdk/share/dynamixel_sdk/package.sh'
[1.512s] INFO:colcon.colcon_core.shell:Creating package script '/home/bwuk/turtlebot3_ws/install/dynamixel_sdk/share/dynamixel_sdk/package.bash'
[1.512s] INFO:colcon.colcon_core.shell:Creating package script '/home/bwuk/turtlebot3_ws/install/dynamixel_sdk/share/dynamixel_sdk/package.zsh'
[1.513s] Level 1:colcon.colcon_core.environment:create_file_with_runtime_dependencies(/home/bwuk/turtlebot3_ws/install/dynamixel_sdk/share/colcon-core/packages/dynamixel_sdk)
[1.523s] Level 1:colcon.colcon_core.shell:create_environment_hook('test1', 'pythonpath_develop')
[1.524s] INFO:colcon.colcon_core.shell:Creating environment hook '/home/bwuk/turtlebot3_ws/build/test1/share/test1/hook/pythonpath_develop.ps1'
[1.525s] DEBUG:colcon.colcon_core.event_handler.log_command:Invoked command in '/home/bwuk/turtlebot3_ws/build/test1' returned '0': PYTHONPATH=/home/bwuk/turtlebot3_ws/install/test1/lib/python3.8/site-packages:${PYTHONPATH} /usr/bin/python3 setup.py develop --prefix /home/bwuk/turtlebot3_ws/install/test1 --editable --build-directory /home/bwuk/turtlebot3_ws/build/test1/build --no-deps install_data --install-dir /home/bwuk/turtlebot3_ws/install/test1
[1.526s] INFO:colcon.colcon_core.shell:Creating environment descriptor '/home/bwuk/turtlebot3_ws/build/test1/share/test1/hook/pythonpath_develop.dsv'
[1.526s] INFO:colcon.colcon_core.shell:Creating environment hook '/home/bwuk/turtlebot3_ws/build/test1/share/test1/hook/pythonpath_develop.sh'
[1.528s] Level 1:colcon.colcon_core.environment:checking '/home/bwuk/turtlebot3_ws/install/test1' for CMake module files
[1.529s] Level 1:colcon.colcon_core.environment:checking '/home/bwuk/turtlebot3_ws/install/test1' for CMake config files
[1.530s] Level 1:colcon.colcon_core.environment:checking '/home/bwuk/turtlebot3_ws/install/test1/lib'
[1.530s] Level 1:colcon.colcon_core.environment:checking '/home/bwuk/turtlebot3_ws/install/test1/bin'
[1.530s] Level 1:colcon.colcon_core.environment:checking '/home/bwuk/turtlebot3_ws/install/test1/lib/pkgconfig/test1.pc'
[1.530s] Level 1:colcon.colcon_core.environment:checking '/home/bwuk/turtlebot3_ws/install/test1/lib/python3.8/site-packages'
[1.530s] Level 1:colcon.colcon_core.shell:create_environment_hook('test1', 'pythonpath')
[1.531s] INFO:colcon.colcon_core.shell:Creating environment hook '/home/bwuk/turtlebot3_ws/install/test1/share/test1/hook/pythonpath.ps1'
[1.532s] INFO:colcon.colcon_core.shell:Creating environment descriptor '/home/bwuk/turtlebot3_ws/install/test1/share/test1/hook/pythonpath.dsv'
[1.533s] INFO:colcon.colcon_core.shell:Creating environment hook '/home/bwuk/turtlebot3_ws/install/test1/share/test1/hook/pythonpath.sh'
[1.533s] Level 1:colcon.colcon_core.environment:create_environment_scripts_only(test1)
[1.535s] INFO:colcon.colcon_core.shell:Creating package script '/home/bwuk/turtlebot3_ws/install/test1/share/test1/package.ps1'
[1.536s] INFO:colcon.colcon_core.shell:Creating package descriptor '/home/bwuk/turtlebot3_ws/install/test1/share/test1/package.dsv'
[1.536s] INFO:colcon.colcon_core.shell:Creating package script '/home/bwuk/turtlebot3_ws/install/test1/share/test1/package.sh'
[1.537s] INFO:colcon.colcon_core.shell:Creating package script '/home/bwuk/turtlebot3_ws/install/test1/share/test1/package.bash'
[1.538s] INFO:colcon.colcon_core.shell:Creating package script '/home/bwuk/turtlebot3_ws/install/test1/share/test1/package.zsh'
[1.539s] Level 1:colcon.colcon_core.environment:create_file_with_runtime_dependencies(/home/bwuk/turtlebot3_ws/install/test1/share/colcon-core/packages/test1)
[1.796s] DEBUG:colcon.colcon_core.event_handler.log_command:Invoked command in '/home/bwuk/turtlebot3_ws/build/hls_lfcd_lds_driver' returned '0': CMAKE_PREFIX_PATH=${CMAKE_PREFIX_PATH}:/home/bwuk/turtlebot3_ws/install/test1:/home/bwuk/turtlebot3_ws/install/turtlebot3_teleop:/home/bwuk/turtlebot3_ws/install/turtlebot3_example:/opt/ros/foxy /usr/bin/cmake /home/bwuk/turtlebot3_ws/src/utils/hls_lfcd_lds_driver -DAMENT_CMAKE_SYMLINK_INSTALL=1 -DCMAKE_INSTALL_PREFIX=/home/bwuk/turtlebot3_ws/install/hls_lfcd_lds_driver
[1.799s] DEBUG:colcon.colcon_core.event_handler.log_command:Invoking command in '/home/bwuk/turtlebot3_ws/build/hls_lfcd_lds_driver': CMAKE_PREFIX_PATH=${CMAKE_PREFIX_PATH}:/home/bwuk/turtlebot3_ws/install/test1:/home/bwuk/turtlebot3_ws/install/turtlebot3_teleop:/home/bwuk/turtlebot3_ws/install/turtlebot3_example:/opt/ros/foxy /usr/bin/cmake --build /home/bwuk/turtlebot3_ws/build/hls_lfcd_lds_driver -- -j8 -l8
[2.141s] DEBUG:colcon.colcon_core.event_handler.log_command:Invoked command in '/home/bwuk/turtlebot3_ws/build/hls_lfcd_lds_driver' returned '0': CMAKE_PREFIX_PATH=${CMAKE_PREFIX_PATH}:/home/bwuk/turtlebot3_ws/install/test1:/home/bwuk/turtlebot3_ws/install/turtlebot3_teleop:/home/bwuk/turtlebot3_ws/install/turtlebot3_example:/opt/ros/foxy /usr/bin/cmake --build /home/bwuk/turtlebot3_ws/build/hls_lfcd_lds_driver -- -j8 -l8
[2.173s] DEBUG:colcon.colcon_core.event_handler.log_command:Invoking command in '/home/bwuk/turtlebot3_ws/build/hls_lfcd_lds_driver': CMAKE_PREFIX_PATH=${CMAKE_PREFIX_PATH}:/home/bwuk/turtlebot3_ws/install/test1:/home/bwuk/turtlebot3_ws/install/turtlebot3_teleop:/home/bwuk/turtlebot3_ws/install/turtlebot3_example:/opt/ros/foxy /usr/bin/cmake --install /home/bwuk/turtlebot3_ws/build/hls_lfcd_lds_driver
[2.421s] Level 1:colcon.colcon_core.environment:create_environment_scripts_only(hls_lfcd_lds_driver)
[2.422s] Level 1:colcon.colcon_core.environment:checking '/home/bwuk/turtlebot3_ws/install/hls_lfcd_lds_driver' for CMake module files
[2.423s] DEBUG:colcon.colcon_core.event_handler.log_command:Invoked command in '/home/bwuk/turtlebot3_ws/build/hls_lfcd_lds_driver' returned '0': CMAKE_PREFIX_PATH=${CMAKE_PREFIX_PATH}:/home/bwuk/turtlebot3_ws/install/test1:/home/bwuk/turtlebot3_ws/install/turtlebot3_teleop:/home/bwuk/turtlebot3_ws/install/turtlebot3_example:/opt/ros/foxy /usr/bin/cmake --install /home/bwuk/turtlebot3_ws/build/hls_lfcd_lds_driver
[2.424s] Level 1:colcon.colcon_core.environment:checking '/home/bwuk/turtlebot3_ws/install/hls_lfcd_lds_driver' for CMake config files
[2.424s] Level 1:colcon.colcon_core.shell:create_environment_hook('hls_lfcd_lds_driver', 'cmake_prefix_path')
[2.425s] INFO:colcon.colcon_core.shell:Creating environment hook '/home/bwuk/turtlebot3_ws/install/hls_lfcd_lds_driver/share/hls_lfcd_lds_driver/hook/cmake_prefix_path.ps1'
[2.426s] INFO:colcon.colcon_core.shell:Creating environment descriptor '/home/bwuk/turtlebot3_ws/install/hls_lfcd_lds_driver/share/hls_lfcd_lds_driver/hook/cmake_prefix_path.dsv'
[2.426s] INFO:colcon.colcon_core.shell:Creating environment hook '/home/bwuk/turtlebot3_ws/install/hls_lfcd_lds_driver/share/hls_lfcd_lds_driver/hook/cmake_prefix_path.sh'
[2.427s] Level 1:colcon.colcon_core.environment:checking '/home/bwuk/turtlebot3_ws/install/hls_lfcd_lds_driver/lib'
[2.427s] Level 1:colcon.colcon_core.environment:checking '/home/bwuk/turtlebot3_ws/install/hls_lfcd_lds_driver/bin'
[2.427s] Level 1:colcon.colcon_core.environment:checking '/home/bwuk/turtlebot3_ws/install/hls_lfcd_lds_driver/lib/pkgconfig/hls_lfcd_lds_driver.pc'
[2.427s] Level 1:colcon.colcon_core.environment:checking '/home/bwuk/turtlebot3_ws/install/hls_lfcd_lds_driver/lib/python3.8/site-packages'
[2.428s] INFO:colcon.colcon_core.shell:Creating package script '/home/bwuk/turtlebot3_ws/install/hls_lfcd_lds_driver/share/hls_lfcd_lds_driver/package.ps1'
[2.429s] INFO:colcon.colcon_core.shell:Creating package descriptor '/home/bwuk/turtlebot3_ws/install/hls_lfcd_lds_driver/share/hls_lfcd_lds_driver/package.dsv'
[2.429s] INFO:colcon.colcon_core.shell:Creating package script '/home/bwuk/turtlebot3_ws/install/hls_lfcd_lds_driver/share/hls_lfcd_lds_driver/package.sh'
[2.430s] INFO:colcon.colcon_core.shell:Creating package script '/home/bwuk/turtlebot3_ws/install/hls_lfcd_lds_driver/share/hls_lfcd_lds_driver/package.bash'
[2.430s] INFO:colcon.colcon_core.shell:Creating package script '/home/bwuk/turtlebot3_ws/install/hls_lfcd_lds_driver/share/hls_lfcd_lds_driver/package.zsh'
[2.431s] Level 1:colcon.colcon_core.environment:create_file_with_runtime_dependencies(/home/bwuk/turtlebot3_ws/install/hls_lfcd_lds_driver/share/colcon-core/packages/hls_lfcd_lds_driver)
[2.457s] Level 1:colcon.colcon_core.environment:create_environment_scripts_only(hls_lfcd_lds_driver)
[2.459s] Level 1:colcon.colcon_core.environment:checking '/home/bwuk/turtlebot3_ws/install/hls_lfcd_lds_driver' for CMake module files
[2.459s] Level 1:colcon.colcon_core.environment:checking '/home/bwuk/turtlebot3_ws/install/hls_lfcd_lds_driver' for CMake config files
[2.460s] Level 1:colcon.colcon_core.shell:create_environment_hook('hls_lfcd_lds_driver', 'cmake_prefix_path')
[2.460s] INFO:colcon.colcon_core.shell:Creating environment hook '/home/bwuk/turtlebot3_ws/install/hls_lfcd_lds_driver/share/hls_lfcd_lds_driver/hook/cmake_prefix_path.ps1'
[2.461s] INFO:colcon.colcon_core.shell:Creating environment descriptor '/home/bwuk/turtlebot3_ws/install/hls_lfcd_lds_driver/share/hls_lfcd_lds_driver/hook/cmake_prefix_path.dsv'
[2.461s] INFO:colcon.colcon_core.shell:Creating environment hook '/home/bwuk/turtlebot3_ws/install/hls_lfcd_lds_driver/share/hls_lfcd_lds_driver/hook/cmake_prefix_path.sh'
[2.462s] Level 1:colcon.colcon_core.environment:checking '/home/bwuk/turtlebot3_ws/install/hls_lfcd_lds_driver/lib'
[2.462s] Level 1:colcon.colcon_core.environment:checking '/home/bwuk/turtlebot3_ws/install/hls_lfcd_lds_driver/bin'
[2.462s] Level 1:colcon.colcon_core.environment:checking '/home/bwuk/turtlebot3_ws/install/hls_lfcd_lds_driver/lib/pkgconfig/hls_lfcd_lds_driver.pc'
[2.462s] Level 1:colcon.colcon_core.environment:checking '/home/bwuk/turtlebot3_ws/install/hls_lfcd_lds_driver/lib/python3.8/site-packages'
[2.463s] INFO:colcon.colcon_core.shell:Creating package script '/home/bwuk/turtlebot3_ws/install/hls_lfcd_lds_driver/share/hls_lfcd_lds_driver/package.ps1'
[2.464s] INFO:colcon.colcon_core.shell:Creating package descriptor '/home/bwuk/turtlebot3_ws/install/hls_lfcd_lds_driver/share/hls_lfcd_lds_driver/package.dsv'
[2.464s] INFO:colcon.colcon_core.shell:Creating package script '/home/bwuk/turtlebot3_ws/install/hls_lfcd_lds_driver/share/hls_lfcd_lds_driver/package.sh'
[2.465s] INFO:colcon.colcon_core.shell:Creating package script '/home/bwuk/turtlebot3_ws/install/hls_lfcd_lds_driver/share/hls_lfcd_lds_driver/package.bash'
[2.465s] INFO:colcon.colcon_core.shell:Creating package script '/home/bwuk/turtlebot3_ws/install/hls_lfcd_lds_driver/share/hls_lfcd_lds_driver/package.zsh'
[2.465s] Level 1:colcon.colcon_core.environment:create_file_with_runtime_dependencies(/home/bwuk/turtlebot3_ws/install/hls_lfcd_lds_driver/share/colcon-core/packages/hls_lfcd_lds_driver)
[14.656s] DEBUG:colcon.colcon_core.event_handler.log_command:Invoked command in '/home/bwuk/turtlebot3_ws/build/turtlebot3_fake_node' returned '0': CMAKE_PREFIX_PATH=${CMAKE_PREFIX_PATH}:/home/bwuk/turtlebot3_ws/install/test1:/home/bwuk/turtlebot3_ws/install/turtlebot3_teleop:/home/bwuk/turtlebot3_ws/install/turtlebot3_example:/opt/ros/foxy /usr/bin/cmake --build /home/bwuk/turtlebot3_ws/build/turtlebot3_fake_node -- -j8 -l8
[14.695s] DEBUG:colcon.colcon_core.event_handler.log_command:Invoking command in '/home/bwuk/turtlebot3_ws/build/turtlebot3_fake_node': CMAKE_PREFIX_PATH=${CMAKE_PREFIX_PATH}:/home/bwuk/turtlebot3_ws/install/test1:/home/bwuk/turtlebot3_ws/install/turtlebot3_teleop:/home/bwuk/turtlebot3_ws/install/turtlebot3_example:/opt/ros/foxy /usr/bin/cmake --install /home/bwuk/turtlebot3_ws/build/turtlebot3_fake_node
[14.747s] Level 1:colcon.colcon_core.environment:create_environment_scripts_only(turtlebot3_fake_node)
[14.750s] Level 1:colcon.colcon_core.environment:checking '/home/bwuk/turtlebot3_ws/install/turtlebot3_fake_node' for CMake module files
[14.751s] DEBUG:colcon.colcon_core.event_handler.log_command:Invoked command in '/home/bwuk/turtlebot3_ws/build/turtlebot3_fake_node' returned '0': CMAKE_PREFIX_PATH=${CMAKE_PREFIX_PATH}:/home/bwuk/turtlebot3_ws/install/test1:/home/bwuk/turtlebot3_ws/install/turtlebot3_teleop:/home/bwuk/turtlebot3_ws/install/turtlebot3_example:/opt/ros/foxy /usr/bin/cmake --install /home/bwuk/turtlebot3_ws/build/turtlebot3_fake_node
[14.752s] Level 1:colcon.colcon_core.environment:checking '/home/bwuk/turtlebot3_ws/install/turtlebot3_fake_node' for CMake config files
[14.753s] Level 1:colcon.colcon_core.shell:create_environment_hook('turtlebot3_fake_node', 'cmake_prefix_path')
[14.753s] INFO:colcon.colcon_core.shell:Creating environment hook '/home/bwuk/turtlebot3_ws/install/turtlebot3_fake_node/share/turtlebot3_fake_node/hook/cmake_prefix_path.ps1'
[14.756s] INFO:colcon.colcon_core.shell:Creating environment descriptor '/home/bwuk/turtlebot3_ws/install/turtlebot3_fake_node/share/turtlebot3_fake_node/hook/cmake_prefix_path.dsv'
[14.757s] INFO:colcon.colcon_core.shell:Creating environment hook '/home/bwuk/turtlebot3_ws/install/turtlebot3_fake_node/share/turtlebot3_fake_node/hook/cmake_prefix_path.sh'
[14.758s] Level 1:colcon.colcon_core.environment:checking '/home/bwuk/turtlebot3_ws/install/turtlebot3_fake_node/lib'
[14.758s] Level 1:colcon.colcon_core.environment:checking '/home/bwuk/turtlebot3_ws/install/turtlebot3_fake_node/bin'
[14.758s] Level 1:colcon.colcon_core.environment:checking '/home/bwuk/turtlebot3_ws/install/turtlebot3_fake_node/lib/pkgconfig/turtlebot3_fake_node.pc'
[14.759s] Level 1:colcon.colcon_core.environment:checking '/home/bwuk/turtlebot3_ws/install/turtlebot3_fake_node/lib/python3.8/site-packages'
[14.760s] INFO:colcon.colcon_core.shell:Creating package script '/home/bwuk/turtlebot3_ws/install/turtlebot3_fake_node/share/turtlebot3_fake_node/package.ps1'
[14.761s] INFO:colcon.colcon_core.shell:Creating package descriptor '/home/bwuk/turtlebot3_ws/install/turtlebot3_fake_node/share/turtlebot3_fake_node/package.dsv'
[14.764s] INFO:colcon.colcon_core.shell:Creating package script '/home/bwuk/turtlebot3_ws/install/turtlebot3_fake_node/share/turtlebot3_fake_node/package.sh'
[14.764s] INFO:colcon.colcon_core.shell:Creating package script '/home/bwuk/turtlebot3_ws/install/turtlebot3_fake_node/share/turtlebot3_fake_node/package.bash'
[14.766s] INFO:colcon.colcon_core.shell:Creating package script '/home/bwuk/turtlebot3_ws/install/turtlebot3_fake_node/share/turtlebot3_fake_node/package.zsh'
[14.768s] Level 1:colcon.colcon_core.environment:create_file_with_runtime_dependencies(/home/bwuk/turtlebot3_ws/install/turtlebot3_fake_node/share/colcon-core/packages/turtlebot3_fake_node)
[14.809s] Level 1:colcon.colcon_core.environment:create_environment_scripts_only(turtlebot3_fake_node)
[14.811s] Level 1:colcon.colcon_core.environment:checking '/home/bwuk/turtlebot3_ws/install/turtlebot3_fake_node' for CMake module files
[14.813s] Level 1:colcon.colcon_core.environment:checking '/home/bwuk/turtlebot3_ws/install/turtlebot3_fake_node' for CMake config files
[14.813s] Level 1:colcon.colcon_core.shell:create_environment_hook('turtlebot3_fake_node', 'cmake_prefix_path')
[14.815s] INFO:colcon.colcon_core.shell:Creating environment hook '/home/bwuk/turtlebot3_ws/install/turtlebot3_fake_node/share/turtlebot3_fake_node/hook/cmake_prefix_path.ps1'
[14.816s] INFO:colcon.colcon_core.shell:Creating environment descriptor '/home/bwuk/turtlebot3_ws/install/turtlebot3_fake_node/share/turtlebot3_fake_node/hook/cmake_prefix_path.dsv'
[14.817s] INFO:colcon.colcon_core.shell:Creating environment hook '/home/bwuk/turtlebot3_ws/install/turtlebot3_fake_node/share/turtlebot3_fake_node/hook/cmake_prefix_path.sh'
[14.818s] Level 1:colcon.colcon_core.environment:checking '/home/bwuk/turtlebot3_ws/install/turtlebot3_fake_node/lib'
[14.819s] Level 1:colcon.colcon_core.environment:checking '/home/bwuk/turtlebot3_ws/install/turtlebot3_fake_node/bin'
[14.819s] Level 1:colcon.colcon_core.environment:checking '/home/bwuk/turtlebot3_ws/install/turtlebot3_fake_node/lib/pkgconfig/turtlebot3_fake_node.pc'
[14.819s] Level 1:colcon.colcon_core.environment:checking '/home/bwuk/turtlebot3_ws/install/turtlebot3_fake_node/lib/python3.8/site-packages'
[14.820s] INFO:colcon.colcon_core.shell:Creating package script '/home/bwuk/turtlebot3_ws/install/turtlebot3_fake_node/share/turtlebot3_fake_node/package.ps1'
[14.821s] INFO:colcon.colcon_core.shell:Creating package descriptor '/home/bwuk/turtlebot3_ws/install/turtlebot3_fake_node/share/turtlebot3_fake_node/package.dsv'
[14.822s] INFO:colcon.colcon_core.shell:Creating package script '/home/bwuk/turtlebot3_ws/install/turtlebot3_fake_node/share/turtlebot3_fake_node/package.sh'
[14.823s] INFO:colcon.colcon_core.shell:Creating package script '/home/bwuk/turtlebot3_ws/install/turtlebot3_fake_node/share/turtlebot3_fake_node/package.bash'
[14.823s] INFO:colcon.colcon_core.shell:Creating package script '/home/bwuk/turtlebot3_ws/install/turtlebot3_fake_node/share/turtlebot3_fake_node/package.zsh'
[14.824s] Level 1:colcon.colcon_core.environment:create_file_with_runtime_dependencies(/home/bwuk/turtlebot3_ws/install/turtlebot3_fake_node/share/colcon-core/packages/turtlebot3_fake_node)
[20.755s] DEBUG:colcon.colcon_core.event_handler.log_command:Invoked command in '/home/bwuk/turtlebot3_ws/build/turtlebot3_gazebo' returned '0': CMAKE_PREFIX_PATH=${CMAKE_PREFIX_PATH}:/home/bwuk/turtlebot3_ws/install/test1:/home/bwuk/turtlebot3_ws/install/turtlebot3_teleop:/home/bwuk/turtlebot3_ws/install/turtlebot3_example:/opt/ros/foxy /usr/bin/cmake --build /home/bwuk/turtlebot3_ws/build/turtlebot3_gazebo -- -j8 -l8
[20.795s] DEBUG:colcon.colcon_core.event_handler.log_command:Invoking command in '/home/bwuk/turtlebot3_ws/build/turtlebot3_gazebo': CMAKE_PREFIX_PATH=${CMAKE_PREFIX_PATH}:/home/bwuk/turtlebot3_ws/install/test1:/home/bwuk/turtlebot3_ws/install/turtlebot3_teleop:/home/bwuk/turtlebot3_ws/install/turtlebot3_example:/opt/ros/foxy /usr/bin/cmake --install /home/bwuk/turtlebot3_ws/build/turtlebot3_gazebo
[20.871s] Level 1:colcon.colcon_core.environment:create_environment_scripts_only(turtlebot3_gazebo)
[20.872s] Level 1:colcon.colcon_core.environment:checking '/home/bwuk/turtlebot3_ws/install/turtlebot3_gazebo' for CMake module files
[20.873s] DEBUG:colcon.colcon_core.event_handler.log_command:Invoked command in '/home/bwuk/turtlebot3_ws/build/turtlebot3_gazebo' returned '0': CMAKE_PREFIX_PATH=${CMAKE_PREFIX_PATH}:/home/bwuk/turtlebot3_ws/install/test1:/home/bwuk/turtlebot3_ws/install/turtlebot3_teleop:/home/bwuk/turtlebot3_ws/install/turtlebot3_example:/opt/ros/foxy /usr/bin/cmake --install /home/bwuk/turtlebot3_ws/build/turtlebot3_gazebo
[20.873s] Level 1:colcon.colcon_core.environment:checking '/home/bwuk/turtlebot3_ws/install/turtlebot3_gazebo' for CMake config files
[20.875s] Level 1:colcon.colcon_core.shell:create_environment_hook('turtlebot3_gazebo', 'cmake_prefix_path')
[20.876s] INFO:colcon.colcon_core.shell:Creating environment hook '/home/bwuk/turtlebot3_ws/install/turtlebot3_gazebo/share/turtlebot3_gazebo/hook/cmake_prefix_path.ps1'
[20.876s] INFO:colcon.colcon_core.shell:Creating environment descriptor '/home/bwuk/turtlebot3_ws/install/turtlebot3_gazebo/share/turtlebot3_gazebo/hook/cmake_prefix_path.dsv'
[20.877s] INFO:colcon.colcon_core.shell:Creating environment hook '/home/bwuk/turtlebot3_ws/install/turtlebot3_gazebo/share/turtlebot3_gazebo/hook/cmake_prefix_path.sh'
[20.877s] Level 1:colcon.colcon_core.environment:checking '/home/bwuk/turtlebot3_ws/install/turtlebot3_gazebo/lib'
[20.877s] Level 1:colcon.colcon_core.environment:checking '/home/bwuk/turtlebot3_ws/install/turtlebot3_gazebo/bin'
[20.877s] Level 1:colcon.colcon_core.environment:checking '/home/bwuk/turtlebot3_ws/install/turtlebot3_gazebo/lib/pkgconfig/turtlebot3_gazebo.pc'
[20.878s] Level 1:colcon.colcon_core.environment:checking '/home/bwuk/turtlebot3_ws/install/turtlebot3_gazebo/lib/python3.8/site-packages'
[20.878s] INFO:colcon.colcon_core.shell:Creating package script '/home/bwuk/turtlebot3_ws/install/turtlebot3_gazebo/share/turtlebot3_gazebo/package.ps1'
[20.879s] INFO:colcon.colcon_core.shell:Creating package descriptor '/home/bwuk/turtlebot3_ws/install/turtlebot3_gazebo/share/turtlebot3_gazebo/package.dsv'
[20.879s] INFO:colcon.colcon_core.shell:Creating package script '/home/bwuk/turtlebot3_ws/install/turtlebot3_gazebo/share/turtlebot3_gazebo/package.sh'
[20.880s] INFO:colcon.colcon_core.shell:Creating package script '/home/bwuk/turtlebot3_ws/install/turtlebot3_gazebo/share/turtlebot3_gazebo/package.bash'
[20.880s] INFO:colcon.colcon_core.shell:Creating package script '/home/bwuk/turtlebot3_ws/install/turtlebot3_gazebo/share/turtlebot3_gazebo/package.zsh'
[20.880s] Level 1:colcon.colcon_core.environment:create_file_with_runtime_dependencies(/home/bwuk/turtlebot3_ws/install/turtlebot3_gazebo/share/colcon-core/packages/turtlebot3_gazebo)
[20.918s] Level 1:colcon.colcon_core.environment:create_environment_scripts_only(turtlebot3_gazebo)
[20.919s] Level 1:colcon.colcon_core.environment:checking '/home/bwuk/turtlebot3_ws/install/turtlebot3_gazebo' for CMake module files
[20.920s] Level 1:colcon.colcon_core.environment:checking '/home/bwuk/turtlebot3_ws/install/turtlebot3_gazebo' for CMake config files
[20.922s] Level 1:colcon.colcon_core.shell:create_environment_hook('turtlebot3_gazebo', 'cmake_prefix_path')
[20.922s] INFO:colcon.colcon_core.shell:Creating environment hook '/home/bwuk/turtlebot3_ws/install/turtlebot3_gazebo/share/turtlebot3_gazebo/hook/cmake_prefix_path.ps1'
[20.923s] INFO:colcon.colcon_core.shell:Creating environment descriptor '/home/bwuk/turtlebot3_ws/install/turtlebot3_gazebo/share/turtlebot3_gazebo/hook/cmake_prefix_path.dsv'
[20.923s] INFO:colcon.colcon_core.shell:Creating environment hook '/home/bwuk/turtlebot3_ws/install/turtlebot3_gazebo/share/turtlebot3_gazebo/hook/cmake_prefix_path.sh'
[20.924s] Level 1:colcon.colcon_core.environment:checking '/home/bwuk/turtlebot3_ws/install/turtlebot3_gazebo/lib'
[20.924s] Level 1:colcon.colcon_core.environment:checking '/home/bwuk/turtlebot3_ws/install/turtlebot3_gazebo/bin'
[20.924s] Level 1:colcon.colcon_core.environment:checking '/home/bwuk/turtlebot3_ws/install/turtlebot3_gazebo/lib/pkgconfig/turtlebot3_gazebo.pc'
[20.924s] Level 1:colcon.colcon_core.environment:checking '/home/bwuk/turtlebot3_ws/install/turtlebot3_gazebo/lib/python3.8/site-packages'
[20.925s] INFO:colcon.colcon_core.shell:Creating package script '/home/bwuk/turtlebot3_ws/install/turtlebot3_gazebo/share/turtlebot3_gazebo/package.ps1'
[20.925s] INFO:colcon.colcon_core.shell:Creating package descriptor '/home/bwuk/turtlebot3_ws/install/turtlebot3_gazebo/share/turtlebot3_gazebo/package.dsv'
[20.926s] INFO:colcon.colcon_core.shell:Creating package script '/home/bwuk/turtlebot3_ws/install/turtlebot3_gazebo/share/turtlebot3_gazebo/package.sh'
[20.926s] INFO:colcon.colcon_core.shell:Creating package script '/home/bwuk/turtlebot3_ws/install/turtlebot3_gazebo/share/turtlebot3_gazebo/package.bash'
[20.927s] INFO:colcon.colcon_core.shell:Creating package script '/home/bwuk/turtlebot3_ws/install/turtlebot3_gazebo/share/turtlebot3_gazebo/package.zsh'
[20.927s] Level 1:colcon.colcon_core.environment:create_file_with_runtime_dependencies(/home/bwuk/turtlebot3_ws/install/turtlebot3_gazebo/share/colcon-core/packages/turtlebot3_gazebo)
[20.928s] INFO:colcon.colcon_ros.task.ament_cmake.build:Building ROS package in '/home/bwuk/turtlebot3_ws/src/turtlebot3_simulations/turtlebot3_simulations' with build type 'ament_cmake'
[20.928s] INFO:colcon.colcon_cmake.task.cmake.build:Building CMake package in '/home/bwuk/turtlebot3_ws/src/turtlebot3_simulations/turtlebot3_simulations'
[20.929s] INFO:colcon.colcon_core.shell:Skip shell extension 'powershell' for command environment: Not usable outside of PowerShell
[20.929s] DEBUG:colcon.colcon_core.shell:Skip shell extension 'dsv' for command environment
[20.938s] DEBUG:colcon.colcon_core.shell:Ignoring prefix path '/opt/ros/foxy'
[20.951s] DEBUG:colcon.colcon_core.event_handler.log_command:Invoking command in '/home/bwuk/turtlebot3_ws/build/turtlebot3_simulations': CMAKE_PREFIX_PATH=/home/bwuk/turtlebot3_ws/install/turtlebot3_gazebo:/home/bwuk/turtlebot3_ws/install/turtlebot3_fake_node:/home/bwuk/turtlebot3_ws/install/hls_lfcd_lds_driver:/home/bwuk/turtlebot3_ws/install/dynamixel_sdk:/home/bwuk/turtlebot3_ws/install/turtlebot3_simulations:/home/bwuk/turtlebot3_ws/install/turtlebot3:/home/bwuk/turtlebot3_ws/install/turtlebot3_bringup:/home/bwuk/turtlebot3_ws/install/turtlebot3_node:/home/bwuk/turtlebot3_ws/install/turtlebot3_navigation2:/home/bwuk/turtlebot3_ws/install/turtlebot3_msgs:/home/bwuk/turtlebot3_ws/install/turtlebot3_description:/home/bwuk/turtlebot3_ws/install/turtlebot3_cartographer:/home/bwuk/turtlebot3_ws/install/test1:/home/bwuk/turtlebot3_ws/install/turtlebot3_teleop:/home/bwuk/turtlebot3_ws/install/turtlebot3_example:/opt/ros/foxy /usr/bin/cmake --build /home/bwuk/turtlebot3_ws/build/turtlebot3_simulations -- -j8 -l8
[21.472s] DEBUG:colcon.colcon_core.event_handler.log_command:Invoked command in '/home/bwuk/turtlebot3_ws/build/turtlebot3_simulations' returned '0': CMAKE_PREFIX_PATH=/home/bwuk/turtlebot3_ws/install/turtlebot3_gazebo:/home/bwuk/turtlebot3_ws/install/turtlebot3_fake_node:/home/bwuk/turtlebot3_ws/install/hls_lfcd_lds_driver:/home/bwuk/turtlebot3_ws/install/dynamixel_sdk:/home/bwuk/turtlebot3_ws/install/turtlebot3_simulations:/home/bwuk/turtlebot3_ws/install/turtlebot3:/home/bwuk/turtlebot3_ws/install/turtlebot3_bringup:/home/bwuk/turtlebot3_ws/install/turtlebot3_node:/home/bwuk/turtlebot3_ws/install/turtlebot3_navigation2:/home/bwuk/turtlebot3_ws/install/turtlebot3_msgs:/home/bwuk/turtlebot3_ws/install/turtlebot3_description:/home/bwuk/turtlebot3_ws/install/turtlebot3_cartographer:/home/bwuk/turtlebot3_ws/install/test1:/home/bwuk/turtlebot3_ws/install/turtlebot3_teleop:/home/bwuk/turtlebot3_ws/install/turtlebot3_example:/opt/ros/foxy /usr/bin/cmake --build /home/bwuk/turtlebot3_ws/build/turtlebot3_simulations -- -j8 -l8
[21.498s] DEBUG:colcon.colcon_core.event_handler.log_command:Invoking command in '/home/bwuk/turtlebot3_ws/build/turtlebot3_simulations': CMAKE_PREFIX_PATH=/home/bwuk/turtlebot3_ws/install/turtlebot3_gazebo:/home/bwuk/turtlebot3_ws/install/turtlebot3_fake_node:/home/bwuk/turtlebot3_ws/install/hls_lfcd_lds_driver:/home/bwuk/turtlebot3_ws/install/dynamixel_sdk:/home/bwuk/turtlebot3_ws/install/turtlebot3_simulations:/home/bwuk/turtlebot3_ws/install/turtlebot3:/home/bwuk/turtlebot3_ws/install/turtlebot3_bringup:/home/bwuk/turtlebot3_ws/install/turtlebot3_node:/home/bwuk/turtlebot3_ws/install/turtlebot3_navigation2:/home/bwuk/turtlebot3_ws/install/turtlebot3_msgs:/home/bwuk/turtlebot3_ws/install/turtlebot3_description:/home/bwuk/turtlebot3_ws/install/turtlebot3_cartographer:/home/bwuk/turtlebot3_ws/install/test1:/home/bwuk/turtlebot3_ws/install/turtlebot3_teleop:/home/bwuk/turtlebot3_ws/install/turtlebot3_example:/opt/ros/foxy /usr/bin/cmake --install /home/bwuk/turtlebot3_ws/build/turtlebot3_simulations
[21.531s] Level 1:colcon.colcon_core.environment:create_environment_scripts_only(turtlebot3_simulations)
[21.533s] Level 1:colcon.colcon_core.environment:checking '/home/bwuk/turtlebot3_ws/install/turtlebot3_simulations' for CMake module files
[21.534s] DEBUG:colcon.colcon_core.event_handler.log_command:Invoked command in '/home/bwuk/turtlebot3_ws/build/turtlebot3_simulations' returned '0': CMAKE_PREFIX_PATH=/home/bwuk/turtlebot3_ws/install/turtlebot3_gazebo:/home/bwuk/turtlebot3_ws/install/turtlebot3_fake_node:/home/bwuk/turtlebot3_ws/install/hls_lfcd_lds_driver:/home/bwuk/turtlebot3_ws/install/dynamixel_sdk:/home/bwuk/turtlebot3_ws/install/turtlebot3_simulations:/home/bwuk/turtlebot3_ws/install/turtlebot3:/home/bwuk/turtlebot3_ws/install/turtlebot3_bringup:/home/bwuk/turtlebot3_ws/install/turtlebot3_node:/home/bwuk/turtlebot3_ws/install/turtlebot3_navigation2:/home/bwuk/turtlebot3_ws/install/turtlebot3_msgs:/home/bwuk/turtlebot3_ws/install/turtlebot3_description:/home/bwuk/turtlebot3_ws/install/turtlebot3_cartographer:/home/bwuk/turtlebot3_ws/install/test1:/home/bwuk/turtlebot3_ws/install/turtlebot3_teleop:/home/bwuk/turtlebot3_ws/install/turtlebot3_example:/opt/ros/foxy /usr/bin/cmake --install /home/bwuk/turtlebot3_ws/build/turtlebot3_simulations
[21.534s] Level 1:colcon.colcon_core.environment:checking '/home/bwuk/turtlebot3_ws/install/turtlebot3_simulations' for CMake config files
[21.534s] Level 1:colcon.colcon_core.shell:create_environment_hook('turtlebot3_simulations', 'cmake_prefix_path')
[21.535s] INFO:colcon.colcon_core.shell:Creating environment hook '/home/bwuk/turtlebot3_ws/install/turtlebot3_simulations/share/turtlebot3_simulations/hook/cmake_prefix_path.ps1'
[21.536s] INFO:colcon.colcon_core.shell:Creating environment descriptor '/home/bwuk/turtlebot3_ws/install/turtlebot3_simulations/share/turtlebot3_simulations/hook/cmake_prefix_path.dsv'
[21.537s] INFO:colcon.colcon_core.shell:Creating environment hook '/home/bwuk/turtlebot3_ws/install/turtlebot3_simulations/share/turtlebot3_simulations/hook/cmake_prefix_path.sh'
[21.537s] Level 1:colcon.colcon_core.environment:checking '/home/bwuk/turtlebot3_ws/install/turtlebot3_simulations/bin'
[21.537s] Level 1:colcon.colcon_core.environment:checking '/home/bwuk/turtlebot3_ws/install/turtlebot3_simulations/lib/pkgconfig/turtlebot3_simulations.pc'
[21.537s] Level 1:colcon.colcon_core.environment:checking '/home/bwuk/turtlebot3_ws/install/turtlebot3_simulations/lib/python3.8/site-packages'
[21.538s] INFO:colcon.colcon_core.shell:Creating package script '/home/bwuk/turtlebot3_ws/install/turtlebot3_simulations/share/turtlebot3_simulations/package.ps1'
[21.539s] INFO:colcon.colcon_core.shell:Creating package descriptor '/home/bwuk/turtlebot3_ws/install/turtlebot3_simulations/share/turtlebot3_simulations/package.dsv'
[21.539s] INFO:colcon.colcon_core.shell:Creating package script '/home/bwuk/turtlebot3_ws/install/turtlebot3_simulations/share/turtlebot3_simulations/package.sh'
[21.540s] INFO:colcon.colcon_core.shell:Creating package script '/home/bwuk/turtlebot3_ws/install/turtlebot3_simulations/share/turtlebot3_simulations/package.bash'
[21.540s] INFO:colcon.colcon_core.shell:Creating package script '/home/bwuk/turtlebot3_ws/install/turtlebot3_simulations/share/turtlebot3_simulations/package.zsh'
[21.540s] Level 1:colcon.colcon_core.environment:create_file_with_runtime_dependencies(/home/bwuk/turtlebot3_ws/install/turtlebot3_simulations/share/colcon-core/packages/turtlebot3_simulations)
[21.565s] Level 1:colcon.colcon_core.environment:create_environment_scripts_only(turtlebot3_simulations)
[21.566s] Level 1:colcon.colcon_core.environment:checking '/home/bwuk/turtlebot3_ws/install/turtlebot3_simulations' for CMake module files
[21.567s] Level 1:colcon.colcon_core.environment:checking '/home/bwuk/turtlebot3_ws/install/turtlebot3_simulations' for CMake config files
[21.567s] Level 1:colcon.colcon_core.shell:create_environment_hook('turtlebot3_simulations', 'cmake_prefix_path')
[21.568s] INFO:colcon.colcon_core.shell:Creating environment hook '/home/bwuk/turtlebot3_ws/install/turtlebot3_simulations/share/turtlebot3_simulations/hook/cmake_prefix_path.ps1'
[21.569s] INFO:colcon.colcon_core.shell:Creating environment descriptor '/home/bwuk/turtlebot3_ws/install/turtlebot3_simulations/share/turtlebot3_simulations/hook/cmake_prefix_path.dsv'
[21.569s] INFO:colcon.colcon_core.shell:Creating environment hook '/home/bwuk/turtlebot3_ws/install/turtlebot3_simulations/share/turtlebot3_simulations/hook/cmake_prefix_path.sh'
[21.570s] Level 1:colcon.colcon_core.environment:checking '/home/bwuk/turtlebot3_ws/install/turtlebot3_simulations/bin'
[21.570s] Level 1:colcon.colcon_core.environment:checking '/home/bwuk/turtlebot3_ws/install/turtlebot3_simulations/lib/pkgconfig/turtlebot3_simulations.pc'
[21.570s] Level 1:colcon.colcon_core.environment:checking '/home/bwuk/turtlebot3_ws/install/turtlebot3_simulations/lib/python3.8/site-packages'
[21.571s] INFO:colcon.colcon_core.shell:Creating package script '/home/bwuk/turtlebot3_ws/install/turtlebot3_simulations/share/turtlebot3_simulations/package.ps1'
[21.571s] INFO:colcon.colcon_core.shell:Creating package descriptor '/home/bwuk/turtlebot3_ws/install/turtlebot3_simulations/share/turtlebot3_simulations/package.dsv'
[21.572s] INFO:colcon.colcon_core.shell:Creating package script '/home/bwuk/turtlebot3_ws/install/turtlebot3_simulations/share/turtlebot3_simulations/package.sh'
[21.572s] INFO:colcon.colcon_core.shell:Creating package script '/home/bwuk/turtlebot3_ws/install/turtlebot3_simulations/share/turtlebot3_simulations/package.bash'
[21.573s] INFO:colcon.colcon_core.shell:Creating package script '/home/bwuk/turtlebot3_ws/install/turtlebot3_simulations/share/turtlebot3_simulations/package.zsh'
[21.573s] Level 1:colcon.colcon_core.environment:create_file_with_runtime_dependencies(/home/bwuk/turtlebot3_ws/install/turtlebot3_simulations/share/colcon-core/packages/turtlebot3_simulations)
[21.574s] DEBUG:colcon.colcon_parallel_executor.executor.parallel:closing loop
[21.574s] DEBUG:colcon.colcon_parallel_executor.executor.parallel:loop closed
[21.574s] DEBUG:colcon.colcon_parallel_executor.executor.parallel:run_until_complete finished with '0'
[21.574s] DEBUG:colcon.colcon_core.event_reactor:joining thread
[21.590s] INFO:colcon.colcon_core.plugin_system:Skipping extension 'colcon_notification.desktop_notification.terminal_notifier': Not used on non-Darwin systems
[21.591s] INFO:colcon.colcon_core.plugin_system:Skipping extension 'colcon_notification.desktop_notification.win32': Not used on non-Windows systems
[21.591s] INFO:colcon.colcon_notification.desktop_notification:Sending desktop notification using 'notify2'
[21.671s] DEBUG:colcon.colcon_core.event_reactor:joined thread
[21.672s] INFO:colcon.colcon_core.shell:Creating prefix script '/home/bwuk/turtlebot3_ws/install/local_setup.ps1'
[21.673s] INFO:colcon.colcon_core.shell:Creating prefix util module '/home/bwuk/turtlebot3_ws/install/_local_setup_util_ps1.py'
[21.674s] INFO:colcon.colcon_core.shell:Creating prefix chain script '/home/bwuk/turtlebot3_ws/install/setup.ps1'
[21.678s] INFO:colcon.colcon_core.shell:Creating prefix script '/home/bwuk/turtlebot3_ws/install/local_setup.sh'
[21.678s] INFO:colcon.colcon_core.shell:Creating prefix util module '/home/bwuk/turtlebot3_ws/install/_local_setup_util_sh.py'
[21.679s] INFO:colcon.colcon_core.shell:Creating prefix chain script '/home/bwuk/turtlebot3_ws/install/setup.sh'
[21.683s] INFO:colcon.colcon_core.shell:Creating prefix script '/home/bwuk/turtlebot3_ws/install/local_setup.bash'
[21.683s] INFO:colcon.colcon_core.shell:Creating prefix chain script '/home/bwuk/turtlebot3_ws/install/setup.bash'
[21.686s] INFO:colcon.colcon_core.shell:Creating prefix script '/home/bwuk/turtlebot3_ws/install/local_setup.zsh'
[21.687s] INFO:colcon.colcon_core.shell:Creating prefix chain script '/home/bwuk/turtlebot3_ws/install/setup.zsh'
