[0.284s] Invoking command in '/home/bwuk/turtlebot3_ws/src/py_pubsub': PYTHONPATH=/home/bwuk/turtlebot3_ws/install/py_pubsub/lib/python3.8/site-packages:${PYTHONPATH} /usr/bin/python3 setup.py egg_info --egg-base ../../build/py_pubsub build --build-base /home/bwuk/turtlebot3_ws/build/py_pubsub/build install --prefix /home/bwuk/turtlebot3_ws/install/py_pubsub --record /home/bwuk/turtlebot3_ws/build/py_pubsub/install.log --single-version-externally-managed
[0.525s] running egg_info
[0.525s] writing ../../build/py_pubsub/py_pubsub.egg-info/PKG-INFO
[0.525s] writing dependency_links to ../../build/py_pubsub/py_pubsub.egg-info/dependency_links.txt
[0.526s] writing entry points to ../../build/py_pubsub/py_pubsub.egg-info/entry_points.txt
[0.526s] writing requirements to ../../build/py_pubsub/py_pubsub.egg-info/requires.txt
[0.526s] writing top-level names to ../../build/py_pubsub/py_pubsub.egg-info/top_level.txt
[0.560s] reading manifest file '../../build/py_pubsub/py_pubsub.egg-info/SOURCES.txt'
[0.561s] writing manifest file '../../build/py_pubsub/py_pubsub.egg-info/SOURCES.txt'
[0.561s] running build
[0.562s] running build_py
[0.562s] copying py_pubsub/subscriber_member_function.py -> /home/bwuk/turtlebot3_ws/build/py_pubsub/build/lib/py_pubsub
[0.562s] running install
[0.563s] running install_lib
[0.564s] copying /home/bwuk/turtlebot3_ws/build/py_pubsub/build/lib/py_pubsub/subscriber_member_function.py -> /home/bwuk/turtlebot3_ws/install/py_pubsub/lib/python3.8/site-packages/py_pubsub
[0.565s] byte-compiling /home/bwuk/turtlebot3_ws/install/py_pubsub/lib/python3.8/site-packages/py_pubsub/subscriber_member_function.py to subscriber_member_function.cpython-38.pyc
[0.566s] running install_data
[0.567s] running install_egg_info
[0.569s] removing '/home/bwuk/turtlebot3_ws/install/py_pubsub/lib/python3.8/site-packages/py_pubsub-0.0.0-py3.8.egg-info' (and everything under it)
[0.569s] Copying ../../build/py_pubsub/py_pubsub.egg-info to /home/bwuk/turtlebot3_ws/install/py_pubsub/lib/python3.8/site-packages/py_pubsub-0.0.0-py3.8.egg-info
[0.570s] running install_scripts
[0.588s] Installing listener script to /home/bwuk/turtlebot3_ws/install/py_pubsub/lib/py_pubsub
[0.588s] Installing talker script to /home/bwuk/turtlebot3_ws/install/py_pubsub/lib/py_pubsub
[0.588s] writing list of installed files to '/home/bwuk/turtlebot3_ws/build/py_pubsub/install.log'
[0.612s] Invoked command in '/home/bwuk/turtlebot3_ws/src/py_pubsub' returned '0': PYTHONPATH=/home/bwuk/turtlebot3_ws/install/py_pubsub/lib/python3.8/site-packages:${PYTHONPATH} /usr/bin/python3 setup.py egg_info --egg-base ../../build/py_pubsub build --build-base /home/bwuk/turtlebot3_ws/build/py_pubsub/build install --prefix /home/bwuk/turtlebot3_ws/install/py_pubsub --record /home/bwuk/turtlebot3_ws/build/py_pubsub/install.log --single-version-externally-managed
