[0.267s] Invoking command in '/home/bwuk/turtlebot3_ws/build/turtlebot3_example': AMENT_PREFIX_PATH=/home/bwuk/turtlebot3_ws/install/turtlebot3_msgs:${AMENT_PREFIX_PATH} CMAKE_PREFIX_PATH=/home/bwuk/turtlebot3_ws/install/turtlebot3_msgs LD_LIBRARY_PATH=/home/bwuk/turtlebot3_ws/install/turtlebot3_msgs/lib:${LD_LIBRARY_PATH} PYTHONPATH=/home/bwuk/turtlebot3_ws/install/turtlebot3_example/lib/python3.8/site-packages:/home/bwuk/turtlebot3_ws/install/turtlebot3_msgs/lib/python3.8/site-packages:${PYTHONPATH} /usr/bin/python3 setup.py develop --prefix /home/bwuk/turtlebot3_ws/install/turtlebot3_example --editable --build-directory /home/bwuk/turtlebot3_ws/build/turtlebot3_example/build --no-deps install_data --install-dir /home/bwuk/turtlebot3_ws/install/turtlebot3_example
[0.512s] running develop
[0.641s] running egg_info
[0.641s] creating turtlebot3_example.egg-info
[0.641s] writing turtlebot3_example.egg-info/PKG-INFO
[0.641s] writing dependency_links to turtlebot3_example.egg-info/dependency_links.txt
[0.641s] writing entry points to turtlebot3_example.egg-info/entry_points.txt
[0.641s] writing requirements to turtlebot3_example.egg-info/requires.txt
[0.641s] writing top-level names to turtlebot3_example.egg-info/top_level.txt
[0.643s] writing manifest file 'turtlebot3_example.egg-info/SOURCES.txt'
[0.673s] reading manifest file 'turtlebot3_example.egg-info/SOURCES.txt'
[0.674s] writing manifest file 'turtlebot3_example.egg-info/SOURCES.txt'
[0.712s] running build_ext
[0.712s] Creating /home/bwuk/turtlebot3_ws/install/turtlebot3_example/lib/python3.8/site-packages/site.py
[0.715s] Creating /home/bwuk/turtlebot3_ws/install/turtlebot3_example/lib/python3.8/site-packages/turtlebot3-example.egg-link (link to .)
[0.715s] Installing turtlebot3_obstacle_detection script to /home/bwuk/turtlebot3_ws/install/turtlebot3_example/lib/turtlebot3_example
[0.715s] Installing turtlebot3_patrol_client script to /home/bwuk/turtlebot3_ws/install/turtlebot3_example/lib/turtlebot3_example
[0.716s] Installing turtlebot3_patrol_server script to /home/bwuk/turtlebot3_ws/install/turtlebot3_example/lib/turtlebot3_example
[0.716s] Installing turtlebot3_position_control script to /home/bwuk/turtlebot3_ws/install/turtlebot3_example/lib/turtlebot3_example
[0.716s] 
[0.716s] Installed /home/bwuk/turtlebot3_ws/build/turtlebot3_example
[0.716s] running install_data
[0.716s] creating /home/bwuk/turtlebot3_ws/install/turtlebot3_example/share/ament_index
[0.716s] creating /home/bwuk/turtlebot3_ws/install/turtlebot3_example/share/ament_index/resource_index
[0.717s] creating /home/bwuk/turtlebot3_ws/install/turtlebot3_example/share/ament_index/resource_index/packages
[0.717s] copying resource/turtlebot3_example -> /home/bwuk/turtlebot3_ws/install/turtlebot3_example/share/ament_index/resource_index/packages
[0.717s] copying package.xml -> /home/bwuk/turtlebot3_ws/install/turtlebot3_example/share/turtlebot3_example
[0.746s] Invoked command in '/home/bwuk/turtlebot3_ws/build/turtlebot3_example' returned '0': AMENT_PREFIX_PATH=/home/bwuk/turtlebot3_ws/install/turtlebot3_msgs:${AMENT_PREFIX_PATH} CMAKE_PREFIX_PATH=/home/bwuk/turtlebot3_ws/install/turtlebot3_msgs LD_LIBRARY_PATH=/home/bwuk/turtlebot3_ws/install/turtlebot3_msgs/lib:${LD_LIBRARY_PATH} PYTHONPATH=/home/bwuk/turtlebot3_ws/install/turtlebot3_example/lib/python3.8/site-packages:/home/bwuk/turtlebot3_ws/install/turtlebot3_msgs/lib/python3.8/site-packages:${PYTHONPATH} /usr/bin/python3 setup.py develop --prefix /home/bwuk/turtlebot3_ws/install/turtlebot3_example --editable --build-directory /home/bwuk/turtlebot3_ws/build/turtlebot3_example/build --no-deps install_data --install-dir /home/bwuk/turtlebot3_ws/install/turtlebot3_example
