[0.311s] Invoking command in '/home/bwuk/turtlebot3_ws/src/build/turtlebot3_teleop': PYTHONPATH=/home/bwuk/turtlebot3_ws/src/install/turtlebot3_teleop/lib/python3.8/site-packages:${PYTHONPATH} /usr/bin/python3 setup.py develop --prefix /home/bwuk/turtlebot3_ws/src/install/turtlebot3_teleop --editable --build-directory /home/bwuk/turtlebot3_ws/src/build/turtlebot3_teleop/build --no-deps install_data --install-dir /home/bwuk/turtlebot3_ws/src/install/turtlebot3_teleop
[0.631s] running develop
[0.830s] running egg_info
[0.830s] creating turtlebot3_teleop.egg-info
[0.830s] writing turtlebot3_teleop.egg-info/PKG-INFO
[0.830s] writing dependency_links to turtlebot3_teleop.egg-info/dependency_links.txt
[0.830s] writing entry points to turtlebot3_teleop.egg-info/entry_points.txt
[0.831s] writing requirements to turtlebot3_teleop.egg-info/requires.txt
[0.831s] writing top-level names to turtlebot3_teleop.egg-info/top_level.txt
[0.833s] writing manifest file 'turtlebot3_teleop.egg-info/SOURCES.txt'
[0.892s] reading manifest file 'turtlebot3_teleop.egg-info/SOURCES.txt'
[0.893s] writing manifest file 'turtlebot3_teleop.egg-info/SOURCES.txt'
[0.957s] running build_ext
[0.957s] Creating /home/bwuk/turtlebot3_ws/src/install/turtlebot3_teleop/lib/python3.8/site-packages/site.py
[0.961s] Creating /home/bwuk/turtlebot3_ws/src/install/turtlebot3_teleop/lib/python3.8/site-packages/turtlebot3-teleop.egg-link (link to .)
[0.962s] Installing teleop_keyboard script to /home/bwuk/turtlebot3_ws/src/install/turtlebot3_teleop/lib/turtlebot3_teleop
[0.962s] 
[0.963s] Installed /home/bwuk/turtlebot3_ws/src/build/turtlebot3_teleop
[0.963s] running install_data
[0.963s] creating /home/bwuk/turtlebot3_ws/src/install/turtlebot3_teleop/share/ament_index
[0.963s] creating /home/bwuk/turtlebot3_ws/src/install/turtlebot3_teleop/share/ament_index/resource_index
[0.963s] creating /home/bwuk/turtlebot3_ws/src/install/turtlebot3_teleop/share/ament_index/resource_index/packages
[0.964s] copying resource/turtlebot3_teleop -> /home/bwuk/turtlebot3_ws/src/install/turtlebot3_teleop/share/ament_index/resource_index/packages
[0.964s] copying package.xml -> /home/bwuk/turtlebot3_ws/src/install/turtlebot3_teleop/share/turtlebot3_teleop
[1.010s] Invoked command in '/home/bwuk/turtlebot3_ws/src/build/turtlebot3_teleop' returned '0': PYTHONPATH=/home/bwuk/turtlebot3_ws/src/install/turtlebot3_teleop/lib/python3.8/site-packages:${PYTHONPATH} /usr/bin/python3 setup.py develop --prefix /home/bwuk/turtlebot3_ws/src/install/turtlebot3_teleop --editable --build-directory /home/bwuk/turtlebot3_ws/src/build/turtlebot3_teleop/build --no-deps install_data --install-dir /home/bwuk/turtlebot3_ws/src/install/turtlebot3_teleop
