[0.048s] Invoking command in '/home/bwuk/turtlebot3_ws/build/dynamixel_sdk': CMAKE_PREFIX_PATH=${CMAKE_PREFIX_PATH}:/home/bwuk/turtlebot3_ws/install/test1:/home/bwuk/turtlebot3_ws/install/turtlebot3_teleop:/home/bwuk/turtlebot3_ws/install/turtlebot3_example:/opt/ros/foxy /usr/bin/cmake /home/bwuk/turtlebot3_ws/src/utils/DynamixelSDK/dynamixel_sdk -DAMENT_CMAKE_SYMLINK_INSTALL=1 -DCMAKE_INSTALL_PREFIX=/home/bwuk/turtlebot3_ws/install/dynamixel_sdk
[0.422s] -- Found ament_cmake: 0.9.8 (/opt/ros/foxy/share/ament_cmake/cmake)
[0.424s] -- Using PYTHON_EXECUTABLE: /usr/bin/python3
[0.425s] -- Override CMake install command with custom implementation using symlinks instead of copying resources
[0.496s] -- Configuring done
[0.505s] -- Generating done
[0.507s] -- Build files have been written to: /home/bwuk/turtlebot3_ws/build/dynamixel_sdk
[0.512s] Invoked command in '/home/bwuk/turtlebot3_ws/build/dynamixel_sdk' returned '0': CMAKE_PREFIX_PATH=${CMAKE_PREFIX_PATH}:/home/bwuk/turtlebot3_ws/install/test1:/home/bwuk/turtlebot3_ws/install/turtlebot3_teleop:/home/bwuk/turtlebot3_ws/install/turtlebot3_example:/opt/ros/foxy /usr/bin/cmake /home/bwuk/turtlebot3_ws/src/utils/DynamixelSDK/dynamixel_sdk -DAMENT_CMAKE_SYMLINK_INSTALL=1 -DCMAKE_INSTALL_PREFIX=/home/bwuk/turtlebot3_ws/install/dynamixel_sdk
[0.515s] Invoking command in '/home/bwuk/turtlebot3_ws/build/dynamixel_sdk': CMAKE_PREFIX_PATH=${CMAKE_PREFIX_PATH}:/home/bwuk/turtlebot3_ws/install/test1:/home/bwuk/turtlebot3_ws/install/turtlebot3_teleop:/home/bwuk/turtlebot3_ws/install/turtlebot3_example:/opt/ros/foxy /usr/bin/cmake --build /home/bwuk/turtlebot3_ws/build/dynamixel_sdk -- -j8 -l8
[0.590s] [100%] Built target dynamixel_sdk
[0.605s] Invoked command in '/home/bwuk/turtlebot3_ws/build/dynamixel_sdk' returned '0': CMAKE_PREFIX_PATH=${CMAKE_PREFIX_PATH}:/home/bwuk/turtlebot3_ws/install/test1:/home/bwuk/turtlebot3_ws/install/turtlebot3_teleop:/home/bwuk/turtlebot3_ws/install/turtlebot3_example:/opt/ros/foxy /usr/bin/cmake --build /home/bwuk/turtlebot3_ws/build/dynamixel_sdk -- -j8 -l8
[0.681s] Invoking command in '/home/bwuk/turtlebot3_ws/build/dynamixel_sdk': CMAKE_PREFIX_PATH=${CMAKE_PREFIX_PATH}:/home/bwuk/turtlebot3_ws/install/test1:/home/bwuk/turtlebot3_ws/install/turtlebot3_teleop:/home/bwuk/turtlebot3_ws/install/turtlebot3_example:/opt/ros/foxy /usr/bin/cmake --install /home/bwuk/turtlebot3_ws/build/dynamixel_sdk
[0.692s] -- Install configuration: ""
[0.692s] -- Execute custom install script
[0.693s] -- Symlinking: /home/bwuk/turtlebot3_ws/install/dynamixel_sdk/include//dynamixel_sdk/dynamixel_sdk.h
[0.708s] -- Symlinking: /home/bwuk/turtlebot3_ws/install/dynamixel_sdk/include//dynamixel_sdk/group_bulk_read.h
[0.724s] -- Symlinking: /home/bwuk/turtlebot3_ws/install/dynamixel_sdk/include//dynamixel_sdk/group_bulk_write.h
[0.736s] -- Symlinking: /home/bwuk/turtlebot3_ws/install/dynamixel_sdk/include//dynamixel_sdk/group_sync_read.h
[0.751s] -- Symlinking: /home/bwuk/turtlebot3_ws/install/dynamixel_sdk/include//dynamixel_sdk/group_sync_write.h
[0.764s] -- Symlinking: /home/bwuk/turtlebot3_ws/install/dynamixel_sdk/include//dynamixel_sdk/packet_handler.h
[0.776s] -- Symlinking: /home/bwuk/turtlebot3_ws/install/dynamixel_sdk/include//dynamixel_sdk/port_handler.h
[0.788s] -- Symlinking: /home/bwuk/turtlebot3_ws/install/dynamixel_sdk/include//dynamixel_sdk/port_handler_arduino.h
[0.801s] -- Symlinking: /home/bwuk/turtlebot3_ws/install/dynamixel_sdk/include//dynamixel_sdk/port_handler_linux.h
[0.814s] -- Symlinking: /home/bwuk/turtlebot3_ws/install/dynamixel_sdk/include//dynamixel_sdk/port_handler_mac.h
[0.826s] -- Symlinking: /home/bwuk/turtlebot3_ws/install/dynamixel_sdk/include//dynamixel_sdk/port_handler_windows.h
[0.841s] -- Symlinking: /home/bwuk/turtlebot3_ws/install/dynamixel_sdk/include//dynamixel_sdk/protocol1_packet_handler.h
[0.857s] -- Symlinking: /home/bwuk/turtlebot3_ws/install/dynamixel_sdk/include//dynamixel_sdk/protocol2_packet_handler.h
[0.870s] -- Symlinking: /home/bwuk/turtlebot3_ws/install/dynamixel_sdk/lib/libdynamixel_sdk.so
[0.886s] -- Symlinking: /home/bwuk/turtlebot3_ws/install/dynamixel_sdk/share/dynamixel_sdk/environment/library_path.sh
[0.900s] -- Symlinking: /home/bwuk/turtlebot3_ws/install/dynamixel_sdk/share/dynamixel_sdk/environment/library_path.dsv
[0.914s] -- Symlinking: /home/bwuk/turtlebot3_ws/install/dynamixel_sdk/share/ament_index/resource_index/package_run_dependencies/dynamixel_sdk
[0.927s] -- Symlinking: /home/bwuk/turtlebot3_ws/install/dynamixel_sdk/share/ament_index/resource_index/parent_prefix_path/dynamixel_sdk
[0.940s] -- Symlinking: /home/bwuk/turtlebot3_ws/install/dynamixel_sdk/share/dynamixel_sdk/environment/ament_prefix_path.sh
[0.953s] -- Symlinking: /home/bwuk/turtlebot3_ws/install/dynamixel_sdk/share/dynamixel_sdk/environment/ament_prefix_path.dsv
[0.965s] -- Symlinking: /home/bwuk/turtlebot3_ws/install/dynamixel_sdk/share/dynamixel_sdk/environment/path.sh
[0.978s] -- Symlinking: /home/bwuk/turtlebot3_ws/install/dynamixel_sdk/share/dynamixel_sdk/environment/path.dsv
[0.992s] -- Symlinking: /home/bwuk/turtlebot3_ws/install/dynamixel_sdk/share/dynamixel_sdk/local_setup.bash
[1.004s] -- Symlinking: /home/bwuk/turtlebot3_ws/install/dynamixel_sdk/share/dynamixel_sdk/local_setup.sh
[1.017s] -- Symlinking: /home/bwuk/turtlebot3_ws/install/dynamixel_sdk/share/dynamixel_sdk/local_setup.zsh
[1.029s] -- Symlinking: /home/bwuk/turtlebot3_ws/install/dynamixel_sdk/share/dynamixel_sdk/local_setup.dsv
[1.039s] -- Symlinking: /home/bwuk/turtlebot3_ws/install/dynamixel_sdk/share/dynamixel_sdk/package.dsv
[1.052s] -- Symlinking: /home/bwuk/turtlebot3_ws/install/dynamixel_sdk/share/ament_index/resource_index/packages/dynamixel_sdk
[1.064s] -- Symlinking: /home/bwuk/turtlebot3_ws/install/dynamixel_sdk/share/dynamixel_sdk/cmake/ament_cmake_export_include_directories-extras.cmake
[1.078s] -- Symlinking: /home/bwuk/turtlebot3_ws/install/dynamixel_sdk/share/dynamixel_sdk/cmake/ament_cmake_export_libraries-extras.cmake
[1.090s] -- Symlinking: /home/bwuk/turtlebot3_ws/install/dynamixel_sdk/share/dynamixel_sdk/cmake/dynamixel_sdkConfig.cmake
[1.103s] -- Symlinking: /home/bwuk/turtlebot3_ws/install/dynamixel_sdk/share/dynamixel_sdk/cmake/dynamixel_sdkConfig-version.cmake
[1.116s] -- Symlinking: /home/bwuk/turtlebot3_ws/install/dynamixel_sdk/share/dynamixel_sdk/package.xml
[1.132s] Invoked command in '/home/bwuk/turtlebot3_ws/build/dynamixel_sdk' returned '0': CMAKE_PREFIX_PATH=${CMAKE_PREFIX_PATH}:/home/bwuk/turtlebot3_ws/install/test1:/home/bwuk/turtlebot3_ws/install/turtlebot3_teleop:/home/bwuk/turtlebot3_ws/install/turtlebot3_example:/opt/ros/foxy /usr/bin/cmake --install /home/bwuk/turtlebot3_ws/build/dynamixel_sdk
