[0.245s] Invoking command in '/home/bwuk/turtlebot3_ws/src/py_pubsub': PYTHONPATH=/home/bwuk/turtlebot3_ws/install/py_pubsub/lib/python3.8/site-packages:${PYTHONPATH} /usr/bin/python3 setup.py egg_info --egg-base ../../build/py_pubsub build --build-base /home/bwuk/turtlebot3_ws/build/py_pubsub/build install --prefix /home/bwuk/turtlebot3_ws/install/py_pubsub --record /home/bwuk/turtlebot3_ws/build/py_pubsub/install.log --single-version-externally-managed
[0.461s] running egg_info
[0.462s] creating ../../build/py_pubsub/py_pubsub.egg-info
[0.462s] writing ../../build/py_pubsub/py_pubsub.egg-info/PKG-INFO
[0.462s] writing dependency_links to ../../build/py_pubsub/py_pubsub.egg-info/dependency_links.txt
[0.463s] writing entry points to ../../build/py_pubsub/py_pubsub.egg-info/entry_points.txt
[0.463s] writing requirements to ../../build/py_pubsub/py_pubsub.egg-info/requires.txt
[0.463s] writing top-level names to ../../build/py_pubsub/py_pubsub.egg-info/top_level.txt
[0.465s] writing manifest file '../../build/py_pubsub/py_pubsub.egg-info/SOURCES.txt'
[0.498s] reading manifest file '../../build/py_pubsub/py_pubsub.egg-info/SOURCES.txt'
[0.498s] writing manifest file '../../build/py_pubsub/py_pubsub.egg-info/SOURCES.txt'
[0.499s] running build
[0.499s] running build_py
[0.499s] creating /home/bwuk/turtlebot3_ws/build/py_pubsub/build
[0.499s] creating /home/bwuk/turtlebot3_ws/build/py_pubsub/build/lib
[0.500s] creating /home/bwuk/turtlebot3_ws/build/py_pubsub/build/lib/py_pubsub
[0.500s] copying py_pubsub/subscriber_member_function.py -> /home/bwuk/turtlebot3_ws/build/py_pubsub/build/lib/py_pubsub
[0.500s] copying py_pubsub/publisher_member_function.py -> /home/bwuk/turtlebot3_ws/build/py_pubsub/build/lib/py_pubsub
[0.500s] copying py_pubsub/__init__.py -> /home/bwuk/turtlebot3_ws/build/py_pubsub/build/lib/py_pubsub
[0.500s] running install
[0.501s] running install_lib
[0.502s] creating /home/bwuk/turtlebot3_ws/install/py_pubsub/lib/python3.8/site-packages/py_pubsub
[0.502s] copying /home/bwuk/turtlebot3_ws/build/py_pubsub/build/lib/py_pubsub/subscriber_member_function.py -> /home/bwuk/turtlebot3_ws/install/py_pubsub/lib/python3.8/site-packages/py_pubsub
[0.502s] copying /home/bwuk/turtlebot3_ws/build/py_pubsub/build/lib/py_pubsub/publisher_member_function.py -> /home/bwuk/turtlebot3_ws/install/py_pubsub/lib/python3.8/site-packages/py_pubsub
[0.503s] copying /home/bwuk/turtlebot3_ws/build/py_pubsub/build/lib/py_pubsub/__init__.py -> /home/bwuk/turtlebot3_ws/install/py_pubsub/lib/python3.8/site-packages/py_pubsub
[0.503s] byte-compiling /home/bwuk/turtlebot3_ws/install/py_pubsub/lib/python3.8/site-packages/py_pubsub/subscriber_member_function.py to subscriber_member_function.cpython-38.pyc
[0.504s] byte-compiling /home/bwuk/turtlebot3_ws/install/py_pubsub/lib/python3.8/site-packages/py_pubsub/publisher_member_function.py to publisher_member_function.cpython-38.pyc
[0.505s] byte-compiling /home/bwuk/turtlebot3_ws/install/py_pubsub/lib/python3.8/site-packages/py_pubsub/__init__.py to __init__.cpython-38.pyc
[0.505s] running install_data
[0.506s] creating /home/bwuk/turtlebot3_ws/install/py_pubsub/share/ament_index
[0.506s] creating /home/bwuk/turtlebot3_ws/install/py_pubsub/share/ament_index/resource_index
[0.506s] creating /home/bwuk/turtlebot3_ws/install/py_pubsub/share/ament_index/resource_index/packages
[0.506s] copying resource/py_pubsub -> /home/bwuk/turtlebot3_ws/install/py_pubsub/share/ament_index/resource_index/packages
[0.506s] copying package.xml -> /home/bwuk/turtlebot3_ws/install/py_pubsub/share/py_pubsub
[0.507s] running install_egg_info
[0.508s] Copying ../../build/py_pubsub/py_pubsub.egg-info to /home/bwuk/turtlebot3_ws/install/py_pubsub/lib/python3.8/site-packages/py_pubsub-0.0.0-py3.8.egg-info
[0.509s] running install_scripts
[0.528s] Installing listener script to /home/bwuk/turtlebot3_ws/install/py_pubsub/lib/py_pubsub
[0.528s] Installing talker script to /home/bwuk/turtlebot3_ws/install/py_pubsub/lib/py_pubsub
[0.528s] writing list of installed files to '/home/bwuk/turtlebot3_ws/build/py_pubsub/install.log'
[0.549s] Invoked command in '/home/bwuk/turtlebot3_ws/src/py_pubsub' returned '0': PYTHONPATH=/home/bwuk/turtlebot3_ws/install/py_pubsub/lib/python3.8/site-packages:${PYTHONPATH} /usr/bin/python3 setup.py egg_info --egg-base ../../build/py_pubsub build --build-base /home/bwuk/turtlebot3_ws/build/py_pubsub/build install --prefix /home/bwuk/turtlebot3_ws/install/py_pubsub --record /home/bwuk/turtlebot3_ws/build/py_pubsub/install.log --single-version-externally-managed
