[0.286s] Invoking command in '/home/bwuk/turtlebot3_ws/src/py_pubsub': PYTHONPATH=/home/bwuk/turtlebot3_ws/install/py_pubsub/lib/python3.8/site-packages:${PYTHONPATH} /usr/bin/python3 setup.py egg_info --egg-base ../../build/py_pubsub build --build-base /home/bwuk/turtlebot3_ws/build/py_pubsub/build install --prefix /home/bwuk/turtlebot3_ws/install/py_pubsub --record /home/bwuk/turtlebot3_ws/build/py_pubsub/install.log --single-version-externally-managed
[0.566s] running egg_info
[0.567s] writing ../../build/py_pubsub/py_pubsub.egg-info/PKG-INFO
[0.567s] writing dependency_links to ../../build/py_pubsub/py_pubsub.egg-info/dependency_links.txt
[0.567s] writing entry points to ../../build/py_pubsub/py_pubsub.egg-info/entry_points.txt
[0.568s] writing requirements to ../../build/py_pubsub/py_pubsub.egg-info/requires.txt
[0.568s] writing top-level names to ../../build/py_pubsub/py_pubsub.egg-info/top_level.txt
[0.613s] reading manifest file '../../build/py_pubsub/py_pubsub.egg-info/SOURCES.txt'
[0.614s] writing manifest file '../../build/py_pubsub/py_pubsub.egg-info/SOURCES.txt'
[0.615s] running build
[0.615s] running build_py
[0.615s] copying py_pubsub/subscriber_member_function.py -> /home/bwuk/turtlebot3_ws/build/py_pubsub/build/lib/py_pubsub
[0.615s] running install
[0.616s] running install_lib
[0.617s] copying /home/bwuk/turtlebot3_ws/build/py_pubsub/build/lib/py_pubsub/subscriber_member_function.py -> /home/bwuk/turtlebot3_ws/install/py_pubsub/lib/python3.8/site-packages/py_pubsub
[0.618s] byte-compiling /home/bwuk/turtlebot3_ws/install/py_pubsub/lib/python3.8/site-packages/py_pubsub/subscriber_member_function.py to subscriber_member_function.cpython-38.pyc
[0.619s] Sorry: TabError: inconsistent use of tabs and spaces in indentation (subscriber_member_function.py, line 35)
[0.620s] running install_data
[0.620s] running install_egg_info
[0.622s] removing '/home/bwuk/turtlebot3_ws/install/py_pubsub/lib/python3.8/site-packages/py_pubsub-0.0.0-py3.8.egg-info' (and everything under it)
[0.623s] Copying ../../build/py_pubsub/py_pubsub.egg-info to /home/bwuk/turtlebot3_ws/install/py_pubsub/lib/python3.8/site-packages/py_pubsub-0.0.0-py3.8.egg-info
[0.624s] running install_scripts
[0.651s] Installing listener script to /home/bwuk/turtlebot3_ws/install/py_pubsub/lib/py_pubsub
[0.652s] Installing talker script to /home/bwuk/turtlebot3_ws/install/py_pubsub/lib/py_pubsub
[0.652s] writing list of installed files to '/home/bwuk/turtlebot3_ws/build/py_pubsub/install.log'
[0.678s] Invoked command in '/home/bwuk/turtlebot3_ws/src/py_pubsub' returned '0': PYTHONPATH=/home/bwuk/turtlebot3_ws/install/py_pubsub/lib/python3.8/site-packages:${PYTHONPATH} /usr/bin/python3 setup.py egg_info --egg-base ../../build/py_pubsub build --build-base /home/bwuk/turtlebot3_ws/build/py_pubsub/build install --prefix /home/bwuk/turtlebot3_ws/install/py_pubsub --record /home/bwuk/turtlebot3_ws/build/py_pubsub/install.log --single-version-externally-managed
