[0.033s] Invoking command in '/home/bwuk/turtlebot3_ws/src/build/turtlebot3_navigation2': CMAKE_PREFIX_PATH=/opt/ros/foxy /usr/bin/cmake /home/bwuk/turtlebot3_ws/src/turtlebot3/turtlebot3_navigation2 -DAMENT_CMAKE_SYMLINK_INSTALL=1 -DCMAKE_INSTALL_PREFIX=/home/bwuk/turtlebot3_ws/src/install/turtlebot3_navigation2
[0.309s] -- The C compiler identification is GNU 9.3.0
[0.310s] -- The CXX compiler identification is GNU 9.3.0
[0.319s] -- Check for working C compiler: /usr/bin/cc
[0.415s] -- Check for working C compiler: /usr/bin/cc -- works
[0.417s] -- Detecting C compiler ABI info
[0.504s] -- Detecting C compiler ABI info - done
[0.519s] -- Detecting C compile features
[0.519s] -- Detecting C compile features - done
[0.522s] -- Check for working CXX compiler: /usr/bin/c++
[0.641s] -- Check for working CXX compiler: /usr/bin/c++ -- works
[0.643s] -- Detecting CXX compiler ABI info
[0.744s] -- Detecting CXX compiler ABI info - done
[0.760s] -- Detecting CXX compile features
[0.760s] -- Detecting CXX compile features - done
[0.763s] -- Found ament_cmake: 0.9.8 (/opt/ros/foxy/share/ament_cmake/cmake)
[0.791s] -- Found PythonInterp: /usr/bin/python3 (found suitable version "3.8.5", minimum required is "3") 
[0.791s] -- Using PYTHON_EXECUTABLE: /usr/bin/python3
[0.991s] -- Override CMake install command with custom implementation using symlinks instead of copying resources
[1.092s] -- Configuring done
[1.094s] -- Generating done
[1.095s] -- Build files have been written to: /home/bwuk/turtlebot3_ws/src/build/turtlebot3_navigation2
[1.099s] Invoked command in '/home/bwuk/turtlebot3_ws/src/build/turtlebot3_navigation2' returned '0': CMAKE_PREFIX_PATH=/opt/ros/foxy /usr/bin/cmake /home/bwuk/turtlebot3_ws/src/turtlebot3/turtlebot3_navigation2 -DAMENT_CMAKE_SYMLINK_INSTALL=1 -DCMAKE_INSTALL_PREFIX=/home/bwuk/turtlebot3_ws/src/install/turtlebot3_navigation2
[1.102s] Invoking command in '/home/bwuk/turtlebot3_ws/src/build/turtlebot3_navigation2': CMAKE_PREFIX_PATH=/opt/ros/foxy /usr/bin/cmake --build /home/bwuk/turtlebot3_ws/src/build/turtlebot3_navigation2 -- -j8 -l8
[1.148s] Invoked command in '/home/bwuk/turtlebot3_ws/src/build/turtlebot3_navigation2' returned '0': CMAKE_PREFIX_PATH=/opt/ros/foxy /usr/bin/cmake --build /home/bwuk/turtlebot3_ws/src/build/turtlebot3_navigation2 -- -j8 -l8
[1.188s] Invoking command in '/home/bwuk/turtlebot3_ws/src/build/turtlebot3_navigation2': CMAKE_PREFIX_PATH=/opt/ros/foxy /usr/bin/cmake --install /home/bwuk/turtlebot3_ws/src/build/turtlebot3_navigation2
[1.199s] -- Install configuration: ""
[1.203s] -- Execute custom install script
[1.203s] -- Symlinking: /home/bwuk/turtlebot3_ws/src/install/turtlebot3_navigation2/share/turtlebot3_navigation2/launch/navigation2.launch.py
[1.214s] -- Symlinking: /home/bwuk/turtlebot3_ws/src/install/turtlebot3_navigation2/share/turtlebot3_navigation2/map/turtlebot3_world.pgm
[1.225s] -- Symlinking: /home/bwuk/turtlebot3_ws/src/install/turtlebot3_navigation2/share/turtlebot3_navigation2/map/turtlebot3_world.yaml
[1.235s] -- Symlinking: /home/bwuk/turtlebot3_ws/src/install/turtlebot3_navigation2/share/turtlebot3_navigation2/param/burger.yaml
[1.247s] -- Symlinking: /home/bwuk/turtlebot3_ws/src/install/turtlebot3_navigation2/share/turtlebot3_navigation2/param/waffle.yaml
[1.258s] -- Symlinking: /home/bwuk/turtlebot3_ws/src/install/turtlebot3_navigation2/share/turtlebot3_navigation2/param/waffle_pi.yaml
[1.268s] -- Symlinking: /home/bwuk/turtlebot3_ws/src/install/turtlebot3_navigation2/share/turtlebot3_navigation2/rviz/tb3_navigation2.rviz
[1.280s] -- Symlinking: /home/bwuk/turtlebot3_ws/src/install/turtlebot3_navigation2/share/ament_index/resource_index/package_run_dependencies/turtlebot3_navigation2
[1.291s] -- Symlinking: /home/bwuk/turtlebot3_ws/src/install/turtlebot3_navigation2/share/ament_index/resource_index/parent_prefix_path/turtlebot3_navigation2
[1.302s] -- Symlinking: /home/bwuk/turtlebot3_ws/src/install/turtlebot3_navigation2/share/turtlebot3_navigation2/environment/ament_prefix_path.sh
[1.314s] -- Symlinking: /home/bwuk/turtlebot3_ws/src/install/turtlebot3_navigation2/share/turtlebot3_navigation2/environment/ament_prefix_path.dsv
[1.324s] -- Symlinking: /home/bwuk/turtlebot3_ws/src/install/turtlebot3_navigation2/share/turtlebot3_navigation2/environment/path.sh
[1.335s] -- Symlinking: /home/bwuk/turtlebot3_ws/src/install/turtlebot3_navigation2/share/turtlebot3_navigation2/environment/path.dsv
[1.345s] -- Symlinking: /home/bwuk/turtlebot3_ws/src/install/turtlebot3_navigation2/share/turtlebot3_navigation2/local_setup.bash
[1.355s] -- Symlinking: /home/bwuk/turtlebot3_ws/src/install/turtlebot3_navigation2/share/turtlebot3_navigation2/local_setup.sh
[1.365s] -- Symlinking: /home/bwuk/turtlebot3_ws/src/install/turtlebot3_navigation2/share/turtlebot3_navigation2/local_setup.zsh
[1.375s] -- Symlinking: /home/bwuk/turtlebot3_ws/src/install/turtlebot3_navigation2/share/turtlebot3_navigation2/local_setup.dsv
[1.385s] -- Symlinking: /home/bwuk/turtlebot3_ws/src/install/turtlebot3_navigation2/share/turtlebot3_navigation2/package.dsv
[1.394s] -- Symlinking: /home/bwuk/turtlebot3_ws/src/install/turtlebot3_navigation2/share/ament_index/resource_index/packages/turtlebot3_navigation2
[1.404s] -- Symlinking: /home/bwuk/turtlebot3_ws/src/install/turtlebot3_navigation2/share/turtlebot3_navigation2/cmake/turtlebot3_navigation2Config.cmake
[1.418s] -- Symlinking: /home/bwuk/turtlebot3_ws/src/install/turtlebot3_navigation2/share/turtlebot3_navigation2/cmake/turtlebot3_navigation2Config-version.cmake
[1.428s] -- Symlinking: /home/bwuk/turtlebot3_ws/src/install/turtlebot3_navigation2/share/turtlebot3_navigation2/package.xml
[1.440s] Invoked command in '/home/bwuk/turtlebot3_ws/src/build/turtlebot3_navigation2' returned '0': CMAKE_PREFIX_PATH=/opt/ros/foxy /usr/bin/cmake --install /home/bwuk/turtlebot3_ws/src/build/turtlebot3_navigation2
