[0.020s] Invoking command in '/home/bwuk/turtlebot3_ws/build/turtlebot3_simulations': CMAKE_PREFIX_PATH=/home/bwuk/turtlebot3_ws/install/turtlebot3_gazebo:/home/bwuk/turtlebot3_ws/install/turtlebot3_fake_node:/home/bwuk/turtlebot3_ws/install/hls_lfcd_lds_driver:/home/bwuk/turtlebot3_ws/install/dynamixel_sdk:/home/bwuk/turtlebot3_ws/install/turtlebot3_simulations:/home/bwuk/turtlebot3_ws/install/turtlebot3:/home/bwuk/turtlebot3_ws/install/turtlebot3_bringup:/home/bwuk/turtlebot3_ws/install/turtlebot3_node:/home/bwuk/turtlebot3_ws/install/turtlebot3_navigation2:/home/bwuk/turtlebot3_ws/install/turtlebot3_msgs:/home/bwuk/turtlebot3_ws/install/turtlebot3_description:/home/bwuk/turtlebot3_ws/install/turtlebot3_cartographer:/home/bwuk/turtlebot3_ws/install/test1:/home/bwuk/turtlebot3_ws/install/turtlebot3_teleop:/home/bwuk/turtlebot3_ws/install/turtlebot3_example:/opt/ros/foxy /usr/bin/cmake --build /home/bwuk/turtlebot3_ws/build/turtlebot3_simulations -- -j8 -l8
[0.060s] -- Found ament_cmake: 0.9.8 (/opt/ros/foxy/share/ament_cmake/cmake)
[0.117s] -- Using PYTHON_EXECUTABLE: /usr/bin/python3
[0.422s] -- Override CMake install command with custom implementation using symlinks instead of copying resources
[0.512s] -- Configuring done
[0.516s] -- Generating done
[0.517s] -- Build files have been written to: /home/bwuk/turtlebot3_ws/build/turtlebot3_simulations
[0.541s] Invoked command in '/home/bwuk/turtlebot3_ws/build/turtlebot3_simulations' returned '0': CMAKE_PREFIX_PATH=/home/bwuk/turtlebot3_ws/install/turtlebot3_gazebo:/home/bwuk/turtlebot3_ws/install/turtlebot3_fake_node:/home/bwuk/turtlebot3_ws/install/hls_lfcd_lds_driver:/home/bwuk/turtlebot3_ws/install/dynamixel_sdk:/home/bwuk/turtlebot3_ws/install/turtlebot3_simulations:/home/bwuk/turtlebot3_ws/install/turtlebot3:/home/bwuk/turtlebot3_ws/install/turtlebot3_bringup:/home/bwuk/turtlebot3_ws/install/turtlebot3_node:/home/bwuk/turtlebot3_ws/install/turtlebot3_navigation2:/home/bwuk/turtlebot3_ws/install/turtlebot3_msgs:/home/bwuk/turtlebot3_ws/install/turtlebot3_description:/home/bwuk/turtlebot3_ws/install/turtlebot3_cartographer:/home/bwuk/turtlebot3_ws/install/test1:/home/bwuk/turtlebot3_ws/install/turtlebot3_teleop:/home/bwuk/turtlebot3_ws/install/turtlebot3_example:/opt/ros/foxy /usr/bin/cmake --build /home/bwuk/turtlebot3_ws/build/turtlebot3_simulations -- -j8 -l8
[0.567s] Invoking command in '/home/bwuk/turtlebot3_ws/build/turtlebot3_simulations': CMAKE_PREFIX_PATH=/home/bwuk/turtlebot3_ws/install/turtlebot3_gazebo:/home/bwuk/turtlebot3_ws/install/turtlebot3_fake_node:/home/bwuk/turtlebot3_ws/install/hls_lfcd_lds_driver:/home/bwuk/turtlebot3_ws/install/dynamixel_sdk:/home/bwuk/turtlebot3_ws/install/turtlebot3_simulations:/home/bwuk/turtlebot3_ws/install/turtlebot3:/home/bwuk/turtlebot3_ws/install/turtlebot3_bringup:/home/bwuk/turtlebot3_ws/install/turtlebot3_node:/home/bwuk/turtlebot3_ws/install/turtlebot3_navigation2:/home/bwuk/turtlebot3_ws/install/turtlebot3_msgs:/home/bwuk/turtlebot3_ws/install/turtlebot3_description:/home/bwuk/turtlebot3_ws/install/turtlebot3_cartographer:/home/bwuk/turtlebot3_ws/install/test1:/home/bwuk/turtlebot3_ws/install/turtlebot3_teleop:/home/bwuk/turtlebot3_ws/install/turtlebot3_example:/opt/ros/foxy /usr/bin/cmake --install /home/bwuk/turtlebot3_ws/build/turtlebot3_simulations
[0.579s] -- Install configuration: ""
[0.580s] -- Execute custom install script
[0.580s] -- Up-to-date symlink: /home/bwuk/turtlebot3_ws/install/turtlebot3_simulations/share/ament_index/resource_index/package_run_dependencies/turtlebot3_simulations
[0.581s] -- Up-to-date symlink: /home/bwuk/turtlebot3_ws/install/turtlebot3_simulations/share/ament_index/resource_index/parent_prefix_path/turtlebot3_simulations
[0.581s] -- Up-to-date symlink: /home/bwuk/turtlebot3_ws/install/turtlebot3_simulations/share/turtlebot3_simulations/environment/ament_prefix_path.sh
[0.582s] -- Up-to-date symlink: /home/bwuk/turtlebot3_ws/install/turtlebot3_simulations/share/turtlebot3_simulations/environment/ament_prefix_path.dsv
[0.582s] -- Up-to-date symlink: /home/bwuk/turtlebot3_ws/install/turtlebot3_simulations/share/turtlebot3_simulations/environment/path.sh
[0.582s] -- Up-to-date symlink: /home/bwuk/turtlebot3_ws/install/turtlebot3_simulations/share/turtlebot3_simulations/environment/path.dsv
[0.583s] -- Up-to-date symlink: /home/bwuk/turtlebot3_ws/install/turtlebot3_simulations/share/turtlebot3_simulations/local_setup.bash
[0.583s] -- Up-to-date symlink: /home/bwuk/turtlebot3_ws/install/turtlebot3_simulations/share/turtlebot3_simulations/local_setup.sh
[0.584s] -- Up-to-date symlink: /home/bwuk/turtlebot3_ws/install/turtlebot3_simulations/share/turtlebot3_simulations/local_setup.zsh
[0.584s] -- Up-to-date symlink: /home/bwuk/turtlebot3_ws/install/turtlebot3_simulations/share/turtlebot3_simulations/local_setup.dsv
[0.584s] -- Symlinking: /home/bwuk/turtlebot3_ws/install/turtlebot3_simulations/share/turtlebot3_simulations/package.dsv
[0.597s] -- Up-to-date symlink: /home/bwuk/turtlebot3_ws/install/turtlebot3_simulations/share/ament_index/resource_index/packages/turtlebot3_simulations
[0.598s] -- Up-to-date symlink: /home/bwuk/turtlebot3_ws/install/turtlebot3_simulations/share/turtlebot3_simulations/cmake/turtlebot3_simulationsConfig.cmake
[0.598s] -- Up-to-date symlink: /home/bwuk/turtlebot3_ws/install/turtlebot3_simulations/share/turtlebot3_simulations/cmake/turtlebot3_simulationsConfig-version.cmake
[0.598s] -- Up-to-date symlink: /home/bwuk/turtlebot3_ws/install/turtlebot3_simulations/share/turtlebot3_simulations/package.xml
[0.603s] Invoked command in '/home/bwuk/turtlebot3_ws/build/turtlebot3_simulations' returned '0': CMAKE_PREFIX_PATH=/home/bwuk/turtlebot3_ws/install/turtlebot3_gazebo:/home/bwuk/turtlebot3_ws/install/turtlebot3_fake_node:/home/bwuk/turtlebot3_ws/install/hls_lfcd_lds_driver:/home/bwuk/turtlebot3_ws/install/dynamixel_sdk:/home/bwuk/turtlebot3_ws/install/turtlebot3_simulations:/home/bwuk/turtlebot3_ws/install/turtlebot3:/home/bwuk/turtlebot3_ws/install/turtlebot3_bringup:/home/bwuk/turtlebot3_ws/install/turtlebot3_node:/home/bwuk/turtlebot3_ws/install/turtlebot3_navigation2:/home/bwuk/turtlebot3_ws/install/turtlebot3_msgs:/home/bwuk/turtlebot3_ws/install/turtlebot3_description:/home/bwuk/turtlebot3_ws/install/turtlebot3_cartographer:/home/bwuk/turtlebot3_ws/install/test1:/home/bwuk/turtlebot3_ws/install/turtlebot3_teleop:/home/bwuk/turtlebot3_ws/install/turtlebot3_example:/opt/ros/foxy /usr/bin/cmake --install /home/bwuk/turtlebot3_ws/build/turtlebot3_simulations
